Log file open, 06/08/24 11:56:25
LogWindows: Failed to load 'aqProf.dll' (GetLastError=126)
LogWindows: File 'aqProf.dll' does not exist
LogWindows: Failed to load 'VtuneApi.dll' (GetLastError=126)
LogWindows: File 'VtuneApi.dll' does not exist
LogWindows: Failed to load 'VtuneApi32e.dll' (GetLastError=126)
LogWindows: File 'VtuneApi32e.dll' does not exist
LogConsoleResponse: Display: Failed to find resolution value strings in scalability ini. Falling back to default.
LogConsoleResponse: Display: Failed to find resolution value strings in scalability ini. Falling back to default.
LogInit: Display: Running engine for game: TheGame
LogPlatformFile: Not using cached read wrapper
LogTaskGraph: Started task graph with 5 named threads and 23 total threads with 3 sets of task threads.
LogStats: Stats thread started at 0.374635
LogICUInternationalization: ICU TimeZone Detection - Raw Offset: +3:00, Platform Override: ''
LogInit: Display: Loading text-based GConfig....
LogPluginManager: Mounting plugin MeshPainting
LogPluginManager: Mounting plugin XGEController
LogPluginManager: Mounting plugin AISupport
LogPluginManager: Mounting plugin Paper2D
LogPluginManager: Mounting plugin EnvironmentQueryEditor
LogPluginManager: Mounting plugin LightPropagationVolume
LogPluginManager: Mounting plugin CameraShakePreviewer
LogPluginManager: Mounting plugin GameplayCameras
LogPluginManager: Mounting plugin AnimationSharing
LogPluginManager: Mounting plugin CLionSourceCodeAccess
LogPluginManager: Mounting plugin CodeLiteSourceCodeAccess
LogPluginManager: Mounting plugin KDevelopSourceCodeAccess
LogPluginManager: Mounting plugin GitSourceControl
LogPluginManager: Mounting plugin PerforceSourceControl
LogPluginManager: Mounting plugin PixWinPlugin
LogPluginManager: Mounting plugin PlasticSourceControl
LogPluginManager: Mounting plugin PluginUtils
LogPluginManager: Mounting plugin NullSourceCodeAccess
LogPluginManager: Mounting plugin PropertyAccessNode
LogPluginManager: Mounting plugin RiderSourceCodeAccess
LogPluginManager: Mounting plugin TextureFormatOodle
LogPluginManager: Mounting plugin SubversionSourceControl
LogPluginManager: Mounting plugin UObjectPlugin
LogPluginManager: Mounting plugin AssetManagerEditor
LogPluginManager: Mounting plugin CurveEditorTools
LogPluginManager: Mounting plugin DataValidation
LogPluginManager: Mounting plugin FacialAnimation
LogPluginManager: Mounting plugin GameplayTagsEditor
LogPluginManager: Mounting plugin CryptoKeys
LogPluginManager: Mounting plugin LiveLink
LogPluginManager: Mounting plugin PluginBrowser
LogPluginManager: Mounting plugin MobileLauncherProfileWizard
LogPluginManager: Mounting plugin GeometryMode
LogPluginManager: Mounting plugin DatasmithContent
LogPluginManager: Mounting plugin SpeedTreeImporter
LogPluginManager: Mounting plugin VariantManagerContent
LogPluginManager: Mounting plugin AlembicImporter
LogPluginManager: Mounting plugin BackChannel
LogPluginManager: Mounting plugin AutomationUtils
LogPluginManager: Mounting plugin MacGraphicsSwitching
LogPluginManager: Mounting plugin ChaosCloth
LogPluginManager: Mounting plugin ChaosEditor
LogPluginManager: Mounting plugin ChaosClothEditor
LogPluginManager: Mounting plugin ChaosSolverPlugin
LogPluginManager: Mounting plugin CharacterAI
LogPluginManager: Mounting plugin MaterialAnalyzer
LogPluginManager: Mounting plugin ChaosNiagara
LogPluginManager: Mounting plugin GeometryCache
LogPluginManager: Mounting plugin GeometryCollectionPlugin
LogPluginManager: Mounting plugin GeometryProcessing
LogPluginManager: Mounting plugin MotoSynth
LogPluginManager: Mounting plugin OpenImageDenoise
LogPluginManager: Mounting plugin PlatformCrypto
LogPluginManager: Mounting plugin PlanarCut
LogPluginManager: Mounting plugin PythonScriptPlugin
LogPluginManager: Mounting plugin ProxyLODPlugin
LogPluginManager: Mounting plugin SkeletalReduction
LogPluginManager: Mounting plugin Niagara
LogPluginManager: Mounting plugin AndroidMedia
LogPluginManager: Mounting plugin AvfMedia
LogPluginManager: Mounting plugin ImgMedia
LogPluginManager: Mounting plugin MediaCompositing
LogPluginManager: Mounting plugin MediaPlayerEditor
LogPluginManager: Mounting plugin WebMMedia
LogPluginManager: Mounting plugin LuminPlatformFeatures
LogPluginManager: Mounting plugin WmfMedia
LogPluginManager: Mounting plugin MagicLeap
LogPluginManager: Mounting plugin MagicLeapLightEstimation
LogPluginManager: Mounting plugin MagicLeapPassableWorld
LogPluginManager: Mounting plugin MagicLeapMedia
LogPluginManager: Mounting plugin MLSDK
LogPluginManager: Mounting plugin ActorSequence
LogPluginManager: Mounting plugin MatineeToLevelSequence
LogPluginManager: Mounting plugin LevelSequenceEditor
LogPluginManager: Mounting plugin TemplateSequence
LogPluginManager: Mounting plugin TcpMessaging
LogPluginManager: Mounting plugin UdpMessaging
LogPluginManager: Mounting plugin OodleData
LogPluginManager: Mounting plugin OodleNetwork
LogPluginManager: Mounting plugin OnlineSubsystem
LogPluginManager: Mounting plugin OnlineSubsystemNull
LogPluginManager: Mounting plugin ActorLayerUtilities
LogPluginManager: Mounting plugin OnlineSubsystemUtils
LogPluginManager: Mounting plugin LauncherChunkInstaller
LogPluginManager: Mounting plugin AndroidMoviePlayer
LogPluginManager: Mounting plugin AndroidDeviceProfileSelector
LogPluginManager: Mounting plugin AndroidPermission
LogPluginManager: Mounting plugin AssetTags
LogPluginManager: Mounting plugin AudioCapture
LogPluginManager: Mounting plugin AppleMoviePlayer
LogPluginManager: Mounting plugin AppleImageUtils
LogPluginManager: Mounting plugin AudioSynesthesia
LogPluginManager: Mounting plugin ChunkDownloader
LogPluginManager: Mounting plugin CustomMeshComponent
LogPluginManager: Mounting plugin CableComponent
LogPluginManager: Mounting plugin EditableMesh
LogPluginManager: Mounting plugin ExampleDeviceProfileSelector
LogPluginManager: Mounting plugin GooglePAD
LogPluginManager: Mounting plugin GoogleCloudMessaging
LogPluginManager: Mounting plugin LinuxDeviceProfileSelector
LogPluginManager: Mounting plugin LocationServicesBPLibrary
LogPluginManager: Mounting plugin MobilePatchingUtils
LogPluginManager: Mounting plugin IOSDeviceProfileSelector
LogPluginManager: Mounting plugin OpenXRHandTracking
LogPluginManager: Mounting plugin OpenXREyeTracker
LogPluginManager: Mounting plugin OpenXR
LogPluginManager: Mounting plugin PhysXVehicles
LogPluginManager: Mounting plugin PostSplashScreen
LogPluginManager: Mounting plugin ProceduralMeshComponent
LogPluginManager: Mounting plugin PropertyAccessEditor
LogPluginManager: Mounting plugin RuntimePhysXCooking
LogPluginManager: Mounting plugin SoundFields
LogPluginManager: Mounting plugin SignificanceManager
LogPluginManager: Mounting plugin Synthesis
LogPluginManager: Mounting plugin WebMMoviePlayer
LogPluginManager: Mounting plugin WindowsMoviePlayer
LogPluginManager: Mounting plugin ScreenshotTools
LogPluginManager: Mounting plugin VisualStudioCodeSourceCodeAccess
LogPluginManager: Mounting plugin VisualStudioSourceCodeAccess
LogPluginManager: Mounting plugin XCodeSourceCodeAccess
LogPluginManager: Mounting plugin Takes
LogPluginManager: Mounting plugin ArchVisCharacter
LogPluginManager: Mounting plugin ContentBrowserClassDataSource
LogPluginManager: Mounting plugin ContentBrowserFileDataSource
LogPluginManager: Mounting plugin ContentBrowserAssetDataSource
LogPluginManager: Mounting plugin OnlineSubsystemGooglePlay
LogPluginManager: Mounting plugin OnlineSubsystemIOS
LogPluginManager: Mounting plugin OculusVR
LogPluginManager: Mounting plugin SteamVR
PixWinPlugin: PIX capture plugin failed to initialize! Check that the process is launched from PIX.
LogInit: Using libcurl 7.55.1-DEV
LogInit:  - built for x86_64-pc-win32
LogInit:  - supports SSL with OpenSSL/1.1.1
LogInit:  - supports HTTP deflate (compression) using libz 1.2.8
LogInit:  - other features:
LogInit:      CURL_VERSION_SSL
LogInit:      CURL_VERSION_LIBZ
LogInit:      CURL_VERSION_IPV6
LogInit:      CURL_VERSION_ASYNCHDNS
LogInit:      CURL_VERSION_LARGEFILE
LogInit:      CURL_VERSION_IDN
LogInit:  CurlRequestOptions (configurable via config and command line):
LogInit:  - bVerifyPeer = true  - Libcurl will verify peer certificate
LogInit:  - bUseHttpProxy = false  - Libcurl will NOT use HTTP proxy
LogInit:  - bDontReuseConnections = false  - Libcurl will reuse connections
LogInit:  - MaxHostConnections = 16  - Libcurl will limit the number of connections to a host
LogInit:  - LocalHostAddr = Default
LogInit:  - BufferSize = 65536
LogOnline: OSS: Creating online subsystem instance for: NULL
LogInit: WinSock: version 1.1 (2.2), MaxSocks=32767, MaxUdp=65467
LogOnline: OSS: TryLoadSubsystemAndSetDefault: Loaded subsystem for module [NULL]
LogOculusPluginWrapper: OculusPlugin initialized successfully
LogHMD: Failed initializing OVRPlugin 1.59.0
LogInit: Build: ++UE4+Release-4.27-CL-18319896
LogInit: Engine Version: 4.27.2-18319896+++UE4+Release-4.27
LogInit: Compatible Engine Version: 4.27.0-17155196+++UE4+Release-4.27
LogInit: Net CL: 17155196
LogInit: OS: Windows 10 (Release 2009) (), CPU: 11th Gen Intel(R) Core(TM) i5-11320H @ 3.20GHz, GPU: Intel(R) Iris(R) Xe Graphics
LogInit: Compiled (64-bit): Nov 30 2021 07:12:08
LogInit: Compiled with Visual C++: 19.24.28315.00
LogInit: Build Configuration: Development
LogInit: Branch Name: ++UE4+Release-4.27
LogInit: Command Line: 
LogInit: Base Directory: D:/Epic_Game/UE_4.27/Engine/Binaries/Win64/
LogInit: Allocator: TBB
LogInit: Installed Engine Build: 1
LogDevObjectVersion: Number of dev versions registered: 29
LogDevObjectVersion:   Dev-Blueprints (B0D832E4-1F89-4F0D-ACCF-7EB736FD4AA2): 10
LogDevObjectVersion:   Dev-Build (E1C64328-A22C-4D53-A36C-8E866417BD8C): 0
LogDevObjectVersion:   Dev-Core (375EC13C-06E4-48FB-B500-84F0262A717E): 4
LogDevObjectVersion:   Dev-Editor (E4B068ED-F494-42E9-A231-DA0B2E46BB41): 40
LogDevObjectVersion:   Dev-Framework (CFFC743F-43B0-4480-9391-14DF171D2073): 37
LogDevObjectVersion:   Dev-Mobile (B02B49B5-BB20-44E9-A304-32B752E40360): 3
LogDevObjectVersion:   Dev-Networking (A4E4105C-59A1-49B5-A7C5-40C4547EDFEE): 0
LogDevObjectVersion:   Dev-Online (39C831C9-5AE6-47DC-9A44-9C173E1C8E7C): 0
LogDevObjectVersion:   Dev-Physics (78F01B33-EBEA-4F98-B9B4-84EACCB95AA2): 14
LogDevObjectVersion:   Dev-Platform (6631380F-2D4D-43E0-8009-CF276956A95A): 0
LogDevObjectVersion:   Dev-Rendering (12F88B9F-8875-4AFC-A67C-D90C383ABD29): 45
LogDevObjectVersion:   Dev-Sequencer (7B5AE74C-D270-4C10-A958-57980B212A5A): 13
LogDevObjectVersion:   Dev-VR (D7296918-1DD6-4BDD-9DE2-64A83CC13884): 3
LogDevObjectVersion:   Dev-LoadTimes (C2A15278-BFE7-4AFE-6C17-90FF531DF755): 1
LogDevObjectVersion:   Private-Geometry (6EACA3D4-40EC-4CC1-B786-8BED09428FC5): 3
LogDevObjectVersion:   Dev-AnimPhys (29E575DD-E0A3-4627-9D10-D276232CDCEA): 17
LogDevObjectVersion:   Dev-Anim (AF43A65D-7FD3-4947-9873-3E8ED9C1BB05): 15
LogDevObjectVersion:   Dev-ReflectionCapture (6B266CEC-1EC7-4B8F-A30B-E4D90942FC07): 1
LogDevObjectVersion:   Dev-Automation (0DF73D61-A23F-47EA-B727-89E90C41499A): 1
LogDevObjectVersion:   FortniteMain (601D1886-AC64-4F84-AA16-D3DE0DEAC7D6): 47
LogDevObjectVersion:   FortniteRelease (E7086368-6B23-4C58-8439-1B7016265E91): 1
LogDevObjectVersion:   Dev-Enterprise (9DFFBCD6-494F-0158-E221-12823C92A888): 10
LogDevObjectVersion:   Dev-Niagara (F2AED0AC-9AFE-416F-8664-AA7FFA26D6FC): 1
LogDevObjectVersion:   Dev-Destruction (174F1F0B-B4C6-45A5-B13F-2EE8D0FB917D): 10
LogDevObjectVersion:   Dev-Physics-Ext (35F94A83-E258-406C-A318-09F59610247C): 41
LogDevObjectVersion:   Dev-PhysicsMaterial-Chaos (B68FC16E-8B1B-42E2-B453-215C058844FE): 1
LogDevObjectVersion:   Dev-CineCamera (B2E18506-4273-CFC2-A54E-F4BB758BBA07): 1
LogDevObjectVersion:   Dev-VirtualProduction (64F58936-FD1B-42BA-BA96-7289D5D0FA4E): 1
LogDevObjectVersion:   Dev-MediaFramework (6F0ED827-A609-4895-9C91-998D90180EA4): 2
LogInit: Presizing for max 25165824 objects, including 0 objects not considered by GC, pre-allocating 0 bytes for permanent pool.
LogConfig: Applying CVar settings from Section [/Script/Engine.StreamingSettings] File [D:/1game/game/UE/TheGame/Saved/Config/Windows/Engine.ini]
LogConfig: Setting CVar [[s.MinBulkDataSizeForAsyncLoading:131072]]
LogConfig: Setting CVar [[s.AsyncLoadingThreadEnabled:0]]
LogConfig: Setting CVar [[s.EventDrivenLoaderEnabled:1]]
LogConfig: Setting CVar [[s.WarnIfTimeLimitExceeded:0]]
LogConfig: Setting CVar [[s.TimeLimitExceededMultiplier:1.5]]
LogConfig: Setting CVar [[s.TimeLimitExceededMinTime:0.005]]
LogConfig: Setting CVar [[s.UseBackgroundLevelStreaming:1]]
LogConfig: Setting CVar [[s.PriorityAsyncLoadingExtraTime:15.0]]
LogConfig: Setting CVar [[s.LevelStreamingActorsUpdateTimeLimit:5.0]]
LogConfig: Setting CVar [[s.PriorityLevelStreamingActorsUpdateExtraTime:5.0]]
LogConfig: Setting CVar [[s.LevelStreamingComponentsRegistrationGranularity:10]]
LogConfig: Setting CVar [[s.UnregisterComponentsTimeLimit:1.0]]
LogConfig: Setting CVar [[s.LevelStreamingComponentsUnregistrationGranularity:5]]
LogConfig: Setting CVar [[s.FlushStreamingOnExit:1]]
LogInit: Object subsystem initialized
LogConfig: Setting CVar [[con.DebugEarlyDefault:1]]
LogConfig: Setting CVar [[r.setres:1280x720]]
[2024.06.08-08.56.26:023][  0]LogConfig: Setting CVar [[r.VSync:0]]
[2024.06.08-08.56.26:023][  0]LogConfig: Setting CVar [[r.RHICmdBypass:0]]
[2024.06.08-08.56.26:023][  0]LogConfig: Applying CVar settings from Section [/Script/Engine.RendererSettings] File [D:/1game/game/UE/TheGame/Saved/Config/Windows/Engine.ini]
[2024.06.08-08.56.26:023][  0]LogConfig: Setting CVar [[r.GPUCrashDebugging:0]]
[2024.06.08-08.56.26:023][  0]LogConfig: Setting CVar [[r.Mobile.DisableVertexFog:1]]
[2024.06.08-08.56.26:023][  0]LogConfig: Setting CVar [[r.Shadow.CSM.MaxMobileCascades:2]]
[2024.06.08-08.56.26:023][  0]LogConfig: Setting CVar [[r.MobileMSAA:1]]
[2024.06.08-08.56.26:023][  0]LogConfig: Setting CVar [[r.Mobile.AllowDitheredLODTransition:0]]
[2024.06.08-08.56.26:023][  0]LogConfig: Setting CVar [[r.Mobile.AllowSoftwareOcclusion:0]]
[2024.06.08-08.56.26:023][  0]LogConfig: Setting CVar [[r.Mobile.VirtualTextures:0]]
[2024.06.08-08.56.26:023][  0]LogConfig: Setting CVar [[r.DiscardUnusedQuality:0]]
[2024.06.08-08.56.26:023][  0]LogConfig: Setting CVar [[r.AllowOcclusionQueries:1]]
[2024.06.08-08.56.26:023][  0]LogConfig: Setting CVar [[r.MinScreenRadiusForLights:0.030000]]
[2024.06.08-08.56.26:023][  0]LogConfig: Setting CVar [[r.MinScreenRadiusForDepthPrepass:0.030000]]
[2024.06.08-08.56.26:023][  0]LogConfig: Setting CVar [[r.MinScreenRadiusForCSMDepth:0.010000]]
[2024.06.08-08.56.26:023][  0]LogConfig: Setting CVar [[r.PrecomputedVisibilityWarning:0]]
[2024.06.08-08.56.26:023][  0]LogConfig: Setting CVar [[r.TextureStreaming:1]]
[2024.06.08-08.56.26:023][  0]LogConfig: Setting CVar [[Compat.UseDXT5NormalMaps:0]]
[2024.06.08-08.56.26:023][  0]LogConfig: Setting CVar [[r.VirtualTextures:0]]
[2024.06.08-08.56.26:023][  0]LogConfig: Setting CVar [[r.VT.EnableAutoImport:1]]
[2024.06.08-08.56.26:023][  0]LogConfig: Setting CVar [[r.VirtualTexturedLightmaps:0]]
[2024.06.08-08.56.26:023][  0]LogConfig: Setting CVar [[r.VT.TileSize:128]]
[2024.06.08-08.56.26:023][  0]LogConfig: Setting CVar [[r.VT.TileBorderSize:4]]
[2024.06.08-08.56.26:023][  0]LogConfig: Setting CVar [[r.vt.FeedbackFactor:16]]
[2024.06.08-08.56.26:023][  0]LogConfig: Setting CVar [[r.VT.EnableCompressZlib:1]]
[2024.06.08-08.56.26:023][  0]LogConfig: Setting CVar [[r.VT.EnableCompressCrunch:0]]
[2024.06.08-08.56.26:023][  0]LogConfig: Setting CVar [[r.ClearCoatNormal:0]]
[2024.06.08-08.56.26:023][  0]LogConfig: Setting CVar [[r.ReflectionCaptureResolution:128]]
[2024.06.08-08.56.26:023][  0]LogConfig: Setting CVar [[r.Mobile.ReflectionCaptureCompression:0]]
[2024.06.08-08.56.26:023][  0]LogConfig: Setting CVar [[r.ReflectionEnvironmentLightmapMixBasedOnRoughness:1]]
[2024.06.08-08.56.26:023][  0]LogConfig: Setting CVar [[r.ForwardShading:0]]
[2024.06.08-08.56.26:023][  0]LogConfig: Setting CVar [[r.VertexFoggingForOpaque:1]]
[2024.06.08-08.56.26:023][  0]LogConfig: Setting CVar [[r.AllowStaticLighting:1]]
[2024.06.08-08.56.26:023][  0]LogConfig: Setting CVar [[r.NormalMapsForStaticLighting:0]]
[2024.06.08-08.56.26:023][  0]LogConfig: Setting CVar [[r.GenerateMeshDistanceFields:0]]
[2024.06.08-08.56.26:023][  0]LogConfig: Setting CVar [[r.DistanceFieldBuild.EightBit:0]]
[2024.06.08-08.56.26:023][  0]LogConfig: Setting CVar [[r.GenerateLandscapeGIData:0]]
[2024.06.08-08.56.26:023][  0]LogConfig: Setting CVar [[r.DistanceFieldBuild.Compress:0]]
[2024.06.08-08.56.26:023][  0]LogConfig: Setting CVar [[r.TessellationAdaptivePixelsPerTriangle:48.000000]]
[2024.06.08-08.56.26:023][  0]LogConfig: Setting CVar [[r.SeparateTranslucency:1]]
[2024.06.08-08.56.26:023][  0]LogConfig: Setting CVar [[r.TranslucentSortPolicy:0]]
[2024.06.08-08.56.26:023][  0]LogConfig: Setting CVar [[vr.VRS.HMDFixedFoveationLevel:0]]
[2024.06.08-08.56.26:023][  0]LogConfig: Setting CVar [[r.CustomDepth:1]]
[2024.06.08-08.56.26:023][  0]LogConfig: Setting CVar [[r.CustomDepthTemporalAAJitter:1]]
[2024.06.08-08.56.26:023][  0]LogConfig: Setting CVar [[r.PostProcessing.PropagateAlpha:0]]
[2024.06.08-08.56.26:023][  0]LogConfig: Setting CVar [[r.DefaultFeature.Bloom:1]]
[2024.06.08-08.56.26:023][  0]LogConfig: Setting CVar [[r.DefaultFeature.AmbientOcclusion:1]]
[2024.06.08-08.56.26:023][  0]LogConfig: Setting CVar [[r.DefaultFeature.AmbientOcclusionStaticFraction:1]]
[2024.06.08-08.56.26:023][  0]LogConfig: Setting CVar [[r.DefaultFeature.AutoExposure:0]]
[2024.06.08-08.56.26:023][  0]LogConfig: Setting CVar [[r.DefaultFeature.AutoExposure.Method:0]]
[2024.06.08-08.56.26:023][  0]LogConfig: Setting CVar [[r.DefaultFeature.AutoExposure.Bias:1.000000]]
[2024.06.08-08.56.26:023][  0]LogConfig: Setting CVar [[r.DefaultFeature.AutoExposure.ExtendDefaultLuminanceRange:0]]
[2024.06.08-08.56.26:023][  0]LogConfig: Setting CVar [[r.UsePreExposure:1]]
[2024.06.08-08.56.26:023][  0]LogConfig: Setting CVar [[r.EyeAdaptation.EditorOnly:0]]
[2024.06.08-08.56.26:023][  0]LogConfig: Setting CVar [[r.DefaultFeature.MotionBlur:0]]
[2024.06.08-08.56.26:023][  0]LogConfig: Setting CVar [[r.DefaultFeature.LensFlare:0]]
[2024.06.08-08.56.26:023][  0]LogConfig: Setting CVar [[r.TemporalAA.Upsampling:0]]
[2024.06.08-08.56.26:023][  0]LogConfig: Setting CVar [[r.SSGI.Enable:0]]
[2024.06.08-08.56.26:023][  0]LogConfig: Setting CVar [[r.DefaultFeature.AntiAliasing:0]]
[2024.06.08-08.56.26:023][  0]LogConfig: Setting CVar [[r.DefaultFeature.LightUnits:1]]
[2024.06.08-08.56.26:023][  0]LogConfig: Setting CVar [[r.DefaultBackBufferPixelFormat:4]]
[2024.06.08-08.56.26:023][  0]LogConfig: Setting CVar [[r.Shadow.UnbuiltPreviewInGame:1]]
[2024.06.08-08.56.26:023][  0]LogConfig: Setting CVar [[r.StencilForLODDither:0]]
[2024.06.08-08.56.26:023][  0]LogConfig: Setting CVar [[r.EarlyZPass:3]]
[2024.06.08-08.56.26:023][  0]LogConfig: Setting CVar [[r.EarlyZPassOnlyMaterialMasking:0]]
[2024.06.08-08.56.26:023][  0]LogConfig: Setting CVar [[r.DBuffer:1]]
[2024.06.08-08.56.26:023][  0]LogConfig: Setting CVar [[r.ClearSceneMethod:1]]
[2024.06.08-08.56.26:024][  0]LogConfig: Setting CVar [[r.BasePassOutputsVelocity:0]]
[2024.06.08-08.56.26:024][  0]LogConfig: Setting CVar [[r.VertexDeformationOutputsVelocity:0]]
[2024.06.08-08.56.26:024][  0]LogConfig: Setting CVar [[r.SelectiveBasePassOutputs:0]]
[2024.06.08-08.56.26:024][  0]LogConfig: Setting CVar [[fx.GPUSimulationTextureSizeX:1024]]
[2024.06.08-08.56.26:024][  0]LogConfig: Setting CVar [[fx.GPUSimulationTextureSizeY:1024]]
[2024.06.08-08.56.26:024][  0]LogConfig: Setting CVar [[r.AllowGlobalClipPlane:0]]
[2024.06.08-08.56.26:024][  0]LogConfig: Setting CVar [[r.GBufferFormat:1]]
[2024.06.08-08.56.26:024][  0]LogConfig: Setting CVar [[r.MorphTarget.Mode:1]]
[2024.06.08-08.56.26:024][  0]LogConfig: Setting CVar [[vr.InstancedStereo:0]]
[2024.06.08-08.56.26:024][  0]LogConfig: Setting CVar [[r.MobileHDR:1]]
[2024.06.08-08.56.26:024][  0]LogConfig: Setting CVar [[vr.MobileMultiView:0]]
[2024.06.08-08.56.26:024][  0]LogConfig: Setting CVar [[r.Mobile.UseHWsRGBEncoding:0]]
[2024.06.08-08.56.26:024][  0]LogConfig: Setting CVar [[vr.RoundRobinOcclusion:0]]
[2024.06.08-08.56.26:024][  0]LogConfig: Setting CVar [[vr.ODSCapture:0]]
[2024.06.08-08.56.26:024][  0]LogConfig: Setting CVar [[r.MeshStreaming:0]]
[2024.06.08-08.56.26:024][  0]LogConfig: Setting CVar [[r.WireframeCullThreshold:5.000000]]
[2024.06.08-08.56.26:024][  0]LogConfig: Setting CVar [[r.RayTracing:0]]
[2024.06.08-08.56.26:024][  0]LogConfig: Setting CVar [[r.RayTracing.UseTextureLod:0]]
[2024.06.08-08.56.26:024][  0]LogConfig: Setting CVar [[r.SupportStationarySkylight:1]]
[2024.06.08-08.56.26:024][  0]LogConfig: Setting CVar [[r.SupportLowQualityLightmaps:1]]
[2024.06.08-08.56.26:024][  0]LogConfig: Setting CVar [[r.SupportPointLightWholeSceneShadows:1]]
[2024.06.08-08.56.26:024][  0]LogConfig: Setting CVar [[r.SupportAtmosphericFog:1]]
[2024.06.08-08.56.26:024][  0]LogConfig: Setting CVar [[r.SupportSkyAtmosphere:1]]
[2024.06.08-08.56.26:024][  0]LogConfig: Setting CVar [[r.SupportSkyAtmosphereAffectsHeightFog:0]]
[2024.06.08-08.56.26:024][  0]LogConfig: Setting CVar [[r.SkinCache.CompileShaders:0]]
[2024.06.08-08.56.26:024][  0]LogConfig: Setting CVar [[r.SkinCache.DefaultBehavior:1]]
[2024.06.08-08.56.26:024][  0]LogConfig: Setting CVar [[r.SkinCache.SceneMemoryLimitInMB:128.000000]]
[2024.06.08-08.56.26:024][  0]LogConfig: Setting CVar [[r.Mobile.EnableStaticAndCSMShadowReceivers:1]]
[2024.06.08-08.56.26:024][  0]LogConfig: Setting CVar [[r.Mobile.EnableMovableLightCSMShaderCulling:1]]
[2024.06.08-08.56.26:024][  0]LogConfig: Setting CVar [[r.Mobile.AllowDistanceFieldShadows:1]]
[2024.06.08-08.56.26:024][  0]LogConfig: Setting CVar [[r.Mobile.AllowMovableDirectionalLights:1]]
[2024.06.08-08.56.26:024][  0]LogConfig: Setting CVar [[r.MobileNumDynamicPointLights:4]]
[2024.06.08-08.56.26:024][  0]LogConfig: Setting CVar [[r.MobileDynamicPointLightsUseStaticBranch:1]]
[2024.06.08-08.56.26:024][  0]LogConfig: Setting CVar [[r.Mobile.EnableMovableSpotlights:0]]
[2024.06.08-08.56.26:024][  0]LogConfig: Setting CVar [[r.Mobile.EnableMovableSpotlightsShadow:0]]
[2024.06.08-08.56.26:024][  0]LogConfig: Setting CVar [[r.GPUSkin.Support16BitBoneIndex:0]]
[2024.06.08-08.56.26:024][  0]LogConfig: Setting CVar [[r.GPUSkin.Limit2BoneInfluences:0]]
[2024.06.08-08.56.26:024][  0]LogConfig: Setting CVar [[r.SupportDepthOnlyIndexBuffers:1]]
[2024.06.08-08.56.26:024][  0]LogConfig: Setting CVar [[r.SupportReversedIndexBuffers:1]]
[2024.06.08-08.56.26:024][  0]LogConfig: Setting CVar [[r.LightPropagationVolume:0]]
[2024.06.08-08.56.26:024][  0]LogConfig: Setting CVar [[r.Mobile.AmbientOcclusion:0]]
[2024.06.08-08.56.26:024][  0]LogConfig: Setting CVar [[r.GPUSkin.UnlimitedBoneInfluences:0]]
[2024.06.08-08.56.26:024][  0]LogConfig: Setting CVar [[r.GPUSkin.UnlimitedBoneInfluencesThreshold:8]]
[2024.06.08-08.56.26:024][  0]LogConfig: Setting CVar [[r.Mobile.PlanarReflectionMode:0]]
[2024.06.08-08.56.26:024][  0]LogConfig: Setting CVar [[r.Mobile.SupportsGen4TAA:0]]
[2024.06.08-08.56.26:024][  0]LogConfig: Applying CVar settings from Section [/Script/Engine.RendererOverrideSettings] File [D:/1game/game/UE/TheGame/Saved/Config/Windows/Engine.ini]
[2024.06.08-08.56.26:024][  0]LogConfig: Applying CVar settings from Section [/Script/Engine.StreamingSettings] File [D:/1game/game/UE/TheGame/Saved/Config/Windows/Engine.ini]
[2024.06.08-08.56.26:024][  0]LogConfig: Setting CVar [[s.MinBulkDataSizeForAsyncLoading:131072]]
[2024.06.08-08.56.26:024][  0]LogConfig: Setting CVar [[s.AsyncLoadingThreadEnabled:0]]
[2024.06.08-08.56.26:024][  0]LogConfig: Setting CVar [[s.EventDrivenLoaderEnabled:1]]
[2024.06.08-08.56.26:024][  0]LogConfig: Setting CVar [[s.WarnIfTimeLimitExceeded:0]]
[2024.06.08-08.56.26:024][  0]LogConfig: Setting CVar [[s.TimeLimitExceededMultiplier:1.5]]
[2024.06.08-08.56.26:024][  0]LogConfig: Setting CVar [[s.TimeLimitExceededMinTime:0.005]]
[2024.06.08-08.56.26:024][  0]LogConfig: Setting CVar [[s.UseBackgroundLevelStreaming:1]]
[2024.06.08-08.56.26:024][  0]LogConfig: Setting CVar [[s.PriorityAsyncLoadingExtraTime:15.0]]
[2024.06.08-08.56.26:024][  0]LogConfig: Setting CVar [[s.LevelStreamingActorsUpdateTimeLimit:5.0]]
[2024.06.08-08.56.26:024][  0]LogConfig: Setting CVar [[s.PriorityLevelStreamingActorsUpdateExtraTime:5.0]]
[2024.06.08-08.56.26:024][  0]LogConfig: Setting CVar [[s.LevelStreamingComponentsRegistrationGranularity:10]]
[2024.06.08-08.56.26:024][  0]LogConfig: Setting CVar [[s.UnregisterComponentsTimeLimit:1.0]]
[2024.06.08-08.56.26:024][  0]LogConfig: Setting CVar [[s.LevelStreamingComponentsUnregistrationGranularity:5]]
[2024.06.08-08.56.26:024][  0]LogConfig: Setting CVar [[s.FlushStreamingOnExit:1]]
[2024.06.08-08.56.26:024][  0]LogConfig: Applying CVar settings from Section [/Script/Engine.GarbageCollectionSettings] File [D:/1game/game/UE/TheGame/Saved/Config/Windows/Engine.ini]
[2024.06.08-08.56.26:024][  0]LogConfig: Setting CVar [[gc.MaxObjectsNotConsideredByGC:1]]
[2024.06.08-08.56.26:024][  0]LogConfig: Setting CVar [[gc.SizeOfPermanentObjectPool:0]]
[2024.06.08-08.56.26:024][  0]LogConfig: Setting CVar [[gc.FlushStreamingOnGC:0]]
[2024.06.08-08.56.26:024][  0]LogConfig: Setting CVar [[gc.NumRetriesBeforeForcingGC:10]]
[2024.06.08-08.56.26:024][  0]LogConfig: Setting CVar [[gc.AllowParallelGC:1]]
[2024.06.08-08.56.26:024][  0]LogConfig: Setting CVar [[gc.TimeBetweenPurgingPendingKillObjects:61.1]]
[2024.06.08-08.56.26:024][  0]LogConfig: Setting CVar [[gc.MaxObjectsInEditor:25165824]]
[2024.06.08-08.56.26:024][  0]LogConfig: Setting CVar [[gc.IncrementalBeginDestroyEnabled:1]]
[2024.06.08-08.56.26:024][  0]LogConfig: Setting CVar [[gc.CreateGCClusters:1]]
[2024.06.08-08.56.26:024][  0]LogConfig: Setting CVar [[gc.MinGCClusterSize:5]]
[2024.06.08-08.56.26:024][  0]LogConfig: Setting CVar [[gc.ActorClusteringEnabled:0]]
[2024.06.08-08.56.26:024][  0]LogConfig: Setting CVar [[gc.BlueprintClusteringEnabled:0]]
[2024.06.08-08.56.26:024][  0]LogConfig: Setting CVar [[gc.UseDisregardForGCOnDedicatedServers:0]]
[2024.06.08-08.56.26:024][  0]LogConfig: Setting CVar [[gc.MultithreadedDestructionEnabled:1]]
[2024.06.08-08.56.26:024][  0]LogConfig: Applying CVar settings from Section [/Script/Engine.NetworkSettings] File [D:/1game/game/UE/TheGame/Saved/Config/Windows/Engine.ini]
[2024.06.08-08.56.26:024][  0]LogConfig: Applying CVar settings from Section [/Script/UnrealEd.CookerSettings] File [D:/1game/game/UE/TheGame/Saved/Config/Windows/Engine.ini]
[2024.06.08-08.56.26:029][  0]LogConfig: Applying CVar settings from Section [ViewDistanceQuality@3] File [D:/1game/game/UE/TheGame/Saved/Config/Windows/Scalability.ini]
[2024.06.08-08.56.26:029][  0]LogConfig: Setting CVar [[r.SkeletalMeshLODBias:0]]
[2024.06.08-08.56.26:030][  0]LogConfig: Setting CVar [[r.ViewDistanceScale:1.0]]
[2024.06.08-08.56.26:030][  0]LogConfig: Applying CVar settings from Section [AntiAliasingQuality@3] File [D:/1game/game/UE/TheGame/Saved/Config/Windows/Scalability.ini]
[2024.06.08-08.56.26:030][  0]LogConfig: Setting CVar [[r.PostProcessAAQuality:4]]
[2024.06.08-08.56.26:030][  0]LogConfig: Applying CVar settings from Section [ShadowQuality@3] File [D:/1game/game/UE/TheGame/Saved/Config/Windows/Scalability.ini]
[2024.06.08-08.56.26:030][  0]LogConfig: Setting CVar [[r.LightFunctionQuality:1]]
[2024.06.08-08.56.26:030][  0]LogConfig: Setting CVar [[r.ShadowQuality:5]]
[2024.06.08-08.56.26:030][  0]LogConfig: Setting CVar [[r.Shadow.CSM.MaxCascades:10]]
[2024.06.08-08.56.26:030][  0]LogConfig: Setting CVar [[r.Shadow.MaxResolution:2048]]
[2024.06.08-08.56.26:030][  0]LogConfig: Setting CVar [[r.Shadow.MaxCSMResolution:2048]]
[2024.06.08-08.56.26:030][  0]LogConfig: Setting CVar [[r.Shadow.RadiusThreshold:0.01]]
[2024.06.08-08.56.26:030][  0]LogConfig: Setting CVar [[r.Shadow.DistanceScale:1.0]]
[2024.06.08-08.56.26:030][  0]LogConfig: Setting CVar [[r.Shadow.CSM.TransitionScale:1.0]]
[2024.06.08-08.56.26:030][  0]LogConfig: Setting CVar [[r.Shadow.PreShadowResolutionFactor:1.0]]
[2024.06.08-08.56.26:030][  0]LogConfig: Setting CVar [[r.DistanceFieldShadowing:1]]
[2024.06.08-08.56.26:030][  0]LogConfig: Setting CVar [[r.DistanceFieldAO:1]]
[2024.06.08-08.56.26:030][  0]LogConfig: Setting CVar [[r.AOQuality:2]]
[2024.06.08-08.56.26:030][  0]LogConfig: Setting CVar [[r.VolumetricFog:1]]
[2024.06.08-08.56.26:030][  0]LogConfig: Setting CVar [[r.VolumetricFog.GridPixelSize:8]]
[2024.06.08-08.56.26:030][  0]LogConfig: Setting CVar [[r.VolumetricFog.GridSizeZ:128]]
[2024.06.08-08.56.26:030][  0]LogConfig: Setting CVar [[r.VolumetricFog.HistoryMissSupersampleCount:4]]
[2024.06.08-08.56.26:030][  0]LogConfig: Setting CVar [[r.LightMaxDrawDistanceScale:1]]
[2024.06.08-08.56.26:030][  0]LogConfig: Setting CVar [[r.CapsuleShadows:1]]
[2024.06.08-08.56.26:030][  0]LogConfig: Applying CVar settings from Section [PostProcessQuality@3] File [D:/1game/game/UE/TheGame/Saved/Config/Windows/Scalability.ini]
[2024.06.08-08.56.26:030][  0]LogConfig: Setting CVar [[r.MotionBlurQuality:4]]
[2024.06.08-08.56.26:030][  0]LogConfig: Setting CVar [[r.AmbientOcclusionMipLevelFactor:0.4]]
[2024.06.08-08.56.26:030][  0]LogConfig: Setting CVar [[r.AmbientOcclusionMaxQuality:100]]
[2024.06.08-08.56.26:030][  0]LogConfig: Setting CVar [[r.AmbientOcclusionLevels:-1]]
[2024.06.08-08.56.26:030][  0]LogConfig: Setting CVar [[r.AmbientOcclusionRadiusScale:1.0]]
[2024.06.08-08.56.26:030][  0]LogConfig: Setting CVar [[r.DepthOfFieldQuality:2]]
[2024.06.08-08.56.26:030][  0]LogConfig: Setting CVar [[r.RenderTargetPoolMin:400]]
[2024.06.08-08.56.26:030][  0]LogConfig: Setting CVar [[r.LensFlareQuality:2]]
[2024.06.08-08.56.26:030][  0]LogConfig: Setting CVar [[r.SceneColorFringeQuality:1]]
[2024.06.08-08.56.26:030][  0]LogConfig: Setting CVar [[r.EyeAdaptationQuality:2]]
[2024.06.08-08.56.26:030][  0]LogConfig: Setting CVar [[r.BloomQuality:5]]
[2024.06.08-08.56.26:030][  0]LogConfig: Setting CVar [[r.FastBlurThreshold:100]]
[2024.06.08-08.56.26:030][  0]LogConfig: Setting CVar [[r.Upscale.Quality:3]]
[2024.06.08-08.56.26:030][  0]LogConfig: Setting CVar [[r.Tonemapper.GrainQuantization:1]]
[2024.06.08-08.56.26:030][  0]LogConfig: Setting CVar [[r.LightShaftQuality:1]]
[2024.06.08-08.56.26:030][  0]LogConfig: Setting CVar [[r.Filter.SizeScale:1]]
[2024.06.08-08.56.26:030][  0]LogConfig: Setting CVar [[r.Tonemapper.Quality:5]]
[2024.06.08-08.56.26:030][  0]LogConfig: Setting CVar [[r.DOF.Gather.AccumulatorQuality:1        ; higher gathering accumulator quality]]
[2024.06.08-08.56.26:030][  0]LogConfig: Setting CVar [[r.DOF.Gather.PostfilterMethod:1          ; Median3x3 postfilering method]]
[2024.06.08-08.56.26:030][  0]LogConfig: Setting CVar [[r.DOF.Gather.EnableBokehSettings:0       ; no bokeh simulation when gathering]]
[2024.06.08-08.56.26:030][  0]LogConfig: Setting CVar [[r.DOF.Gather.RingCount:4                 ; medium number of samples when gathering]]
[2024.06.08-08.56.26:030][  0]LogConfig: Setting CVar [[r.DOF.Scatter.ForegroundCompositing:1    ; additive foreground scattering]]
[2024.06.08-08.56.26:030][  0]LogConfig: Setting CVar [[r.DOF.Scatter.BackgroundCompositing:2    ; additive background scattering]]
[2024.06.08-08.56.26:030][  0]LogConfig: Setting CVar [[r.DOF.Scatter.EnableBokehSettings:1      ; bokeh simulation when scattering]]
[2024.06.08-08.56.26:030][  0]LogConfig: Setting CVar [[r.DOF.Scatter.MaxSpriteRatio:0.1         ; only a maximum of 10% of scattered bokeh]]
[2024.06.08-08.56.26:030][  0]LogConfig: Setting CVar [[r.DOF.Recombine.Quality:1                ; cheap slight out of focus]]
[2024.06.08-08.56.26:030][  0]LogConfig: Setting CVar [[r.DOF.Recombine.EnableBokehSettings:0    ; no bokeh simulation on slight out of focus]]
[2024.06.08-08.56.26:030][  0]LogConfig: Setting CVar [[r.DOF.TemporalAAQuality:1                ; more stable temporal accumulation]]
[2024.06.08-08.56.26:030][  0]LogConfig: Setting CVar [[r.DOF.Kernel.MaxForegroundRadius:0.025]]
[2024.06.08-08.56.26:030][  0]LogConfig: Setting CVar [[r.DOF.Kernel.MaxBackgroundRadius:0.025]]
[2024.06.08-08.56.26:030][  0]LogConfig: Applying CVar settings from Section [TextureQuality@3] File [D:/1game/game/UE/TheGame/Saved/Config/Windows/Scalability.ini]
[2024.06.08-08.56.26:030][  0]LogConfig: Setting CVar [[r.Streaming.MipBias:0]]
[2024.06.08-08.56.26:030][  0]LogConfig: Setting CVar [[r.Streaming.AmortizeCPUToGPUCopy:0]]
[2024.06.08-08.56.26:030][  0]LogConfig: Setting CVar [[r.Streaming.MaxNumTexturesToStreamPerFrame:0]]
[2024.06.08-08.56.26:030][  0]LogConfig: Setting CVar [[r.Streaming.Boost:1]]
[2024.06.08-08.56.26:030][  0]LogConfig: Setting CVar [[r.MaxAnisotropy:8]]
[2024.06.08-08.56.26:030][  0]LogConfig: Setting CVar [[r.VT.MaxAnisotropy:8]]
[2024.06.08-08.56.26:030][  0]LogConfig: Setting CVar [[r.Streaming.LimitPoolSizeToVRAM:0]]
[2024.06.08-08.56.26:030][  0]LogConfig: Setting CVar [[r.Streaming.PoolSize:1000]]
[2024.06.08-08.56.26:030][  0]LogConfig: Setting CVar [[r.Streaming.MaxEffectiveScreenSize:0]]
[2024.06.08-08.56.26:030][  0]LogConfig: Applying CVar settings from Section [EffectsQuality@3] File [D:/1game/game/UE/TheGame/Saved/Config/Windows/Scalability.ini]
[2024.06.08-08.56.26:030][  0]LogConfig: Setting CVar [[r.TranslucencyLightingVolumeDim:64]]
[2024.06.08-08.56.26:030][  0]LogConfig: Setting CVar [[r.RefractionQuality:2]]
[2024.06.08-08.56.26:030][  0]LogConfig: Setting CVar [[r.SSR.Quality:3]]
[2024.06.08-08.56.26:030][  0]LogConfig: Setting CVar [[r.SSR.HalfResSceneColor:0]]
[2024.06.08-08.56.26:030][  0]LogConfig: Setting CVar [[r.SceneColorFormat:4]]
[2024.06.08-08.56.26:030][  0]LogConfig: Setting CVar [[r.DetailMode:2]]
[2024.06.08-08.56.26:030][  0]LogConfig: Setting CVar [[r.TranslucencyVolumeBlur:1]]
[2024.06.08-08.56.26:030][  0]LogConfig: Setting CVar [[r.MaterialQualityLevel:1 ; High quality]]
[2024.06.08-08.56.26:030][  0]LogConfig: Setting CVar [[r.AnisotropicMaterials:1]]
[2024.06.08-08.56.26:030][  0]LogConfig: Setting CVar [[r.SSS.Scale:1]]
[2024.06.08-08.56.26:030][  0]LogConfig: Setting CVar [[r.SSS.SampleSet:2]]
[2024.06.08-08.56.26:030][  0]LogConfig: Setting CVar [[r.SSS.Quality:1]]
[2024.06.08-08.56.26:030][  0]LogConfig: Setting CVar [[r.SSS.HalfRes:0]]
[2024.06.08-08.56.26:030][  0]LogConfig: Setting CVar [[r.SSGI.Quality:3]]
[2024.06.08-08.56.26:030][  0]LogConfig: Setting CVar [[r.EmitterSpawnRateScale:1.0]]
[2024.06.08-08.56.26:030][  0]LogConfig: Setting CVar [[r.ParticleLightQuality:2]]
[2024.06.08-08.56.26:030][  0]LogConfig: Setting CVar [[r.SkyAtmosphere.AerialPerspectiveLUT.FastApplyOnOpaque:1 ; Always have FastSkyLUT 1 in this case to avoid wrong sky]]
[2024.06.08-08.56.26:030][  0]LogConfig: Setting CVar [[r.SkyAtmosphere.AerialPerspectiveLUT.SampleCountMaxPerSlice:4]]
[2024.06.08-08.56.26:030][  0]LogConfig: Setting CVar [[r.SkyAtmosphere.AerialPerspectiveLUT.DepthResolution:16.0]]
[2024.06.08-08.56.26:030][  0]LogConfig: Setting CVar [[r.SkyAtmosphere.FastSkyLUT:1]]
[2024.06.08-08.56.26:030][  0]LogConfig: Setting CVar [[r.SkyAtmosphere.FastSkyLUT.SampleCountMin:4.0]]
[2024.06.08-08.56.26:030][  0]LogConfig: Setting CVar [[r.SkyAtmosphere.FastSkyLUT.SampleCountMax:128.0]]
[2024.06.08-08.56.26:031][  0]LogConfig: Setting CVar [[r.SkyAtmosphere.SampleCountMin:4.0]]
[2024.06.08-08.56.26:031][  0]LogConfig: Setting CVar [[r.SkyAtmosphere.SampleCountMax:128.0]]
[2024.06.08-08.56.26:031][  0]LogConfig: Setting CVar [[r.SkyAtmosphere.TransmittanceLUT.UseSmallFormat:0]]
[2024.06.08-08.56.26:031][  0]LogConfig: Setting CVar [[r.SkyAtmosphere.TransmittanceLUT.SampleCount:10.0]]
[2024.06.08-08.56.26:031][  0]LogConfig: Setting CVar [[r.SkyAtmosphere.MultiScatteringLUT.SampleCount:15.0]]
[2024.06.08-08.56.26:031][  0]LogConfig: Setting CVar [[r.SkyLight.RealTimeReflectionCapture:1]]
[2024.06.08-08.56.26:031][  0]LogConfig: Applying CVar settings from Section [FoliageQuality@3] File [D:/1game/game/UE/TheGame/Saved/Config/Windows/Scalability.ini]
[2024.06.08-08.56.26:031][  0]LogConfig: Setting CVar [[foliage.DensityScale:1.0]]
[2024.06.08-08.56.26:031][  0]LogConfig: Setting CVar [[grass.DensityScale:1.0]]
[2024.06.08-08.56.26:031][  0]LogConfig: Applying CVar settings from Section [ShadingQuality@3] File [D:/1game/game/UE/TheGame/Saved/Config/Windows/Scalability.ini]
[2024.06.08-08.56.26:031][  0]LogConfig: Setting CVar [[r.HairStrands.SkyLighting.IntegrationType:2]]
[2024.06.08-08.56.26:031][  0]LogConfig: Setting CVar [[r.HairStrands.SkyAO.SampleCount:4]]
[2024.06.08-08.56.26:031][  0]LogConfig: Setting CVar [[r.HairStrands.Visibility.MSAA.SamplePerPixel:4]]
[2024.06.08-08.56.26:031][  0]LogInit: Selected Device Profile: [Windows]
[2024.06.08-08.56.26:031][  0]LogInit: Applying CVar settings loaded from the selected device profile: [Windows]
[2024.06.08-08.56.26:031][  0]LogHAL: Display: Platform has ~ 16 GB [16952647680 / 17179869184 / 16], which maps to Larger [LargestMinGB=32, LargerMinGB=12, DefaultMinGB=8, SmallerMinGB=6, SmallestMinGB=0)
[2024.06.08-08.56.26:031][  0]LogInit: Going up to parent DeviceProfile []
[2024.06.08-08.56.26:031][  0]LogConfig: Applying CVar settings from Section [ViewDistanceQuality@3] File [D:/1game/game/UE/TheGame/Saved/Config/Windows/Scalability.ini]
[2024.06.08-08.56.26:031][  0]LogConfig: Setting CVar [[r.SkeletalMeshLODBias:0]]
[2024.06.08-08.56.26:031][  0]LogConfig: Setting CVar [[r.ViewDistanceScale:1.0]]
[2024.06.08-08.56.26:031][  0]LogConfig: Applying CVar settings from Section [AntiAliasingQuality@3] File [D:/1game/game/UE/TheGame/Saved/Config/Windows/Scalability.ini]
[2024.06.08-08.56.26:031][  0]LogConfig: Setting CVar [[r.PostProcessAAQuality:4]]
[2024.06.08-08.56.26:031][  0]LogConfig: Applying CVar settings from Section [ShadowQuality@3] File [D:/1game/game/UE/TheGame/Saved/Config/Windows/Scalability.ini]
[2024.06.08-08.56.26:031][  0]LogConfig: Setting CVar [[r.LightFunctionQuality:1]]
[2024.06.08-08.56.26:031][  0]LogConfig: Setting CVar [[r.ShadowQuality:5]]
[2024.06.08-08.56.26:031][  0]LogConfig: Setting CVar [[r.Shadow.CSM.MaxCascades:10]]
[2024.06.08-08.56.26:031][  0]LogConfig: Setting CVar [[r.Shadow.MaxResolution:2048]]
[2024.06.08-08.56.26:031][  0]LogConfig: Setting CVar [[r.Shadow.MaxCSMResolution:2048]]
[2024.06.08-08.56.26:031][  0]LogConfig: Setting CVar [[r.Shadow.RadiusThreshold:0.01]]
[2024.06.08-08.56.26:031][  0]LogConfig: Setting CVar [[r.Shadow.DistanceScale:1.0]]
[2024.06.08-08.56.26:031][  0]LogConfig: Setting CVar [[r.Shadow.CSM.TransitionScale:1.0]]
[2024.06.08-08.56.26:031][  0]LogConfig: Setting CVar [[r.Shadow.PreShadowResolutionFactor:1.0]]
[2024.06.08-08.56.26:031][  0]LogConfig: Setting CVar [[r.DistanceFieldShadowing:1]]
[2024.06.08-08.56.26:031][  0]LogConfig: Setting CVar [[r.DistanceFieldAO:1]]
[2024.06.08-08.56.26:031][  0]LogConfig: Setting CVar [[r.AOQuality:2]]
[2024.06.08-08.56.26:031][  0]LogConfig: Setting CVar [[r.VolumetricFog:1]]
[2024.06.08-08.56.26:031][  0]LogConfig: Setting CVar [[r.VolumetricFog.GridPixelSize:8]]
[2024.06.08-08.56.26:031][  0]LogConfig: Setting CVar [[r.VolumetricFog.GridSizeZ:128]]
[2024.06.08-08.56.26:031][  0]LogConfig: Setting CVar [[r.VolumetricFog.HistoryMissSupersampleCount:4]]
[2024.06.08-08.56.26:031][  0]LogConfig: Setting CVar [[r.LightMaxDrawDistanceScale:1]]
[2024.06.08-08.56.26:031][  0]LogConfig: Setting CVar [[r.CapsuleShadows:1]]
[2024.06.08-08.56.26:031][  0]LogConfig: Applying CVar settings from Section [PostProcessQuality@3] File [D:/1game/game/UE/TheGame/Saved/Config/Windows/Scalability.ini]
[2024.06.08-08.56.26:031][  0]LogConfig: Setting CVar [[r.MotionBlurQuality:4]]
[2024.06.08-08.56.26:031][  0]LogConfig: Setting CVar [[r.AmbientOcclusionMipLevelFactor:0.4]]
[2024.06.08-08.56.26:031][  0]LogConfig: Setting CVar [[r.AmbientOcclusionMaxQuality:100]]
[2024.06.08-08.56.26:031][  0]LogConfig: Setting CVar [[r.AmbientOcclusionLevels:-1]]
[2024.06.08-08.56.26:031][  0]LogConfig: Setting CVar [[r.AmbientOcclusionRadiusScale:1.0]]
[2024.06.08-08.56.26:031][  0]LogConfig: Setting CVar [[r.DepthOfFieldQuality:2]]
[2024.06.08-08.56.26:031][  0]LogConfig: Setting CVar [[r.RenderTargetPoolMin:400]]
[2024.06.08-08.56.26:031][  0]LogConfig: Setting CVar [[r.LensFlareQuality:2]]
[2024.06.08-08.56.26:031][  0]LogConfig: Setting CVar [[r.SceneColorFringeQuality:1]]
[2024.06.08-08.56.26:031][  0]LogConfig: Setting CVar [[r.EyeAdaptationQuality:2]]
[2024.06.08-08.56.26:031][  0]LogConfig: Setting CVar [[r.BloomQuality:5]]
[2024.06.08-08.56.26:031][  0]LogConfig: Setting CVar [[r.FastBlurThreshold:100]]
[2024.06.08-08.56.26:031][  0]LogConfig: Setting CVar [[r.Upscale.Quality:3]]
[2024.06.08-08.56.26:031][  0]LogConfig: Setting CVar [[r.Tonemapper.GrainQuantization:1]]
[2024.06.08-08.56.26:031][  0]LogConfig: Setting CVar [[r.LightShaftQuality:1]]
[2024.06.08-08.56.26:031][  0]LogConfig: Setting CVar [[r.Filter.SizeScale:1]]
[2024.06.08-08.56.26:031][  0]LogConfig: Setting CVar [[r.Tonemapper.Quality:5]]
[2024.06.08-08.56.26:031][  0]LogConfig: Setting CVar [[r.DOF.Gather.AccumulatorQuality:1        ; higher gathering accumulator quality]]
[2024.06.08-08.56.26:031][  0]LogConfig: Setting CVar [[r.DOF.Gather.PostfilterMethod:1          ; Median3x3 postfilering method]]
[2024.06.08-08.56.26:031][  0]LogConfig: Setting CVar [[r.DOF.Gather.EnableBokehSettings:0       ; no bokeh simulation when gathering]]
[2024.06.08-08.56.26:031][  0]LogConfig: Setting CVar [[r.DOF.Gather.RingCount:4                 ; medium number of samples when gathering]]
[2024.06.08-08.56.26:031][  0]LogConfig: Setting CVar [[r.DOF.Scatter.ForegroundCompositing:1    ; additive foreground scattering]]
[2024.06.08-08.56.26:031][  0]LogConfig: Setting CVar [[r.DOF.Scatter.BackgroundCompositing:2    ; additive background scattering]]
[2024.06.08-08.56.26:031][  0]LogConfig: Setting CVar [[r.DOF.Scatter.EnableBokehSettings:1      ; bokeh simulation when scattering]]
[2024.06.08-08.56.26:031][  0]LogConfig: Setting CVar [[r.DOF.Scatter.MaxSpriteRatio:0.1         ; only a maximum of 10% of scattered bokeh]]
[2024.06.08-08.56.26:031][  0]LogConfig: Setting CVar [[r.DOF.Recombine.Quality:1                ; cheap slight out of focus]]
[2024.06.08-08.56.26:031][  0]LogConfig: Setting CVar [[r.DOF.Recombine.EnableBokehSettings:0    ; no bokeh simulation on slight out of focus]]
[2024.06.08-08.56.26:031][  0]LogConfig: Setting CVar [[r.DOF.TemporalAAQuality:1                ; more stable temporal accumulation]]
[2024.06.08-08.56.26:031][  0]LogConfig: Setting CVar [[r.DOF.Kernel.MaxForegroundRadius:0.025]]
[2024.06.08-08.56.26:031][  0]LogConfig: Setting CVar [[r.DOF.Kernel.MaxBackgroundRadius:0.025]]
[2024.06.08-08.56.26:031][  0]LogConfig: Applying CVar settings from Section [TextureQuality@3] File [D:/1game/game/UE/TheGame/Saved/Config/Windows/Scalability.ini]
[2024.06.08-08.56.26:032][  0]LogConfig: Setting CVar [[r.Streaming.MipBias:0]]
[2024.06.08-08.56.26:032][  0]LogConfig: Setting CVar [[r.Streaming.AmortizeCPUToGPUCopy:0]]
[2024.06.08-08.56.26:032][  0]LogConfig: Setting CVar [[r.Streaming.MaxNumTexturesToStreamPerFrame:0]]
[2024.06.08-08.56.26:032][  0]LogConfig: Setting CVar [[r.Streaming.Boost:1]]
[2024.06.08-08.56.26:032][  0]LogConfig: Setting CVar [[r.MaxAnisotropy:8]]
[2024.06.08-08.56.26:032][  0]LogConfig: Setting CVar [[r.VT.MaxAnisotropy:8]]
[2024.06.08-08.56.26:032][  0]LogConfig: Setting CVar [[r.Streaming.LimitPoolSizeToVRAM:0]]
[2024.06.08-08.56.26:032][  0]LogConfig: Setting CVar [[r.Streaming.PoolSize:1000]]
[2024.06.08-08.56.26:032][  0]LogConfig: Setting CVar [[r.Streaming.MaxEffectiveScreenSize:0]]
[2024.06.08-08.56.26:032][  0]LogConfig: Applying CVar settings from Section [EffectsQuality@3] File [D:/1game/game/UE/TheGame/Saved/Config/Windows/Scalability.ini]
[2024.06.08-08.56.26:032][  0]LogConfig: Setting CVar [[r.TranslucencyLightingVolumeDim:64]]
[2024.06.08-08.56.26:032][  0]LogConfig: Setting CVar [[r.RefractionQuality:2]]
[2024.06.08-08.56.26:032][  0]LogConfig: Setting CVar [[r.SSR.Quality:3]]
[2024.06.08-08.56.26:032][  0]LogConfig: Setting CVar [[r.SSR.HalfResSceneColor:0]]
[2024.06.08-08.56.26:032][  0]LogConfig: Setting CVar [[r.SceneColorFormat:4]]
[2024.06.08-08.56.26:032][  0]LogConfig: Setting CVar [[r.DetailMode:2]]
[2024.06.08-08.56.26:032][  0]LogConfig: Setting CVar [[r.TranslucencyVolumeBlur:1]]
[2024.06.08-08.56.26:032][  0]LogConfig: Setting CVar [[r.MaterialQualityLevel:1 ; High quality]]
[2024.06.08-08.56.26:032][  0]LogConfig: Setting CVar [[r.AnisotropicMaterials:1]]
[2024.06.08-08.56.26:032][  0]LogConfig: Setting CVar [[r.SSS.Scale:1]]
[2024.06.08-08.56.26:032][  0]LogConfig: Setting CVar [[r.SSS.SampleSet:2]]
[2024.06.08-08.56.26:032][  0]LogConfig: Setting CVar [[r.SSS.Quality:1]]
[2024.06.08-08.56.26:032][  0]LogConfig: Setting CVar [[r.SSS.HalfRes:0]]
[2024.06.08-08.56.26:032][  0]LogConfig: Setting CVar [[r.SSGI.Quality:3]]
[2024.06.08-08.56.26:032][  0]LogConfig: Setting CVar [[r.EmitterSpawnRateScale:1.0]]
[2024.06.08-08.56.26:032][  0]LogConfig: Setting CVar [[r.ParticleLightQuality:2]]
[2024.06.08-08.56.26:032][  0]LogConfig: Setting CVar [[r.SkyAtmosphere.AerialPerspectiveLUT.FastApplyOnOpaque:1 ; Always have FastSkyLUT 1 in this case to avoid wrong sky]]
[2024.06.08-08.56.26:032][  0]LogConfig: Setting CVar [[r.SkyAtmosphere.AerialPerspectiveLUT.SampleCountMaxPerSlice:4]]
[2024.06.08-08.56.26:032][  0]LogConfig: Setting CVar [[r.SkyAtmosphere.AerialPerspectiveLUT.DepthResolution:16.0]]
[2024.06.08-08.56.26:032][  0]LogConfig: Setting CVar [[r.SkyAtmosphere.FastSkyLUT:1]]
[2024.06.08-08.56.26:032][  0]LogConfig: Setting CVar [[r.SkyAtmosphere.FastSkyLUT.SampleCountMin:4.0]]
[2024.06.08-08.56.26:032][  0]LogConfig: Setting CVar [[r.SkyAtmosphere.FastSkyLUT.SampleCountMax:128.0]]
[2024.06.08-08.56.26:032][  0]LogConfig: Setting CVar [[r.SkyAtmosphere.SampleCountMin:4.0]]
[2024.06.08-08.56.26:032][  0]LogConfig: Setting CVar [[r.SkyAtmosphere.SampleCountMax:128.0]]
[2024.06.08-08.56.26:032][  0]LogConfig: Setting CVar [[r.SkyAtmosphere.TransmittanceLUT.UseSmallFormat:0]]
[2024.06.08-08.56.26:032][  0]LogConfig: Setting CVar [[r.SkyAtmosphere.TransmittanceLUT.SampleCount:10.0]]
[2024.06.08-08.56.26:032][  0]LogConfig: Setting CVar [[r.SkyAtmosphere.MultiScatteringLUT.SampleCount:15.0]]
[2024.06.08-08.56.26:032][  0]LogConfig: Setting CVar [[r.SkyLight.RealTimeReflectionCapture:1]]
[2024.06.08-08.56.26:032][  0]LogConfig: Applying CVar settings from Section [FoliageQuality@3] File [D:/1game/game/UE/TheGame/Saved/Config/Windows/Scalability.ini]
[2024.06.08-08.56.26:032][  0]LogConfig: Setting CVar [[foliage.DensityScale:1.0]]
[2024.06.08-08.56.26:032][  0]LogConfig: Setting CVar [[grass.DensityScale:1.0]]
[2024.06.08-08.56.26:032][  0]LogConfig: Applying CVar settings from Section [ShadingQuality@3] File [D:/1game/game/UE/TheGame/Saved/Config/Windows/Scalability.ini]
[2024.06.08-08.56.26:032][  0]LogConfig: Setting CVar [[r.HairStrands.SkyLighting.IntegrationType:2]]
[2024.06.08-08.56.26:032][  0]LogConfig: Setting CVar [[r.HairStrands.SkyAO.SampleCount:4]]
[2024.06.08-08.56.26:032][  0]LogConfig: Setting CVar [[r.HairStrands.Visibility.MSAA.SamplePerPixel:4]]
[2024.06.08-08.56.26:032][  0]LogConfig: Applying CVar settings from Section [Startup] File [../../../Engine/Config/ConsoleVariables.ini]
[2024.06.08-08.56.26:032][  0]LogConfig: Setting CVar [[net.UseAdaptiveNetUpdateFrequency:0]]
[2024.06.08-08.56.26:032][  0]LogConfig: Setting CVar [[p.chaos.AllowCreatePhysxBodies:1]]
[2024.06.08-08.56.26:032][  0]LogConfig: Setting CVar [[fx.SkipVectorVMBackendOptimizations:1]]
[2024.06.08-08.56.26:032][  0]LogConfig: Applying CVar settings from Section [ConsoleVariables] File [D:/1game/game/UE/TheGame/Saved/Config/Windows/Engine.ini]
[2024.06.08-08.56.26:032][  0]LogConfig: Applying CVar settings from Section [ConsoleVariables] File [D:/1game/game/UE/TheGame/Saved/Config/Windows/Editor.ini]
[2024.06.08-08.56.26:032][  0]LogInit: Computer: REALMI_KIRILL
[2024.06.08-08.56.26:032][  0]LogInit: User: kiril
[2024.06.08-08.56.26:032][  0]LogInit: CPU Page size=4096, Cores=4
[2024.06.08-08.56.26:032][  0]LogInit: High frequency timer resolution =10.000000 MHz
[2024.06.08-08.56.26:033][  0]LogMemory: Memory total: Physical=15.8GB (16GB approx)
[2024.06.08-08.56.26:033][  0]LogMemory: Platform Memory Stats for Windows
[2024.06.08-08.56.26:033][  0]LogMemory: Process Physical Memory: 141.20 MB used, 141.20 MB peak
[2024.06.08-08.56.26:033][  0]LogMemory: Process Virtual Memory: 112.49 MB used, 112.49 MB peak
[2024.06.08-08.56.26:033][  0]LogMemory: Physical Memory: 9263.79 MB used,  6903.52 MB free, 16167.30 MB total
[2024.06.08-08.56.26:033][  0]LogMemory: Virtual Memory: 134206176.00 MB used,  11548.50 MB free, 134217728.00 MB total
[2024.06.08-08.56.26:039][  0]LogWindows: WindowsPlatformFeatures enabled
[2024.06.08-08.56.26:063][  0]LogInit: Physics initialised using underlying interface: PhysX
[2024.06.08-08.56.26:064][  0]LogInit: Overriding language with editor language configuration option (en).
[2024.06.08-08.56.26:064][  0]LogInit: Using OS detected locale (ru-RU).
[2024.06.08-08.56.26:304][  0]LogInit: Setting process to per monitor DPI aware
[2024.06.08-08.56.26:311][  0]LogWindowsTextInputMethodSystem: Display: IME system deactivated.
[2024.06.08-08.56.26:323][  0]LogSlate: New Slate User Created.  User Index 0, Is Virtual User: 0
[2024.06.08-08.56.26:323][  0]LogSlate: Slate User Registered.  User Index 0, Is Virtual User: 0
[2024.06.08-08.56.26:429][  0]LogD3D11RHI: Loaded GFSDK_Aftermath_Lib.x64.dll
[2024.06.08-08.56.26:432][  0]LogHMD: Failed to initialize OpenVR with code 110
[2024.06.08-08.56.26:432][  0]LogD3D11RHI: D3D11 min allowed feature level: 11_0
[2024.06.08-08.56.26:432][  0]LogD3D11RHI: D3D11 max allowed feature level: 11_0
[2024.06.08-08.56.26:432][  0]LogD3D11RHI: D3D11 adapters:
[2024.06.08-08.56.27:240][  0]LogD3D11RHI:    0. 'Intel(R) Iris(R) Xe Graphics' (Feature Level 11_0)
[2024.06.08-08.56.27:240][  0]LogD3D11RHI:       128/0/8083 MB DedicatedVideo/DedicatedSystem/SharedSystem, Outputs:1, VendorId:0x8086
[2024.06.08-08.56.27:243][  0]LogD3D11RHI:    1. 'Microsoft Basic Render Driver' (Feature Level 11_0)
[2024.06.08-08.56.27:243][  0]LogD3D11RHI:       0/0/8083 MB DedicatedVideo/DedicatedSystem/SharedSystem, Outputs:0, VendorId:0x1414
[2024.06.08-08.56.27:243][  0]LogD3D11RHI: Chosen D3D11 Adapter:
[2024.06.08-08.56.27:243][  0]LogD3D11RHI:     Description : Intel(R) Iris(R) Xe Graphics
[2024.06.08-08.56.27:243][  0]LogD3D11RHI:     VendorId    : 8086
[2024.06.08-08.56.27:243][  0]LogD3D11RHI:     DeviceId    : 9a49
[2024.06.08-08.56.27:243][  0]LogD3D11RHI:     SubSysId    : 2266088c
[2024.06.08-08.56.27:243][  0]LogD3D11RHI:     Revision    : 0003
[2024.06.08-08.56.27:244][  0]LogD3D11RHI:     DedicatedVideoMemory : 134217728 bytes
[2024.06.08-08.56.27:244][  0]LogD3D11RHI:     DedicatedSystemMemory : 0 bytes
[2024.06.08-08.56.27:244][  0]LogD3D11RHI:     SharedSystemMemory : 8476323840 bytes
[2024.06.08-08.56.27:244][  0]LogD3D11RHI:     AdapterLuid : 0 64356
[2024.06.08-08.56.27:251][  0]LogD3D11RHI: Creating new Direct3DDevice
[2024.06.08-08.56.27:251][  0]LogD3D11RHI:     GPU DeviceId: 0x9a49 (for the marketing name, search the web for "GPU Device Id")
[2024.06.08-08.56.27:251][  0]LogWindows: EnumDisplayDevices:
[2024.06.08-08.56.27:251][  0]LogWindows:    0. 'Intel(R) Iris(R) Xe Graphics' (P:1 D:1)
[2024.06.08-08.56.27:251][  0]LogWindows:    1. 'Intel(R) Iris(R) Xe Graphics' (P:0 D:0)
[2024.06.08-08.56.27:252][  0]LogWindows:    2. 'Intel(R) Iris(R) Xe Graphics' (P:0 D:0)
[2024.06.08-08.56.27:252][  0]LogWindows:    3. 'Intel(R) Iris(R) Xe Graphics' (P:0 D:0)
[2024.06.08-08.56.27:252][  0]LogWindows: DebugString: FoundDriverCount:4 
[2024.06.08-08.56.27:252][  0]LogD3D11RHI:     Adapter Name: Intel(R) Iris(R) Xe Graphics
[2024.06.08-08.56.27:252][  0]LogD3D11RHI:   Driver Version: 30.0.101.1340 (internal:30.0.101.1340, unified:30.0.101.1340)
[2024.06.08-08.56.27:252][  0]LogD3D11RHI:      Driver Date: 2-3-2022
[2024.06.08-08.56.27:252][  0]LogRHI: Texture pool is 1523 MB (70% of 2176 MB)
[2024.06.08-08.56.27:262][  0]LogD3D11RHI: Creating D3DDevice using adapter:
[2024.06.08-08.56.27:262][  0]LogD3D11RHI:     Description : Intel(R) Iris(R) Xe Graphics
[2024.06.08-08.56.27:262][  0]LogD3D11RHI:     VendorId    : 8086
[2024.06.08-08.56.27:262][  0]LogD3D11RHI:     DeviceId    : 9a49
[2024.06.08-08.56.27:262][  0]LogD3D11RHI:     SubSysId    : 2266088c
[2024.06.08-08.56.27:262][  0]LogD3D11RHI:     Revision    : 0003
[2024.06.08-08.56.27:262][  0]LogD3D11RHI:     DedicatedVideoMemory : 134217728 bytes
[2024.06.08-08.56.27:262][  0]LogD3D11RHI:     DedicatedSystemMemory : 0 bytes
[2024.06.08-08.56.27:262][  0]LogD3D11RHI:     SharedSystemMemory : 8476323840 bytes
[2024.06.08-08.56.27:262][  0]LogD3D11RHI:     AdapterLuid : 0 64356
[2024.06.08-08.56.28:019][  0]LogD3D11RHI: RHI does not have support for 64 bit atomics
[2024.06.08-08.56.28:040][  0]LogD3D11RHI: Intel Extensions support version Full=16777216, Major=1, Minor=0, Revision=0
[2024.06.08-08.56.28:040][  0]LogD3D11RHI: Intel Extensions support version Full=16777217, Major=1, Minor=0, Revision=1
[2024.06.08-08.56.28:040][  0]LogD3D11RHI: Intel Extensions Framework enabled
[2024.06.08-08.56.28:041][  0]LogD3D11RHI: [IntelMetricsDiscovery] Started
[2024.06.08-08.56.28:041][  0]LogD3D11RHI: Async texture creation enabled
[2024.06.08-08.56.28:041][  0]LogD3D11RHI: Array index from any shader is supported
[2024.06.08-08.56.28:055][  0]LogD3D11RHI: GPU Timing Frequency: 19.200000 (Debug: 2 0)
[2024.06.08-08.56.28:348][  0]LogTargetPlatformManager: Display: Loaded TargetPlatform 'AllDesktop'
[2024.06.08-08.56.28:372][  0]LogTargetPlatformManager: Display: Loaded TargetPlatform 'Android'
[2024.06.08-08.56.28:372][  0]LogTargetPlatformManager: Display: Loaded TargetPlatform 'Android_ASTC'
[2024.06.08-08.56.28:372][  0]LogTargetPlatformManager: Display: Loaded TargetPlatform 'Android_DXT'
[2024.06.08-08.56.28:372][  0]LogTargetPlatformManager: Display: Loaded TargetPlatform 'Android_ETC2'
[2024.06.08-08.56.28:372][  0]LogTargetPlatformManager: Display: Loaded TargetPlatform 'AndroidClient'
[2024.06.08-08.56.28:372][  0]LogTargetPlatformManager: Display: Loaded TargetPlatform 'Android_ASTCClient'
[2024.06.08-08.56.28:372][  0]LogTargetPlatformManager: Display: Loaded TargetPlatform 'Android_DXTClient'
[2024.06.08-08.56.28:372][  0]LogTargetPlatformManager: Display: Loaded TargetPlatform 'Android_ETC2Client'
[2024.06.08-08.56.28:372][  0]LogTargetPlatformManager: Display: Loaded TargetPlatform 'Android_Multi'
[2024.06.08-08.56.28:372][  0]LogTargetPlatformManager: Display: Loaded TargetPlatform 'Android_MultiClient'
[2024.06.08-08.56.28:399][  0]LogTargetPlatformManager: Display: Loaded TargetPlatform 'IOSClient'
[2024.06.08-08.56.28:399][  0]LogTargetPlatformManager: Display: Loaded TargetPlatform 'IOS'
[2024.06.08-08.56.28:409][  0]LogTargetPlatformManager: Display: Loaded TargetPlatform 'Linux'
[2024.06.08-08.56.28:414][  0]LogTargetPlatformManager: Display: Loaded TargetPlatform 'LinuxNoEditor'
[2024.06.08-08.56.28:420][  0]LogTargetPlatformManager: Display: Loaded TargetPlatform 'LinuxClient'
[2024.06.08-08.56.28:427][  0]LogTargetPlatformManager: Display: Loaded TargetPlatform 'LinuxServer'
[2024.06.08-08.56.28:438][  0]LogTargetPlatformManager: Display: Loaded TargetPlatform 'LinuxAArch64NoEditor'
[2024.06.08-08.56.28:443][  0]LogTargetPlatformManager: Display: Loaded TargetPlatform 'LinuxAArch64Client'
[2024.06.08-08.56.28:449][  0]LogTargetPlatformManager: Display: Loaded TargetPlatform 'LinuxAArch64Server'
[2024.06.08-08.56.28:477][  0]LogTargetPlatformManager: Display: Loaded TargetPlatform 'Lumin'
[2024.06.08-08.56.28:477][  0]LogTargetPlatformManager: Display: Loaded TargetPlatform 'LuminClient'
[2024.06.08-08.56.28:486][  0]LogTargetPlatformManager: Display: Loaded TargetPlatform 'MacNoEditor'
[2024.06.08-08.56.28:491][  0]LogTargetPlatformManager: Display: Loaded TargetPlatform 'Mac'
[2024.06.08-08.56.28:495][  0]LogTargetPlatformManager: Display: Loaded TargetPlatform 'MacClient'
[2024.06.08-08.56.28:501][  0]LogTargetPlatformManager: Display: Loaded TargetPlatform 'MacServer'
[2024.06.08-08.56.28:511][  0]LogTargetPlatformManager: Display: Loaded TargetPlatform 'TVOSClient'
[2024.06.08-08.56.28:511][  0]LogTargetPlatformManager: Display: Loaded TargetPlatform 'TVOS'
[2024.06.08-08.56.28:525][  0]LogTargetPlatformManager: Display: Loaded TargetPlatform 'WindowsNoEditor'
[2024.06.08-08.56.28:533][  0]LogTargetPlatformManager: Display: Loaded TargetPlatform 'Windows'
[2024.06.08-08.56.28:540][  0]LogTargetPlatformManager: Display: Loaded TargetPlatform 'WindowsClient'
[2024.06.08-08.56.28:545][  0]LogTargetPlatformManager: Display: Loaded TargetPlatform 'WindowsServer'
[2024.06.08-08.56.28:545][  0]LogTargetPlatformManager: Display: Building Assets For Windows
[2024.06.08-08.56.28:554][  0]LogAudioDebug: Display: Lib vorbis DLL was dynamically loaded.
[2024.06.08-08.56.28:591][  0]LogTextureFormatOodle: Display: Oodle Texture 2.9.0 init RDO Off
[2024.06.08-08.56.28:630][  0]LogRendererCore: Ray tracing is disabled. Reason: r.RayTracing=0.
[2024.06.08-08.56.28:630][  0]LogShaderCompilers: Guid format shader working directory is 9 characters bigger than the processId version (../../../../../1game/game/UE/TheGame/Intermediate/Shaders/WorkingDirectory/14920/).
[2024.06.08-08.56.28:630][  0]LogShaderCompilers: Cleaned the shader compiler working directory 'C:/Users/kiril/AppData/Local/Temp/UnrealShaderWorkingDir/8186F8CB49821E54A826B397C5CDDF25/'.
[2024.06.08-08.56.28:630][  0]LogXGEController: Cannot use XGE Controller as Incredibuild is not installed on this machine.
[2024.06.08-08.56.28:630][  0]LogShaderCompilers: Cannot use XGE Shader Compiler as Incredibuild is not installed on this machine.
[2024.06.08-08.56.28:630][  0]LogShaderCompilers: Display: Using Local Shader Compiler.
[2024.06.08-08.56.29:430][  0]LogDerivedDataCache: Display: Max Cache Size: 512 MB
[2024.06.08-08.56.29:487][  0]LogDerivedDataCache: Loaded boot cache 0.06s 94MB C:/Users/kiril/AppData/Local/UnrealEngine/4.27/DerivedDataCache/Boot.ddc.
[2024.06.08-08.56.29:487][  0]LogDerivedDataCache: Display: Loaded Boot cache: C:/Users/kiril/AppData/Local/UnrealEngine/4.27/DerivedDataCache/Boot.ddc
[2024.06.08-08.56.29:487][  0]LogDerivedDataCache: FDerivedDataBackendGraph:  Pak pak cache file ../../../../../1game/game/UE/TheGame/DerivedDataCache/DDC.ddp not found, will not use a pak cache.
[2024.06.08-08.56.29:487][  0]LogDerivedDataCache: Unable to find inner node Pak for hierarchical cache Hierarchy.
[2024.06.08-08.56.29:487][  0]LogDerivedDataCache: FDerivedDataBackendGraph:  CompressedPak pak cache file ../../../../../1game/game/UE/TheGame/DerivedDataCache/Compressed.ddp not found, will not use a pak cache.
[2024.06.08-08.56.29:487][  0]LogDerivedDataCache: Unable to find inner node CompressedPak for hierarchical cache Hierarchy.
[2024.06.08-08.56.29:504][  0]LogDerivedDataCache: Display: Pak cache opened for reading ../../../Engine/DerivedDataCache/Compressed.ddp.
[2024.06.08-08.56.29:505][  0]LogDerivedDataCache: FDerivedDataBackendGraph:  EnterprisePak pak cache file ../../../Enterprise/DerivedDataCache/Compressed.ddp not found, will not use a pak cache.
[2024.06.08-08.56.29:505][  0]LogDerivedDataCache: Unable to find inner node EnterprisePak for hierarchical cache Hierarchy.
[2024.06.08-08.56.29:511][  0]LogDerivedDataCache: Speed tests for C:/Users/kiril/AppData/Local/UnrealEngine/Common/DerivedDataCache took 0.01 seconds
[2024.06.08-08.56.29:511][  0]LogDerivedDataCache: Display: Performance to C:/Users/kiril/AppData/Local/UnrealEngine/Common/DerivedDataCache: Latency=0.02ms. RandomReadSpeed=1762.44MBs, RandomWriteSpeed=199.73MBs. Assigned SpeedClass 'Local'
[2024.06.08-08.56.29:512][  0]LogDerivedDataCache: Using Local data cache path C:/Users/kiril/AppData/Local/UnrealEngine/Common/DerivedDataCache: Writable
[2024.06.08-08.56.29:512][  0]LogDerivedDataCache: Shared data cache path not found in *engine.ini, will not use an Shared cache.
[2024.06.08-08.56.29:512][  0]LogDerivedDataCache: Unable to find inner node Shared for hierarchical cache Hierarchy.
[2024.06.08-08.56.29:564][  0]LogSlate: Using FreeType 2.10.0
[2024.06.08-08.56.29:565][  0]LogSlate: SlateFontServices - WITH_FREETYPE: 1, WITH_HARFBUZZ: 1
[2024.06.08-08.56.29:588][  0]LogAssetRegistry: FAssetRegistry took 0.0032 seconds to start up
[2024.06.08-08.56.29:862][  0]LogInit: Selected Device Profile: [Windows]
[2024.06.08-08.56.29:862][  0]LogInit: Active device profile: [0000017568933D00][0000017561ECD100 49] Windows
[2024.06.08-08.56.29:862][  0]LogInit: Profiles: [0000017568933D00][0000017561ECD100 49] Windows, [00000175688EC400][0000017561BD7280 49] WindowsNoEditor, [0000017568930400][000001755D987400 49] WindowsServer, [00000175688EDD00][0000017566CAD580 49] WindowsClient, [0000017568933400][0000017566CB1700 49] IOS, [00000175688ECE00][0000017566CB5880 49] iPadAir, [0000017568930D00][0000017566CB9A00 49] iPadAir2, [00000175688B0400][0000017566CC0140 49] IPadPro, [00000175688B0500][0000017566CBC180 49] iPadAir3, [0000017568933500][0000017566CC4300 49] iPadAir4, [00000175688B3900][000001755D8F8480 49] iPadMini2, [0000017568931200][000001755D8FC600 49] iPadMini3, [00000175688B1400][000001755D918740 49] iPadMini4, [0000017568932700][000001755D900880 49] iPadMini5, [0000017568897C00][000001755D908AC0 49] iPhone6, [0000017568897D00][000001755D904B00 49] iPodTouch6, [00000175688B3300][000001755D914DC0 49] iPhone7, [00000175688B3200][000001755D910E00 49] iPodTouch7, [0000017568894900][00000175695D0F80 49] iPhone5S, [00000175688B2800][00000175695D5100 49] iPhone6Plus, [0000017568897000][00000175695D9280 49] iPhone6S, [00000175688B3C00][00000175695DD400 49] iPhone6SPlus, [0000017568895100][00000175695E1580 49] iPhone7Plus, [00000175688B2400][00000175695E5700 49] iPhoneSE, [0000017568896800][00000175695E9880 49] iPhone8, [00000175688B1900][00000175695EDA00 49] iPhone8Plus, [0000017568895900][00000175695F1B80 49] iPhoneX, [00000175688B3B00][00000175695F4180 49] iPhoneXS, [0000017568896000][000001755D8C2300 49] iPhoneXSMax, [00000175688B2E00][000001755D8C6480 49] iPhoneXR, [0000017568895E00][000001755D8CA600 49] iPhone11, [00000175688B1300][000001755D8CE780 49] iPhone11Pro, [0000017568897F00][000001755D8D2900 49] iPhone11ProMax, [00000175688B0600][000001755D90CA40 49] iPhoneSE2, [0000017568894500][000001755D8D6B80 49] iPhone12Mini, [00000175688B0200][000001755D8DACC0 49] iPhone12, [0000017568895000][0000017566A18E40 49] iPhone12Pro, [00000175688B2D00][0000017566A1CFC0 49] iPhone12ProMax, [0000017568894800][0000017566A21140 49] iPadPro105, [00000175688B2F00][0000017566A252C0 49] iPadPro129, [0000017568895400][0000017566A29440 49] iPadPro97, [00000175688B1100][0000017566A2D5C0 49] iPadPro2_129, [0000017568896600][0000017566A31740 49] iPad5, [00000175688B0300][0000017566A358C0 49] iPad6, [0000017568896D00][0000017566A39A40 49] iPad7, [00000175688B1F00][0000017566A3DBC0 49] iPad8, [0000017568895200][000001755D8921C0 49] iPadPro11, [00000175688B0B00][000001755D896340 49] iPadPro2_11, [0000017568897800][000001755D89A4C0 49] iPadPro3_129, [00000175688B2C00][000001755D89E640 49] iPadPro4_129, [0000017568896C00][000001755D8A27C0 49] AppleTV, [00000175688B2300][000001755D8A6940 49] AppleTV4K, [0000017568895300][000001755D8AAAC0 49] TVOS, [00000175688B2700][000001755D8DEC00 49] Mac, [0000017568894100][000001755D8AED40 49] MacClient, [00000175688B3000][000001755D8B2E80 49] MacNoEditor, [0000017568897300][000001755D8B6FC0 49] MacServer, [00000175688B2600][0000017561E8B140 49] Linux, [0000017568894300][0000017561E8F2C0 49] LinuxAArch64, [00000175688B1200][0000017561E93440 49] LinuxNoEditor, [0000017568896700][0000017561E975C0 49] LinuxAArch64NoEditor, [00000175688B3E00][0000017561E9B740 49] LinuxClient, [0000017568896500][0000017561E9F8C0 49] LinuxAArch64Client, [00000175688B2B00][0000017561EA3A40 49] LinuxServer, [0000017568897400][0000017561EA7BC0 49] LinuxAArch64Server, [00000175688B0700][0000017561EAA1C0 49] Android, [00000175688EDE00][0000017561EAE340 49] Android_Low, [0000017568974100][0000017561EB24C0 49] Android_Mid, [00000175688EEF00][00000175669D8640 49] Android_High, [0000017568974700][00000175669DC7C0 49] Android_Default, [00000175688EE000][00000175669E0940 49] Android_Adreno4xx, [0000017568975C00][00000175669E4AC0 49] Android_Adreno5xx_Low, [00000175688EE900][00000175669E8C40 49] Android_Adreno5xx, [0000017568976300][0000017561E86D80 49] Android_Adreno6xx, [00000175688EC600][00000175669ECEC0 49] Android_Adreno6xx_Vulkan, [0000017568975000][00000175669F1000 49] Android_Mali_T6xx, [00000175688EF800][00000175669F5140 49] Android_Mali_T7xx, [0000017568975400][00000175669FD2C0 49] Android_Mali_T8xx, [00000175688EFB00][0000017566A01440 49] Android_Mali_G71, [0000017568974F00][0000017566A055C0 49] Android_Mali_G72, [00000175688ED700][0000017566A09740 49] Android_Mali_G72_Vulkan, [0000017568975800][0000017566A0D8C0 49] Android_Mali_G76, [00000175688EC900][0000017566A11A40 49] Android_Mali_G76_Vulkan, [0000017568976700][0000017566B77BC0 49] Android_Mali_G77, [00000175688EE500][0000017566B7A1C0 49] Android_Mali_G77_Vulkan, [0000017568976D00][0000017566B7E340 49] Android_Mali_G78, [00000175688ED000][0000017566B824C0 49] Android_Mali_G78_Vulkan, [0000017568975300][0000017566B86640 49] Android_Mali_G710, [00000175688EFF00][0000017566B8A7C0 49] Android_Mali_G710_Vulkan, [0000017568975F00][0000017566B8E940 49] Android_Vulkan_SM5, [00000175688ECF00][0000017566B92AC0 49] Android_PowerVR_G6xxx, [0000017568976C00][0000017566B96C40 49] Android_PowerVR_GT7xxx, [00000175688EEB00][0000017566B9ADC0 49] Android_PowerVR_GE8xxx, [0000017568976B00][0000017566B9EF40 49] Android_PowerVR_GM9xxx, [00000175688B0A00][00000175669F9080 49] Android_PowerVR_GM9xxx_Vulkan, [0000017568974D00][0000017566BA31C0 49] Android_TegraK1, [00000175688B3800][0000017566BA7300 49] Android_Unknown_Vulkan, [0000017568974400][0000017566BAF480 49] Lumin, [00000175688B2500][0000017566BB3600 49] Lumin_Desktop, [0000017568974A00][0000017566BB7780 49] HoloLens, 
[2024.06.08-08.56.30:010][  0]LogMeshReduction: Using QuadricMeshReduction for automatic static mesh reduction
[2024.06.08-08.56.30:010][  0]LogMeshReduction: Using SimplygonMeshReduction for automatic skeletal mesh reduction
[2024.06.08-08.56.30:010][  0]LogMeshReduction: Using ProxyLODMeshReduction for automatic mesh merging
[2024.06.08-08.56.30:010][  0]LogMeshReduction: No distributed automatic mesh merging module available
[2024.06.08-08.56.30:010][  0]LogMeshMerging: No distributed automatic mesh merging module available
[2024.06.08-08.56.30:025][  0]LogNetVersion: TheGame 1.0.0, NetCL: 17155196, EngineNetVer: 17, GameNetVer: 0 (Checksum: 785439437)
[2024.06.08-08.56.30:459][  0]LogTexture: Default maximum texture size for cubemaps generated from long-lat sources has been changed from 512 to unlimited. In order to preserve old behaiour for '/Engine/MapTemplates/Sky/DaylightAmbientCubemap.DaylightAmbientCubemap', its maximum texture size has been explicitly set to 512.
[2024.06.08-08.56.30:518][  0]LogHMD: PokeAHoleMaterial loaded successfully
[2024.06.08-08.56.30:527][  0]LogUObjectArray: 17178 objects as part of root set at end of initial load.
[2024.06.08-08.56.30:527][  0]LogUObjectAllocator: 4302048 out of 0 bytes used by permanent object pool.
[2024.06.08-08.56.30:527][  0]LogUObjectArray: CloseDisregardForGC: 0/0 objects in disregard for GC pool
[2024.06.08-08.56.30:844][  0]LogPython: Using Python 3.7.7
[2024.06.08-08.56.31:503][  0]LogNiagaraDebuggerClient: Niagara Debugger Client Initialized | Session: 4FA444C945FC934F6FFDC182DFBD3517 | Instance: CDE97AB0480E856698F0D2A8C494130C (REALMI_KIRILL-14920).
[2024.06.08-08.56.31:728][  0]LogTcpMessaging: Initializing TcpMessaging bridge
[2024.06.08-08.56.31:734][  0]LogUdpMessaging: Initializing bridge on interface 0.0.0.0:0 to multicast group 230.0.0.1:6666.
[2024.06.08-08.56.31:921][  0]SourceControl: Source control is disabled
[2024.06.08-08.56.31:922][  0]SourceControl: Source control is disabled
[2024.06.08-08.56.31:928][  0]SourceControl: Source control is disabled
[2024.06.08-08.56.31:933][  0]SourceControl: Source control is disabled
[2024.06.08-08.56.31:953][  0]SourceControl: Source control is disabled
[2024.06.08-08.56.32:340][  0]LogOpenImageDenoise: OIDN starting up
[2024.06.08-08.56.32:416][  0]LogAndroidPermission: UAndroidPermissionCallbackProxy::GetInstance
[2024.06.08-08.56.32:430][  0]LogAudioCaptureCore: Display: No Audio Capture implementations found. Audio input will be silent.
[2024.06.08-08.56.32:430][  0]LogAudioCaptureCore: Display: No Audio Capture implementations found. Audio input will be silent.
[2024.06.08-08.56.32:594][  0]LogUProjectInfo: Found projects:
[2024.06.08-08.56.32:630][  0]LogCollectionManager: Loaded 0 collections in 0.000998 seconds
[2024.06.08-08.56.32:673][  0]LogFileCache: Scanning file cache for directory 'D:/1game/game/UE/TheGame/Saved/Collections/' took 0.00s
[2024.06.08-08.56.32:673][  0]LogFileCache: Scanning file cache for directory 'D:/1game/game/UE/TheGame/Content/Developers/kiril/Collections/' took 0.00s
[2024.06.08-08.56.32:673][  0]LogFileCache: Scanning file cache for directory 'D:/1game/game/UE/TheGame/Content/Collections/' took 0.00s
[2024.06.08-08.56.32:673][  0]LogOcInput: OculusInput pre-init called
[2024.06.08-08.56.32:957][  0]LogEngine: Initializing Engine...
[2024.06.08-08.56.32:960][  0]LogHMD: Failed to enumerate extensions. Please check that you have a valid OpenXR runtime installed.
[2024.06.08-08.56.32:960][  0]LogHMD: Failed to initialize OpenVR with code 110
[2024.06.08-08.56.32:960][  0]LogMagicLeap: Warning: VR disabled because ZI is not enabled.  To enable, in the editor, Edit -> Project Settings -> Plugins -> Magic Leap Plugin -> Enable Zero Iteration
[2024.06.08-08.56.32:961][  0]LogStats: UGameplayTagsManager::InitializeManager -  0.000 s
[2024.06.08-08.56.33:118][  0]LogInit: Initializing FReadOnlyCVARCache
[2024.06.08-08.56.33:126][  0]LogAIModule: Creating AISystem for world Untitled
[2024.06.08-08.56.33:127][  0]LogAudio: Display: Initializing Audio Device Manager...
[2024.06.08-08.56.33:132][  0]LogAudio: Display: Loading Default Audio Settings Objects...
[2024.06.08-08.56.33:133][  0]LogAudio: Display: No default SoundConcurrencyObject specified (or failed to load).
[2024.06.08-08.56.33:133][  0]LogAudio: Display: Audio Device Manager Initialized
[2024.06.08-08.56.33:133][  0]LogAudio: Display: Creating Audio Device:                 Id: 1, Scope: Shared, Realtime: True
[2024.06.08-08.56.33:133][  0]LogAudioMixer: Display: Audio Mixer Platform Settings:
[2024.06.08-08.56.33:133][  0]LogAudioMixer: Display: 	Sample Rate:						  48000
[2024.06.08-08.56.33:133][  0]LogAudioMixer: Display: 	Callback Buffer Frame Size Requested: 1024
[2024.06.08-08.56.33:133][  0]LogAudioMixer: Display: 	Callback Buffer Frame Size To Use:	  1024
[2024.06.08-08.56.33:133][  0]LogAudioMixer: Display: 	Number of buffers to queue:			  2
[2024.06.08-08.56.33:133][  0]LogAudioMixer: Display: 	Max Channels (voices):				  32
[2024.06.08-08.56.33:133][  0]LogAudioMixer: Display: 	Number of Async Source Workers:		  0
[2024.06.08-08.56.33:133][  0]LogAudio: Display: AudioDevice MaxSources: 32
[2024.06.08-08.56.33:134][  0]LogAudio: Display: Audio Spatialization Plugin: None (built-in).
[2024.06.08-08.56.33:134][  0]LogAudio: Display: Audio Reverb Plugin: None (built-in).
[2024.06.08-08.56.33:134][  0]LogAudio: Display: Audio Occlusion Plugin: None (built-in).
[2024.06.08-08.56.33:134][  0]LogAudioMixer: Display: Initializing audio mixer.
[2024.06.08-08.56.33:146][  0]LogAudioMixer: Display: 0: FrontLeft
[2024.06.08-08.56.33:146][  0]LogAudioMixer: Display: 1: FrontRight
[2024.06.08-08.56.33:160][  0]LogAudioMixer: Display: Using Audio Device Наушники (2- Haylou X1 2023)
[2024.06.08-08.56.33:164][  0]LogAudioMixer: Display: Initializing Sound Submixes...
[2024.06.08-08.56.33:166][  0]LogAudioMixer: Display: Creating Master Submix 'MasterSubmixDefault'
[2024.06.08-08.56.33:166][  0]LogAudioMixer: Display: Creating Master Submix 'MasterReverbSubmixDefault'
[2024.06.08-08.56.33:167][  0]LogAudioMixer: Display: Creating Master Submix 'MasterEQSubmixDefault'
[2024.06.08-08.56.33:167][  0]LogAudioMixer: FMixerPlatformXAudio2::StartAudioStream() called
[2024.06.08-08.56.33:167][  0]LogAudioMixer: Display: Output buffers initialized: Frames=1024, Channels=2, Samples=2048
[2024.06.08-08.56.33:168][  0]LogAudioMixer: Display: Starting AudioMixerPlatformInterface::RunInternal()
[2024.06.08-08.56.33:168][  0]LogAudioMixer: Display: FMixerPlatformXAudio2::SubmitBuffer() called for the first time
[2024.06.08-08.56.33:168][  0]LogInit: FAudioDevice initialized.
[2024.06.08-08.56.33:168][  0]LogAudio: Display: Audio Device (ID: 1) registered with world 'Untitled'.
[2024.06.08-08.56.33:168][  0]LogNetVersion: Set ProjectVersion to 1.0.0.0. Version Checksum will be recalculated on next use.
[2024.06.08-08.56.33:230][  0]LogDerivedDataCache: Saved boot cache 0.06s 94MB C:/Users/kiril/AppData/Local/UnrealEngine/4.27/DerivedDataCache/Boot.ddc.
[2024.06.08-08.56.33:230][  0]LogInit: Texture streaming: Enabled
[2024.06.08-08.56.33:249][  0]LogAnalytics: Display: [UEEditor.Rocket.Release] APIServer = https://datarouter.ol.epicgames.com/. AppVersion = 4.27.2-18319896+++UE4+Release-4.27
[2024.06.08-08.56.33:253][  0]LogEngineSessionManager: EngineSessionManager initialized
[2024.06.08-08.56.33:254][  0]LogEditorSessionSummary: Verbose: Initializing EditorSessionSummaryWriter for editor session tracking
[2024.06.08-08.56.33:255][  0]LogEditorSessionSummary: EditorSessionSummaryWriter initialized
[2024.06.08-08.56.33:289][  0]LogInit: Transaction tracking system initialized
[2024.06.08-08.56.33:317][  0]BlueprintLog: New page: Editor Load
[2024.06.08-08.56.33:391][  0]LocalizationService: Localization service is disabled
[2024.06.08-08.56.33:426][  0]TimingProfiler: Initialize
[2024.06.08-08.56.33:427][  0]TimingProfiler: OnSessionChanged
[2024.06.08-08.56.33:427][  0]LoadingProfiler: Initialize
[2024.06.08-08.56.33:427][  0]LoadingProfiler: OnSessionChanged
[2024.06.08-08.56.33:427][  0]NetworkingProfiler: Initialize
[2024.06.08-08.56.33:427][  0]NetworkingProfiler: OnSessionChanged
[2024.06.08-08.56.33:427][  0]MemoryProfiler: Initialize
[2024.06.08-08.56.33:427][  0]MemoryProfiler: OnSessionChanged
[2024.06.08-08.56.33:589][  0]LogFileCache: Scanning file cache for directory 'D:/1game/game/UE/TheGame/Content/' took 0.01s
[2024.06.08-08.56.33:589][  0]LogCook: Display: CookSettings for Memory: MemoryMaxUsedVirtual 0MiB, MemoryMaxUsedPhysical 16384MiB, MemoryMinFreeVirtual 0MiB, MemoryMinFreePhysical 1024MiB
[2024.06.08-08.56.33:589][  0]LogCook: Display: Mobile HDR setting 1
[2024.06.08-08.56.33:995][  0]LogInit: Display: Engine is initialized. Leaving FEngineLoop::Init()
[2024.06.08-08.56.34:000][  0]SourceControl: Source control is disabled
[2024.06.08-08.56.34:000][  0]LogUnrealEdMisc: Loading editor; pre map load, took 9.279
[2024.06.08-08.56.34:000][  0]Cmd: MAP LOAD FILE="../../../Engine/Content/Maps/Templates/Template_Default.umap" TEMPLATE=1 SHOWPROGRESS=1 FEATURELEVEL=3
[2024.06.08-08.56.34:000][  0]LightingResults: New page: Lighting Build
[2024.06.08-08.56.34:002][  0]LogWorld: UWorld::CleanupWorld for Untitled, bSessionEnded=true, bCleanupResources=true
[2024.06.08-08.56.34:002][  0]LogSlate: InvalidateAllWidgets triggered.  All widgets were invalidated
[2024.06.08-08.56.34:003][  0]MapCheck: New page: Map Check
[2024.06.08-08.56.34:003][  0]LightingResults: New page: Lighting Build
[2024.06.08-08.56.34:009][  0]LogAudio: Display: Audio Device unregistered from world 'None'.
[2024.06.08-08.56.34:012][  0]LogUObjectHash: Compacting FUObjectHashTables data took   0.78ms
[2024.06.08-08.56.34:069][  0]LogTexture: Display: Building textures: DeprecatedTextureEB9CBE3C423008B5E8E130901E171C89 (BGRA8, 128X128)
[2024.06.08-08.56.34:078][  0]LogAudio: Display: Audio Device (ID: 1) registered with world 'Untitled_1'.
[2024.06.08-08.56.34:079][  0]LogAIModule: Creating AISystem for world Untitled_1
[2024.06.08-08.56.34:084][  0]LogEditorServer: Finished looking for orphan Actors (0.000 secs)
[2024.06.08-08.56.34:103][  0]LogUObjectHash: Compacting FUObjectHashTables data took   0.79ms
[2024.06.08-08.56.34:103][  0]Cmd: MAP CHECKDEP NOCLEARLOG
[2024.06.08-08.56.34:103][  0]MapCheck: Map check complete: 0 Error(s), 0 Warning(s), took 0,107ms to complete.
[2024.06.08-08.56.34:103][  0]LogFileHelpers: Loading map 'Template_Default' took 0.104
[2024.06.08-08.56.34:107][  0]LogUnrealEdMisc: Total Editor Startup Time, took 9.386
[2024.06.08-08.56.34:240][  0]LogSlate: Updating window title bar state: overlay mode, drag disabled, window buttons hidden, title bar hidden
[2024.06.08-08.56.34:247][  0]LogSlate: Updating window title bar state: overlay mode, drag disabled, window buttons hidden, title bar hidden
[2024.06.08-08.56.34:253][  0]LogSlate: Updating window title bar state: overlay mode, drag disabled, window buttons hidden, title bar hidden
[2024.06.08-08.56.34:260][  0]LogSlate: Updating window title bar state: overlay mode, drag disabled, window buttons hidden, title bar hidden
[2024.06.08-08.56.34:272][  0]LogNativeClassHierarchy: Verbose: Native class hierarchy populated in 0.0098 seconds. Added 3824 classes and 930 folders.
[2024.06.08-08.56.34:277][  0]LogNativeClassHierarchy: Verbose: Native class hierarchy updated for 'WidgetCarousel' in 0.0003 seconds. Added 0 classes and 0 folders.
[2024.06.08-08.56.34:278][  0]LogPakFile: PakFile PrimaryIndexSize=187
[2024.06.08-08.56.34:278][  0]LogPakFile: PakFile PathHashIndexSize=101
[2024.06.08-08.56.34:278][  0]LogPakFile: PakFile FullDirectoryIndexSize=148
[2024.06.08-08.56.34:278][  0]LogShaderLibrary: Display: ShaderCodeLibraryPakFileMountedCallback: PakFile 'D:/Epic_Game/UE_4.27/FeaturePacks/FP_FirstPerson.upack' (chunk index -1, root 'root:/') mounted
[2024.06.08-08.56.34:278][  0]LogShaderLibrary: Display: ShaderCodeLibraryPakFileMountedCallback: pending pak file info (ChunkID:-1 Root:root:/ File:D:/Epic_Game/UE_4.27/FeaturePacks/FP_FirstPerson.upack)
[2024.06.08-08.56.34:278][  0]LogPakFile: OnPakFileMounted2Time == 0.000053
[2024.06.08-08.56.34:278][  0]LogPakFile: PakFile PrimaryIndexSize=189
[2024.06.08-08.56.34:278][  0]LogPakFile: PakFile PathHashIndexSize=101
[2024.06.08-08.56.34:278][  0]LogPakFile: PakFile FullDirectoryIndexSize=152
[2024.06.08-08.56.34:278][  0]LogShaderLibrary: Display: ShaderCodeLibraryPakFileMountedCallback: PakFile 'D:/Epic_Game/UE_4.27/FeaturePacks/FP_FirstPersonBP.upack' (chunk index -1, root 'root:/') mounted
[2024.06.08-08.56.34:278][  0]LogShaderLibrary: Display: ShaderCodeLibraryPakFileMountedCallback: pending pak file info (ChunkID:-1 Root:root:/ File:D:/Epic_Game/UE_4.27/FeaturePacks/FP_FirstPersonBP.upack)
[2024.06.08-08.56.34:278][  0]LogPakFile: OnPakFileMounted2Time == 0.000031
[2024.06.08-08.56.34:279][  0]LogPakFile: PakFile PrimaryIndexSize=191
[2024.06.08-08.56.34:279][  0]LogPakFile: PakFile PathHashIndexSize=101
[2024.06.08-08.56.34:279][  0]LogPakFile: PakFile FullDirectoryIndexSize=160
[2024.06.08-08.56.34:279][  0]LogShaderLibrary: Display: ShaderCodeLibraryPakFileMountedCallback: PakFile 'D:/Epic_Game/UE_4.27/FeaturePacks/MobileStarterContent.upack' (chunk index -1, root 'root:/') mounted
[2024.06.08-08.56.34:279][  0]LogShaderLibrary: Display: ShaderCodeLibraryPakFileMountedCallback: pending pak file info (ChunkID:-1 Root:root:/ File:D:/Epic_Game/UE_4.27/FeaturePacks/MobileStarterContent.upack)
[2024.06.08-08.56.34:279][  0]LogPakFile: OnPakFileMounted2Time == 0.000033
[2024.06.08-08.56.34:279][  0]LogPakFile: PakFile PrimaryIndexSize=185
[2024.06.08-08.56.34:279][  0]LogPakFile: PakFile PathHashIndexSize=101
[2024.06.08-08.56.34:279][  0]LogPakFile: PakFile FullDirectoryIndexSize=148
[2024.06.08-08.56.34:279][  0]LogShaderLibrary: Display: ShaderCodeLibraryPakFileMountedCallback: PakFile 'D:/Epic_Game/UE_4.27/FeaturePacks/StarterContent.upack' (chunk index -1, root 'root:/') mounted
[2024.06.08-08.56.34:279][  0]LogShaderLibrary: Display: ShaderCodeLibraryPakFileMountedCallback: pending pak file info (ChunkID:-1 Root:root:/ File:D:/Epic_Game/UE_4.27/FeaturePacks/StarterContent.upack)
[2024.06.08-08.56.34:279][  0]LogPakFile: OnPakFileMounted2Time == 0.000030
[2024.06.08-08.56.34:279][  0]LogPakFile: PakFile PrimaryIndexSize=190
[2024.06.08-08.56.34:279][  0]LogPakFile: PakFile PathHashIndexSize=101
[2024.06.08-08.56.34:279][  0]LogPakFile: PakFile FullDirectoryIndexSize=154
[2024.06.08-08.56.34:279][  0]LogShaderLibrary: Display: ShaderCodeLibraryPakFileMountedCallback: PakFile 'D:/Epic_Game/UE_4.27/FeaturePacks/TP_2DSideScroller.upack' (chunk index -1, root 'root:/') mounted
[2024.06.08-08.56.34:279][  0]LogShaderLibrary: Display: ShaderCodeLibraryPakFileMountedCallback: pending pak file info (ChunkID:-1 Root:root:/ File:D:/Epic_Game/UE_4.27/FeaturePacks/TP_2DSideScroller.upack)
[2024.06.08-08.56.34:279][  0]LogPakFile: OnPakFileMounted2Time == 0.000030
[2024.06.08-08.56.34:280][  0]LogPakFile: PakFile PrimaryIndexSize=192
[2024.06.08-08.56.34:280][  0]LogPakFile: PakFile PathHashIndexSize=101
[2024.06.08-08.56.34:280][  0]LogPakFile: PakFile FullDirectoryIndexSize=158
[2024.06.08-08.56.34:280][  0]LogShaderLibrary: Display: ShaderCodeLibraryPakFileMountedCallback: PakFile 'D:/Epic_Game/UE_4.27/FeaturePacks/TP_2DSideScrollerBP.upack' (chunk index -1, root 'root:/') mounted
[2024.06.08-08.56.34:280][  0]LogShaderLibrary: Display: ShaderCodeLibraryPakFileMountedCallback: pending pak file info (ChunkID:-1 Root:root:/ File:D:/Epic_Game/UE_4.27/FeaturePacks/TP_2DSideScrollerBP.upack)
[2024.06.08-08.56.34:280][  0]LogPakFile: OnPakFileMounted2Time == 0.000028
[2024.06.08-08.56.34:280][  0]LogPakFile: PakFile PrimaryIndexSize=182
[2024.06.08-08.56.34:280][  0]LogPakFile: PakFile PathHashIndexSize=101
[2024.06.08-08.56.34:280][  0]LogPakFile: PakFile FullDirectoryIndexSize=138
[2024.06.08-08.56.34:280][  0]LogShaderLibrary: Display: ShaderCodeLibraryPakFileMountedCallback: PakFile 'D:/Epic_Game/UE_4.27/FeaturePacks/TP_Flying.upack' (chunk index -1, root 'root:/') mounted
[2024.06.08-08.56.34:280][  0]LogShaderLibrary: Display: ShaderCodeLibraryPakFileMountedCallback: pending pak file info (ChunkID:-1 Root:root:/ File:D:/Epic_Game/UE_4.27/FeaturePacks/TP_Flying.upack)
[2024.06.08-08.56.34:280][  0]LogPakFile: OnPakFileMounted2Time == 0.000029
[2024.06.08-08.56.34:280][  0]LogPakFile: PakFile PrimaryIndexSize=184
[2024.06.08-08.56.34:280][  0]LogPakFile: PakFile PathHashIndexSize=101
[2024.06.08-08.56.34:280][  0]LogPakFile: PakFile FullDirectoryIndexSize=142
[2024.06.08-08.56.34:280][  0]LogShaderLibrary: Display: ShaderCodeLibraryPakFileMountedCallback: PakFile 'D:/Epic_Game/UE_4.27/FeaturePacks/TP_FlyingBP.upack' (chunk index -1, root 'root:/') mounted
[2024.06.08-08.56.34:280][  0]LogShaderLibrary: Display: ShaderCodeLibraryPakFileMountedCallback: pending pak file info (ChunkID:-1 Root:root:/ File:D:/Epic_Game/UE_4.27/FeaturePacks/TP_FlyingBP.upack)
[2024.06.08-08.56.34:280][  0]LogPakFile: OnPakFileMounted2Time == 0.000031
[2024.06.08-08.56.34:281][  0]LogPakFile: PakFile PrimaryIndexSize=188
[2024.06.08-08.56.34:281][  0]LogPakFile: PakFile PathHashIndexSize=101
[2024.06.08-08.56.34:281][  0]LogPakFile: PakFile FullDirectoryIndexSize=150
[2024.06.08-08.56.34:281][  0]LogShaderLibrary: Display: ShaderCodeLibraryPakFileMountedCallback: PakFile 'D:/Epic_Game/UE_4.27/FeaturePacks/TP_HandheldARBP.upack' (chunk index -1, root 'root:/') mounted
[2024.06.08-08.56.34:281][  0]LogShaderLibrary: Display: ShaderCodeLibraryPakFileMountedCallback: pending pak file info (ChunkID:-1 Root:root:/ File:D:/Epic_Game/UE_4.27/FeaturePacks/TP_HandheldARBP.upack)
[2024.06.08-08.56.34:281][  0]LogPakFile: OnPakFileMounted2Time == 0.000027
[2024.06.08-08.56.34:281][  0]LogPakFile: PakFile PrimaryIndexSize=182
[2024.06.08-08.56.34:281][  0]LogPakFile: PakFile PathHashIndexSize=101
[2024.06.08-08.56.34:281][  0]LogPakFile: PakFile FullDirectoryIndexSize=138
[2024.06.08-08.56.34:281][  0]LogShaderLibrary: Display: ShaderCodeLibraryPakFileMountedCallback: PakFile 'D:/Epic_Game/UE_4.27/FeaturePacks/TP_Puzzle.upack' (chunk index -1, root 'root:/') mounted
[2024.06.08-08.56.34:281][  0]LogShaderLibrary: Display: ShaderCodeLibraryPakFileMountedCallback: pending pak file info (ChunkID:-1 Root:root:/ File:D:/Epic_Game/UE_4.27/FeaturePacks/TP_Puzzle.upack)
[2024.06.08-08.56.34:281][  0]LogPakFile: OnPakFileMounted2Time == 0.000042
[2024.06.08-08.56.34:283][  0]LogPakFile: PakFile PrimaryIndexSize=184
[2024.06.08-08.56.34:283][  0]LogPakFile: PakFile PathHashIndexSize=101
[2024.06.08-08.56.34:283][  0]LogPakFile: PakFile FullDirectoryIndexSize=142
[2024.06.08-08.56.34:283][  0]LogShaderLibrary: Display: ShaderCodeLibraryPakFileMountedCallback: PakFile 'D:/Epic_Game/UE_4.27/FeaturePacks/TP_PuzzleBP.upack' (chunk index -1, root 'root:/') mounted
[2024.06.08-08.56.34:283][  0]LogShaderLibrary: Display: ShaderCodeLibraryPakFileMountedCallback: pending pak file info (ChunkID:-1 Root:root:/ File:D:/Epic_Game/UE_4.27/FeaturePacks/TP_PuzzleBP.upack)
[2024.06.08-08.56.34:283][  0]LogPakFile: OnPakFileMounted2Time == 0.000048
[2024.06.08-08.56.34:283][  0]LogPakFile: PakFile PrimaryIndexSize=183
[2024.06.08-08.56.34:283][  0]LogPakFile: PakFile PathHashIndexSize=101
[2024.06.08-08.56.34:283][  0]LogPakFile: PakFile FullDirectoryIndexSize=140
[2024.06.08-08.56.34:283][  0]LogShaderLibrary: Display: ShaderCodeLibraryPakFileMountedCallback: PakFile 'D:/Epic_Game/UE_4.27/FeaturePacks/TP_Rolling.upack' (chunk index -1, root 'root:/') mounted
[2024.06.08-08.56.34:283][  0]LogShaderLibrary: Display: ShaderCodeLibraryPakFileMountedCallback: pending pak file info (ChunkID:-1 Root:root:/ File:D:/Epic_Game/UE_4.27/FeaturePacks/TP_Rolling.upack)
[2024.06.08-08.56.34:283][  0]LogPakFile: OnPakFileMounted2Time == 0.000045
[2024.06.08-08.56.34:284][  0]LogPakFile: PakFile PrimaryIndexSize=185
[2024.06.08-08.56.34:284][  0]LogPakFile: PakFile PathHashIndexSize=101
[2024.06.08-08.56.34:284][  0]LogPakFile: PakFile FullDirectoryIndexSize=144
[2024.06.08-08.56.34:284][  0]LogShaderLibrary: Display: ShaderCodeLibraryPakFileMountedCallback: PakFile 'D:/Epic_Game/UE_4.27/FeaturePacks/TP_RollingBP.upack' (chunk index -1, root 'root:/') mounted
[2024.06.08-08.56.34:284][  0]LogShaderLibrary: Display: ShaderCodeLibraryPakFileMountedCallback: pending pak file info (ChunkID:-1 Root:root:/ File:D:/Epic_Game/UE_4.27/FeaturePacks/TP_RollingBP.upack)
[2024.06.08-08.56.34:284][  0]LogPakFile: OnPakFileMounted2Time == 0.000045
[2024.06.08-08.56.34:284][  0]LogPakFile: PakFile PrimaryIndexSize=188
[2024.06.08-08.56.34:284][  0]LogPakFile: PakFile PathHashIndexSize=101
[2024.06.08-08.56.34:284][  0]LogPakFile: PakFile FullDirectoryIndexSize=150
[2024.06.08-08.56.34:284][  0]LogShaderLibrary: Display: ShaderCodeLibraryPakFileMountedCallback: PakFile 'D:/Epic_Game/UE_4.27/FeaturePacks/TP_SideScroller.upack' (chunk index -1, root 'root:/') mounted
[2024.06.08-08.56.34:284][  0]LogShaderLibrary: Display: ShaderCodeLibraryPakFileMountedCallback: pending pak file info (ChunkID:-1 Root:root:/ File:D:/Epic_Game/UE_4.27/FeaturePacks/TP_SideScroller.upack)
[2024.06.08-08.56.34:284][  0]LogPakFile: OnPakFileMounted2Time == 0.000039
[2024.06.08-08.56.34:284][  0]LogPakFile: PakFile PrimaryIndexSize=190
[2024.06.08-08.56.34:284][  0]LogPakFile: PakFile PathHashIndexSize=101
[2024.06.08-08.56.34:284][  0]LogPakFile: PakFile FullDirectoryIndexSize=154
[2024.06.08-08.56.34:284][  0]LogShaderLibrary: Display: ShaderCodeLibraryPakFileMountedCallback: PakFile 'D:/Epic_Game/UE_4.27/FeaturePacks/TP_SideScrollerBP.upack' (chunk index -1, root 'root:/') mounted
[2024.06.08-08.56.34:285][  0]LogShaderLibrary: Display: ShaderCodeLibraryPakFileMountedCallback: pending pak file info (ChunkID:-1 Root:root:/ File:D:/Epic_Game/UE_4.27/FeaturePacks/TP_SideScrollerBP.upack)
[2024.06.08-08.56.34:285][  0]LogPakFile: OnPakFileMounted2Time == 0.000027
[2024.06.08-08.56.34:285][  0]LogPakFile: PakFile PrimaryIndexSize=187
[2024.06.08-08.56.34:285][  0]LogPakFile: PakFile PathHashIndexSize=101
[2024.06.08-08.56.34:285][  0]LogPakFile: PakFile FullDirectoryIndexSize=148
[2024.06.08-08.56.34:285][  0]LogShaderLibrary: Display: ShaderCodeLibraryPakFileMountedCallback: PakFile 'D:/Epic_Game/UE_4.27/FeaturePacks/TP_ThirdPerson.upack' (chunk index -1, root 'root:/') mounted
[2024.06.08-08.56.34:285][  0]LogShaderLibrary: Display: ShaderCodeLibraryPakFileMountedCallback: pending pak file info (ChunkID:-1 Root:root:/ File:D:/Epic_Game/UE_4.27/FeaturePacks/TP_ThirdPerson.upack)
[2024.06.08-08.56.34:285][  0]LogPakFile: OnPakFileMounted2Time == 0.000027
[2024.06.08-08.56.34:285][  0]LogPakFile: PakFile PrimaryIndexSize=189
[2024.06.08-08.56.34:285][  0]LogPakFile: PakFile PathHashIndexSize=101
[2024.06.08-08.56.34:285][  0]LogPakFile: PakFile FullDirectoryIndexSize=152
[2024.06.08-08.56.34:285][  0]LogShaderLibrary: Display: ShaderCodeLibraryPakFileMountedCallback: PakFile 'D:/Epic_Game/UE_4.27/FeaturePacks/TP_ThirdPersonBP.upack' (chunk index -1, root 'root:/') mounted
[2024.06.08-08.56.34:285][  0]LogShaderLibrary: Display: ShaderCodeLibraryPakFileMountedCallback: pending pak file info (ChunkID:-1 Root:root:/ File:D:/Epic_Game/UE_4.27/FeaturePacks/TP_ThirdPersonBP.upack)
[2024.06.08-08.56.34:285][  0]LogPakFile: OnPakFileMounted2Time == 0.000026
[2024.06.08-08.56.34:285][  0]LogPakFile: PakFile PrimaryIndexSize=183
[2024.06.08-08.56.34:285][  0]LogPakFile: PakFile PathHashIndexSize=101
[2024.06.08-08.56.34:285][  0]LogPakFile: PakFile FullDirectoryIndexSize=140
[2024.06.08-08.56.34:285][  0]LogShaderLibrary: Display: ShaderCodeLibraryPakFileMountedCallback: PakFile 'D:/Epic_Game/UE_4.27/FeaturePacks/TP_TopDown.upack' (chunk index -1, root 'root:/') mounted
[2024.06.08-08.56.34:285][  0]LogShaderLibrary: Display: ShaderCodeLibraryPakFileMountedCallback: pending pak file info (ChunkID:-1 Root:root:/ File:D:/Epic_Game/UE_4.27/FeaturePacks/TP_TopDown.upack)
[2024.06.08-08.56.34:285][  0]LogPakFile: OnPakFileMounted2Time == 0.000035
[2024.06.08-08.56.34:285][  0]LogPakFile: PakFile PrimaryIndexSize=185
[2024.06.08-08.56.34:285][  0]LogPakFile: PakFile PathHashIndexSize=101
[2024.06.08-08.56.34:285][  0]LogPakFile: PakFile FullDirectoryIndexSize=144
[2024.06.08-08.56.34:285][  0]LogShaderLibrary: Display: ShaderCodeLibraryPakFileMountedCallback: PakFile 'D:/Epic_Game/UE_4.27/FeaturePacks/TP_TopDownBP.upack' (chunk index -1, root 'root:/') mounted
[2024.06.08-08.56.34:285][  0]LogShaderLibrary: Display: ShaderCodeLibraryPakFileMountedCallback: pending pak file info (ChunkID:-1 Root:root:/ File:D:/Epic_Game/UE_4.27/FeaturePacks/TP_TopDownBP.upack)
[2024.06.08-08.56.34:285][  0]LogPakFile: OnPakFileMounted2Time == 0.000027
[2024.06.08-08.56.34:286][  0]LogPakFile: PakFile PrimaryIndexSize=185
[2024.06.08-08.56.34:286][  0]LogPakFile: PakFile PathHashIndexSize=101
[2024.06.08-08.56.34:286][  0]LogPakFile: PakFile FullDirectoryIndexSize=144
[2024.06.08-08.56.34:286][  0]LogShaderLibrary: Display: ShaderCodeLibraryPakFileMountedCallback: PakFile 'D:/Epic_Game/UE_4.27/FeaturePacks/TP_TwinStick.upack' (chunk index -1, root 'root:/') mounted
[2024.06.08-08.56.34:286][  0]LogShaderLibrary: Display: ShaderCodeLibraryPakFileMountedCallback: pending pak file info (ChunkID:-1 Root:root:/ File:D:/Epic_Game/UE_4.27/FeaturePacks/TP_TwinStick.upack)
[2024.06.08-08.56.34:286][  0]LogPakFile: OnPakFileMounted2Time == 0.000027
[2024.06.08-08.56.34:286][  0]LogPakFile: PakFile PrimaryIndexSize=187
[2024.06.08-08.56.34:286][  0]LogPakFile: PakFile PathHashIndexSize=101
[2024.06.08-08.56.34:286][  0]LogPakFile: PakFile FullDirectoryIndexSize=148
[2024.06.08-08.56.34:286][  0]LogShaderLibrary: Display: ShaderCodeLibraryPakFileMountedCallback: PakFile 'D:/Epic_Game/UE_4.27/FeaturePacks/TP_TwinStickBP.upack' (chunk index -1, root 'root:/') mounted
[2024.06.08-08.56.34:286][  0]LogShaderLibrary: Display: ShaderCodeLibraryPakFileMountedCallback: pending pak file info (ChunkID:-1 Root:root:/ File:D:/Epic_Game/UE_4.27/FeaturePacks/TP_TwinStickBP.upack)
[2024.06.08-08.56.34:286][  0]LogPakFile: OnPakFileMounted2Time == 0.000026
[2024.06.08-08.56.34:286][  0]LogPakFile: PakFile PrimaryIndexSize=183
[2024.06.08-08.56.34:286][  0]LogPakFile: PakFile PathHashIndexSize=101
[2024.06.08-08.56.34:286][  0]LogPakFile: PakFile FullDirectoryIndexSize=140
[2024.06.08-08.56.34:286][  0]LogShaderLibrary: Display: ShaderCodeLibraryPakFileMountedCallback: PakFile 'D:/Epic_Game/UE_4.27/FeaturePacks/TP_Vehicle.upack' (chunk index -1, root 'root:/') mounted
[2024.06.08-08.56.34:286][  0]LogShaderLibrary: Display: ShaderCodeLibraryPakFileMountedCallback: pending pak file info (ChunkID:-1 Root:root:/ File:D:/Epic_Game/UE_4.27/FeaturePacks/TP_Vehicle.upack)
[2024.06.08-08.56.34:286][  0]LogPakFile: OnPakFileMounted2Time == 0.000027
[2024.06.08-08.56.34:287][  0]LogPakFile: PakFile PrimaryIndexSize=186
[2024.06.08-08.56.34:287][  0]LogPakFile: PakFile PathHashIndexSize=101
[2024.06.08-08.56.34:287][  0]LogPakFile: PakFile FullDirectoryIndexSize=146
[2024.06.08-08.56.34:287][  0]LogShaderLibrary: Display: ShaderCodeLibraryPakFileMountedCallback: PakFile 'D:/Epic_Game/UE_4.27/FeaturePacks/TP_VehicleAdv.upack' (chunk index -1, root 'root:/') mounted
[2024.06.08-08.56.34:287][  0]LogShaderLibrary: Display: ShaderCodeLibraryPakFileMountedCallback: pending pak file info (ChunkID:-1 Root:root:/ File:D:/Epic_Game/UE_4.27/FeaturePacks/TP_VehicleAdv.upack)
[2024.06.08-08.56.34:287][  0]LogPakFile: OnPakFileMounted2Time == 0.000028
[2024.06.08-08.56.34:287][  0]LogPakFile: PakFile PrimaryIndexSize=188
[2024.06.08-08.56.34:287][  0]LogPakFile: PakFile PathHashIndexSize=101
[2024.06.08-08.56.34:288][  0]LogPakFile: PakFile FullDirectoryIndexSize=150
[2024.06.08-08.56.34:288][  0]LogShaderLibrary: Display: ShaderCodeLibraryPakFileMountedCallback: PakFile 'D:/Epic_Game/UE_4.27/FeaturePacks/TP_VehicleAdvBP.upack' (chunk index -1, root 'root:/') mounted
[2024.06.08-08.56.34:288][  0]LogShaderLibrary: Display: ShaderCodeLibraryPakFileMountedCallback: pending pak file info (ChunkID:-1 Root:root:/ File:D:/Epic_Game/UE_4.27/FeaturePacks/TP_VehicleAdvBP.upack)
[2024.06.08-08.56.34:288][  0]LogPakFile: OnPakFileMounted2Time == 0.000027
[2024.06.08-08.56.34:288][  0]LogPakFile: PakFile PrimaryIndexSize=185
[2024.06.08-08.56.34:288][  0]LogPakFile: PakFile PathHashIndexSize=101
[2024.06.08-08.56.34:288][  0]LogPakFile: PakFile FullDirectoryIndexSize=144
[2024.06.08-08.56.34:288][  0]LogShaderLibrary: Display: ShaderCodeLibraryPakFileMountedCallback: PakFile 'D:/Epic_Game/UE_4.27/FeaturePacks/TP_VehicleBP.upack' (chunk index -1, root 'root:/') mounted
[2024.06.08-08.56.34:288][  0]LogShaderLibrary: Display: ShaderCodeLibraryPakFileMountedCallback: pending pak file info (ChunkID:-1 Root:root:/ File:D:/Epic_Game/UE_4.27/FeaturePacks/TP_VehicleBP.upack)
[2024.06.08-08.56.34:288][  0]LogPakFile: OnPakFileMounted2Time == 0.000029
[2024.06.08-08.56.34:288][  0]LogPakFile: PakFile PrimaryIndexSize=192
[2024.06.08-08.56.34:288][  0]LogPakFile: PakFile PathHashIndexSize=101
[2024.06.08-08.56.34:288][  0]LogPakFile: PakFile FullDirectoryIndexSize=158
[2024.06.08-08.56.34:288][  0]LogShaderLibrary: Display: ShaderCodeLibraryPakFileMountedCallback: PakFile 'D:/Epic_Game/UE_4.27/FeaturePacks/TP_VirtualRealityBP.upack' (chunk index -1, root 'root:/') mounted
[2024.06.08-08.56.34:288][  0]LogShaderLibrary: Display: ShaderCodeLibraryPakFileMountedCallback: pending pak file info (ChunkID:-1 Root:root:/ File:D:/Epic_Game/UE_4.27/FeaturePacks/TP_VirtualRealityBP.upack)
[2024.06.08-08.56.34:288][  0]LogPakFile: OnPakFileMounted2Time == 0.000027
[2024.06.08-08.56.34:317][  0]LogNativeClassHierarchy: Verbose: Native class hierarchy updated for 'AddContentDialog' in 0.0003 seconds. Added 0 classes and 0 folders.
[2024.06.08-08.56.34:324][  0]LogNativeClassHierarchy: Verbose: Native class hierarchy updated for 'SceneOutliner' in 0.0004 seconds. Added 2 classes and 0 folders.
[2024.06.08-08.56.34:415][  0]LogSlate: Took 0.000190 seconds to synchronously load lazily loaded font '../../../Engine/Content/Slate/Fonts/Roboto-Regular.ttf' (155K)
[2024.06.08-08.56.34:417][  0]LogSlate: Took 0.000211 seconds to synchronously load lazily loaded font '../../../Engine/Content/Editor/Slate/Fonts/FontAwesome.ttf' (139K)
[2024.06.08-08.56.34:420][  0]LogSlate: Took 0.000273 seconds to synchronously load lazily loaded font '../../../Engine/Content/Slate/Fonts/Roboto-Bold.ttf' (160K)
[2024.06.08-08.56.34:517][  0]LogRenderer: Reallocating scene render targets to support 700x512 Format 10 NumSamples 1 (Frame:1).
[2024.06.08-08.56.34:948][  0]LogNativeClassHierarchy: Verbose: Native class hierarchy updated for 'HierarchicalLODOutliner' in 0.0004 seconds. Added 0 classes and 0 folders.
[2024.06.08-08.56.34:948][  0]LogLoad: (Engine Initialization) Total time: 10.23 seconds
[2024.06.08-08.56.34:948][  0]LogLoad: (Engine Initialization) Total Blueprint compile time: 0.00 seconds
[2024.06.08-08.56.35:020][  0]LogContentStreaming: Texture pool size now 1000 MB
[2024.06.08-08.56.35:042][  1]LogAssetRegistry: Asset discovery search completed in 5.4555 seconds
[2024.06.08-08.56.35:054][  1]LogCollectionManager: Fixed up redirectors for 0 collections in 0.000006 seconds (updated 0 objects)
