Log file open, 06/08/24 16:50:47
LogWindows: Failed to load 'aqProf.dll' (GetLastError=126)
LogWindows: File 'aqProf.dll' does not exist
LogWindows: Failed to load 'VtuneApi.dll' (GetLastError=126)
LogWindows: File 'VtuneApi.dll' does not exist
LogWindows: Failed to load 'VtuneApi32e.dll' (GetLastError=126)
LogWindows: File 'VtuneApi32e.dll' does not exist
LogConsoleResponse: Display: Failed to find resolution value strings in scalability ini. Falling back to default.
LogConsoleResponse: Display: Failed to find resolution value strings in scalability ini. Falling back to default.
LogInit: Display: Running engine for game: TheGame
LogPlatformFile: Not using cached read wrapper
LogTaskGraph: Started task graph with 5 named threads and 23 total threads with 3 sets of task threads.
LogStats: Stats thread started at 0.406621
LogICUInternationalization: ICU TimeZone Detection - Raw Offset: +3:00, Platform Override: ''
LogInit: Display: Loading text-based GConfig....
LogPluginManager: Mounting plugin MeshPainting
LogPluginManager: Mounting plugin XGEController
LogPluginManager: Mounting plugin AISupport
LogPluginManager: Mounting plugin Paper2D
LogPluginManager: Mounting plugin EnvironmentQueryEditor
LogPluginManager: Mounting plugin LiveLink
LogPluginManager: Mounting plugin LightPropagationVolume
LogPluginManager: Mounting plugin GameplayCameras
LogPluginManager: Mounting plugin CameraShakePreviewer
LogPluginManager: Mounting plugin OodleData
LogPluginManager: Mounting plugin OodleNetwork
LogPluginManager: Mounting plugin AnimationSharing
LogPluginManager: Mounting plugin Niagara
LogPluginManager: Mounting plugin AssetManagerEditor
LogPluginManager: Mounting plugin CodeLiteSourceCodeAccess
LogPluginManager: Mounting plugin GitSourceControl
LogPluginManager: Mounting plugin CLionSourceCodeAccess
LogPluginManager: Mounting plugin NullSourceCodeAccess
LogPluginManager: Mounting plugin KDevelopSourceCodeAccess
LogPluginManager: Mounting plugin PerforceSourceControl
LogPluginManager: Mounting plugin AlembicImporter
LogPluginManager: Mounting plugin PixWinPlugin
LogPluginManager: Mounting plugin PlasticSourceControl
LogPluginManager: Mounting plugin PluginUtils
LogPluginManager: Mounting plugin PropertyAccessNode
LogPluginManager: Mounting plugin AutomationUtils
LogPluginManager: Mounting plugin BackChannel
LogPluginManager: Mounting plugin DatasmithContent
LogPluginManager: Mounting plugin RiderSourceCodeAccess
LogPluginManager: Mounting plugin SubversionSourceControl
LogPluginManager: Mounting plugin TextureFormatOodle
LogPluginManager: Mounting plugin ChaosCloth
LogPluginManager: Mounting plugin ChaosClothEditor
LogPluginManager: Mounting plugin UObjectPlugin
LogPluginManager: Mounting plugin CryptoKeys
LogPluginManager: Mounting plugin CurveEditorTools
LogPluginManager: Mounting plugin ChaosEditor
LogPluginManager: Mounting plugin DataValidation
LogPluginManager: Mounting plugin ChaosNiagara
LogPluginManager: Mounting plugin ChaosSolverPlugin
LogPluginManager: Mounting plugin FacialAnimation
LogPluginManager: Mounting plugin GameplayTagsEditor
LogPluginManager: Mounting plugin CharacterAI
LogPluginManager: Mounting plugin GeometryMode
LogPluginManager: Mounting plugin MacGraphicsSwitching
LogPluginManager: Mounting plugin MaterialAnalyzer
LogPluginManager: Mounting plugin MobileLauncherProfileWizard
LogPluginManager: Mounting plugin PluginBrowser
LogPluginManager: Mounting plugin SpeedTreeImporter
LogPluginManager: Mounting plugin VariantManagerContent
LogPluginManager: Mounting plugin VisualStudioCodeSourceCodeAccess
LogPluginManager: Mounting plugin GeometryCache
LogPluginManager: Mounting plugin VisualStudioSourceCodeAccess
LogPluginManager: Mounting plugin XCodeSourceCodeAccess
LogPluginManager: Mounting plugin GeometryCollectionPlugin
LogPluginManager: Mounting plugin GeometryProcessing
LogPluginManager: Mounting plugin OpenImageDenoise
LogPluginManager: Mounting plugin MotoSynth
LogPluginManager: Mounting plugin PlanarCut
LogPluginManager: Mounting plugin PlatformCrypto
LogPluginManager: Mounting plugin ProxyLODPlugin
LogPluginManager: Mounting plugin PythonScriptPlugin
LogPluginManager: Mounting plugin SkeletalReduction
LogPluginManager: Mounting plugin LuminPlatformFeatures
LogPluginManager: Mounting plugin MagicLeap
LogPluginManager: Mounting plugin MagicLeapMedia
LogPluginManager: Mounting plugin MagicLeapLightEstimation
LogPluginManager: Mounting plugin MLSDK
LogPluginManager: Mounting plugin AndroidMedia
LogPluginManager: Mounting plugin ActorSequence
LogPluginManager: Mounting plugin LevelSequenceEditor
LogPluginManager: Mounting plugin MatineeToLevelSequence
LogPluginManager: Mounting plugin TemplateSequence
LogPluginManager: Mounting plugin AvfMedia
LogPluginManager: Mounting plugin ImgMedia
LogPluginManager: Mounting plugin MediaCompositing
LogPluginManager: Mounting plugin MediaPlayerEditor
LogPluginManager: Mounting plugin WebMMedia
LogPluginManager: Mounting plugin WmfMedia
LogPluginManager: Mounting plugin LauncherChunkInstaller
LogPluginManager: Mounting plugin OnlineSubsystemNull
LogPluginManager: Mounting plugin MagicLeapPassableWorld
LogPluginManager: Mounting plugin OnlineSubsystem
LogPluginManager: Mounting plugin ActorLayerUtilities
LogPluginManager: Mounting plugin OnlineSubsystemUtils
LogPluginManager: Mounting plugin AndroidMoviePlayer
LogPluginManager: Mounting plugin AndroidDeviceProfileSelector
LogPluginManager: Mounting plugin AppleImageUtils
LogPluginManager: Mounting plugin ArchVisCharacter
LogPluginManager: Mounting plugin AssetTags
LogPluginManager: Mounting plugin AudioCapture
LogPluginManager: Mounting plugin AudioSynesthesia
LogPluginManager: Mounting plugin CableComponent
LogPluginManager: Mounting plugin ChunkDownloader
LogPluginManager: Mounting plugin CustomMeshComponent
LogPluginManager: Mounting plugin EditableMesh
LogPluginManager: Mounting plugin ExampleDeviceProfileSelector
LogPluginManager: Mounting plugin GoogleCloudMessaging
LogPluginManager: Mounting plugin GooglePAD
LogPluginManager: Mounting plugin AppleMoviePlayer
LogPluginManager: Mounting plugin IOSDeviceProfileSelector
LogPluginManager: Mounting plugin LinuxDeviceProfileSelector
LogPluginManager: Mounting plugin LocationServicesBPLibrary
LogPluginManager: Mounting plugin MobilePatchingUtils
LogPluginManager: Mounting plugin OpenXR
LogPluginManager: Mounting plugin OpenXREyeTracker
LogPluginManager: Mounting plugin OpenXRHandTracking
LogPluginManager: Mounting plugin PhysXVehicles
LogPluginManager: Mounting plugin ProceduralMeshComponent
LogPluginManager: Mounting plugin PropertyAccessEditor
LogPluginManager: Mounting plugin RuntimePhysXCooking
LogPluginManager: Mounting plugin SignificanceManager
LogPluginManager: Mounting plugin SoundFields
LogPluginManager: Mounting plugin PostSplashScreen
LogPluginManager: Mounting plugin Synthesis
LogPluginManager: Mounting plugin ScreenshotTools
LogPluginManager: Mounting plugin WebMMoviePlayer
LogPluginManager: Mounting plugin WindowsMoviePlayer
LogPluginManager: Mounting plugin UdpMessaging
LogPluginManager: Mounting plugin TcpMessaging
LogPluginManager: Mounting plugin Takes
LogPluginManager: Mounting plugin AndroidPermission
LogPluginManager: Mounting plugin ContentBrowserAssetDataSource
LogPluginManager: Mounting plugin ContentBrowserClassDataSource
LogPluginManager: Mounting plugin ContentBrowserFileDataSource
LogPluginManager: Mounting plugin OnlineSubsystemGooglePlay
LogPluginManager: Mounting plugin OnlineSubsystemIOS
LogPluginManager: Mounting plugin OculusVR
LogPluginManager: Mounting plugin SteamVR
PixWinPlugin: PIX capture plugin failed to initialize! Check that the process is launched from PIX.
LogInit: Using libcurl 7.55.1-DEV
LogInit:  - built for x86_64-pc-win32
LogInit:  - supports SSL with OpenSSL/1.1.1
LogInit:  - supports HTTP deflate (compression) using libz 1.2.8
LogInit:  - other features:
LogInit:      CURL_VERSION_SSL
LogInit:      CURL_VERSION_LIBZ
LogInit:      CURL_VERSION_IPV6
LogInit:      CURL_VERSION_ASYNCHDNS
LogInit:      CURL_VERSION_LARGEFILE
LogInit:      CURL_VERSION_IDN
LogInit:  CurlRequestOptions (configurable via config and command line):
LogInit:  - bVerifyPeer = true  - Libcurl will verify peer certificate
LogInit:  - bUseHttpProxy = false  - Libcurl will NOT use HTTP proxy
LogInit:  - bDontReuseConnections = false  - Libcurl will reuse connections
LogInit:  - MaxHostConnections = 16  - Libcurl will limit the number of connections to a host
LogInit:  - LocalHostAddr = Default
LogInit:  - BufferSize = 65536
LogOnline: OSS: Creating online subsystem instance for: NULL
LogInit: WinSock: version 1.1 (2.2), MaxSocks=32767, MaxUdp=65467
LogOnline: OSS: TryLoadSubsystemAndSetDefault: Loaded subsystem for module [NULL]
LogOculusPluginWrapper: OculusPlugin initialized successfully
LogHMD: Failed initializing OVRPlugin 1.59.0
LogInit: Build: ++UE4+Release-4.27-CL-18319896
LogInit: Engine Version: 4.27.2-18319896+++UE4+Release-4.27
LogInit: Compatible Engine Version: 4.27.0-17155196+++UE4+Release-4.27
LogInit: Net CL: 17155196
LogInit: OS: Windows 10 (Release 2009) (), CPU: 11th Gen Intel(R) Core(TM) i5-11320H @ 3.20GHz, GPU: Intel(R) Iris(R) Xe Graphics
LogInit: Compiled (64-bit): Nov 30 2021 07:12:08
LogInit: Compiled with Visual C++: 19.24.28315.00
LogInit: Build Configuration: Development
LogInit: Branch Name: ++UE4+Release-4.27
LogInit: Command Line: 
LogInit: Base Directory: D:/Epic_Game/UE_4.27/Engine/Binaries/Win64/
LogInit: Allocator: TBB
LogInit: Installed Engine Build: 1
LogDevObjectVersion: Number of dev versions registered: 29
LogDevObjectVersion:   Dev-Blueprints (B0D832E4-1F89-4F0D-ACCF-7EB736FD4AA2): 10
LogDevObjectVersion:   Dev-Build (E1C64328-A22C-4D53-A36C-8E866417BD8C): 0
LogDevObjectVersion:   Dev-Core (375EC13C-06E4-48FB-B500-84F0262A717E): 4
LogDevObjectVersion:   Dev-Editor (E4B068ED-F494-42E9-A231-DA0B2E46BB41): 40
LogDevObjectVersion:   Dev-Framework (CFFC743F-43B0-4480-9391-14DF171D2073): 37
LogDevObjectVersion:   Dev-Mobile (B02B49B5-BB20-44E9-A304-32B752E40360): 3
LogDevObjectVersion:   Dev-Networking (A4E4105C-59A1-49B5-A7C5-40C4547EDFEE): 0
LogDevObjectVersion:   Dev-Online (39C831C9-5AE6-47DC-9A44-9C173E1C8E7C): 0
LogDevObjectVersion:   Dev-Physics (78F01B33-EBEA-4F98-B9B4-84EACCB95AA2): 14
LogDevObjectVersion:   Dev-Platform (6631380F-2D4D-43E0-8009-CF276956A95A): 0
LogDevObjectVersion:   Dev-Rendering (12F88B9F-8875-4AFC-A67C-D90C383ABD29): 45
LogDevObjectVersion:   Dev-Sequencer (7B5AE74C-D270-4C10-A958-57980B212A5A): 13
LogDevObjectVersion:   Dev-VR (D7296918-1DD6-4BDD-9DE2-64A83CC13884): 3
LogDevObjectVersion:   Dev-LoadTimes (C2A15278-BFE7-4AFE-6C17-90FF531DF755): 1
LogDevObjectVersion:   Private-Geometry (6EACA3D4-40EC-4CC1-B786-8BED09428FC5): 3
LogDevObjectVersion:   Dev-AnimPhys (29E575DD-E0A3-4627-9D10-D276232CDCEA): 17
LogDevObjectVersion:   Dev-Anim (AF43A65D-7FD3-4947-9873-3E8ED9C1BB05): 15
LogDevObjectVersion:   Dev-ReflectionCapture (6B266CEC-1EC7-4B8F-A30B-E4D90942FC07): 1
LogDevObjectVersion:   Dev-Automation (0DF73D61-A23F-47EA-B727-89E90C41499A): 1
LogDevObjectVersion:   FortniteMain (601D1886-AC64-4F84-AA16-D3DE0DEAC7D6): 47
LogDevObjectVersion:   FortniteRelease (E7086368-6B23-4C58-8439-1B7016265E91): 1
LogDevObjectVersion:   Dev-Enterprise (9DFFBCD6-494F-0158-E221-12823C92A888): 10
LogDevObjectVersion:   Dev-Niagara (F2AED0AC-9AFE-416F-8664-AA7FFA26D6FC): 1
LogDevObjectVersion:   Dev-Destruction (174F1F0B-B4C6-45A5-B13F-2EE8D0FB917D): 10
LogDevObjectVersion:   Dev-Physics-Ext (35F94A83-E258-406C-A318-09F59610247C): 41
LogDevObjectVersion:   Dev-PhysicsMaterial-Chaos (B68FC16E-8B1B-42E2-B453-215C058844FE): 1
LogDevObjectVersion:   Dev-CineCamera (B2E18506-4273-CFC2-A54E-F4BB758BBA07): 1
LogDevObjectVersion:   Dev-VirtualProduction (64F58936-FD1B-42BA-BA96-7289D5D0FA4E): 1
LogDevObjectVersion:   Dev-MediaFramework (6F0ED827-A609-4895-9C91-998D90180EA4): 2
LogInit: Presizing for max 25165824 objects, including 0 objects not considered by GC, pre-allocating 0 bytes for permanent pool.
LogConfig: Applying CVar settings from Section [/Script/Engine.StreamingSettings] File [D:/1game/game/UE/TheGame/Saved/Config/Windows/Engine.ini]
LogConfig: Setting CVar [[s.MinBulkDataSizeForAsyncLoading:131072]]
LogConfig: Setting CVar [[s.AsyncLoadingThreadEnabled:0]]
LogConfig: Setting CVar [[s.EventDrivenLoaderEnabled:1]]
LogConfig: Setting CVar [[s.WarnIfTimeLimitExceeded:0]]
LogConfig: Setting CVar [[s.TimeLimitExceededMultiplier:1.5]]
LogConfig: Setting CVar [[s.TimeLimitExceededMinTime:0.005]]
LogConfig: Setting CVar [[s.UseBackgroundLevelStreaming:1]]
LogConfig: Setting CVar [[s.PriorityAsyncLoadingExtraTime:15.0]]
LogConfig: Setting CVar [[s.LevelStreamingActorsUpdateTimeLimit:5.0]]
LogConfig: Setting CVar [[s.PriorityLevelStreamingActorsUpdateExtraTime:5.0]]
LogConfig: Setting CVar [[s.LevelStreamingComponentsRegistrationGranularity:10]]
LogConfig: Setting CVar [[s.UnregisterComponentsTimeLimit:1.0]]
LogConfig: Setting CVar [[s.LevelStreamingComponentsUnregistrationGranularity:5]]
LogConfig: Setting CVar [[s.FlushStreamingOnExit:1]]
LogInit: Object subsystem initialized
LogConfig: Setting CVar [[con.DebugEarlyDefault:1]]
LogConfig: Setting CVar [[r.setres:1280x720]]
[2024.06.08-13.50.47:855][  0]LogConfig: Setting CVar [[r.VSync:0]]
[2024.06.08-13.50.47:855][  0]LogConfig: Setting CVar [[r.RHICmdBypass:0]]
[2024.06.08-13.50.47:855][  0]LogConfig: Applying CVar settings from Section [/Script/Engine.RendererSettings] File [D:/1game/game/UE/TheGame/Saved/Config/Windows/Engine.ini]
[2024.06.08-13.50.47:855][  0]LogConfig: Setting CVar [[r.GPUCrashDebugging:0]]
[2024.06.08-13.50.47:855][  0]LogConfig: Setting CVar [[r.Mobile.DisableVertexFog:1]]
[2024.06.08-13.50.47:855][  0]LogConfig: Setting CVar [[r.Shadow.CSM.MaxMobileCascades:2]]
[2024.06.08-13.50.47:855][  0]LogConfig: Setting CVar [[r.MobileMSAA:1]]
[2024.06.08-13.50.47:855][  0]LogConfig: Setting CVar [[r.Mobile.AllowDitheredLODTransition:0]]
[2024.06.08-13.50.47:855][  0]LogConfig: Setting CVar [[r.Mobile.AllowSoftwareOcclusion:0]]
[2024.06.08-13.50.47:855][  0]LogConfig: Setting CVar [[r.Mobile.VirtualTextures:0]]
[2024.06.08-13.50.47:855][  0]LogConfig: Setting CVar [[r.DiscardUnusedQuality:0]]
[2024.06.08-13.50.47:855][  0]LogConfig: Setting CVar [[r.AllowOcclusionQueries:1]]
[2024.06.08-13.50.47:855][  0]LogConfig: Setting CVar [[r.MinScreenRadiusForLights:0.030000]]
[2024.06.08-13.50.47:855][  0]LogConfig: Setting CVar [[r.MinScreenRadiusForDepthPrepass:0.030000]]
[2024.06.08-13.50.47:855][  0]LogConfig: Setting CVar [[r.MinScreenRadiusForCSMDepth:0.010000]]
[2024.06.08-13.50.47:855][  0]LogConfig: Setting CVar [[r.PrecomputedVisibilityWarning:0]]
[2024.06.08-13.50.47:855][  0]LogConfig: Setting CVar [[r.TextureStreaming:1]]
[2024.06.08-13.50.47:855][  0]LogConfig: Setting CVar [[Compat.UseDXT5NormalMaps:0]]
[2024.06.08-13.50.47:855][  0]LogConfig: Setting CVar [[r.VirtualTextures:0]]
[2024.06.08-13.50.47:855][  0]LogConfig: Setting CVar [[r.VT.EnableAutoImport:1]]
[2024.06.08-13.50.47:855][  0]LogConfig: Setting CVar [[r.VirtualTexturedLightmaps:0]]
[2024.06.08-13.50.47:855][  0]LogConfig: Setting CVar [[r.VT.TileSize:128]]
[2024.06.08-13.50.47:855][  0]LogConfig: Setting CVar [[r.VT.TileBorderSize:4]]
[2024.06.08-13.50.47:855][  0]LogConfig: Setting CVar [[r.vt.FeedbackFactor:16]]
[2024.06.08-13.50.47:855][  0]LogConfig: Setting CVar [[r.VT.EnableCompressZlib:1]]
[2024.06.08-13.50.47:855][  0]LogConfig: Setting CVar [[r.VT.EnableCompressCrunch:0]]
[2024.06.08-13.50.47:855][  0]LogConfig: Setting CVar [[r.ClearCoatNormal:0]]
[2024.06.08-13.50.47:855][  0]LogConfig: Setting CVar [[r.ReflectionCaptureResolution:128]]
[2024.06.08-13.50.47:855][  0]LogConfig: Setting CVar [[r.Mobile.ReflectionCaptureCompression:0]]
[2024.06.08-13.50.47:855][  0]LogConfig: Setting CVar [[r.ReflectionEnvironmentLightmapMixBasedOnRoughness:1]]
[2024.06.08-13.50.47:855][  0]LogConfig: Setting CVar [[r.ForwardShading:0]]
[2024.06.08-13.50.47:855][  0]LogConfig: Setting CVar [[r.VertexFoggingForOpaque:1]]
[2024.06.08-13.50.47:855][  0]LogConfig: Setting CVar [[r.AllowStaticLighting:1]]
[2024.06.08-13.50.47:855][  0]LogConfig: Setting CVar [[r.NormalMapsForStaticLighting:0]]
[2024.06.08-13.50.47:855][  0]LogConfig: Setting CVar [[r.GenerateMeshDistanceFields:0]]
[2024.06.08-13.50.47:855][  0]LogConfig: Setting CVar [[r.DistanceFieldBuild.EightBit:0]]
[2024.06.08-13.50.47:855][  0]LogConfig: Setting CVar [[r.GenerateLandscapeGIData:0]]
[2024.06.08-13.50.47:855][  0]LogConfig: Setting CVar [[r.DistanceFieldBuild.Compress:0]]
[2024.06.08-13.50.47:855][  0]LogConfig: Setting CVar [[r.TessellationAdaptivePixelsPerTriangle:48.000000]]
[2024.06.08-13.50.47:855][  0]LogConfig: Setting CVar [[r.SeparateTranslucency:1]]
[2024.06.08-13.50.47:855][  0]LogConfig: Setting CVar [[r.TranslucentSortPolicy:0]]
[2024.06.08-13.50.47:855][  0]LogConfig: Setting CVar [[vr.VRS.HMDFixedFoveationLevel:0]]
[2024.06.08-13.50.47:855][  0]LogConfig: Setting CVar [[r.CustomDepth:1]]
[2024.06.08-13.50.47:855][  0]LogConfig: Setting CVar [[r.CustomDepthTemporalAAJitter:1]]
[2024.06.08-13.50.47:855][  0]LogConfig: Setting CVar [[r.PostProcessing.PropagateAlpha:0]]
[2024.06.08-13.50.47:855][  0]LogConfig: Setting CVar [[r.DefaultFeature.Bloom:1]]
[2024.06.08-13.50.47:855][  0]LogConfig: Setting CVar [[r.DefaultFeature.AmbientOcclusion:1]]
[2024.06.08-13.50.47:855][  0]LogConfig: Setting CVar [[r.DefaultFeature.AmbientOcclusionStaticFraction:1]]
[2024.06.08-13.50.47:855][  0]LogConfig: Setting CVar [[r.DefaultFeature.AutoExposure:0]]
[2024.06.08-13.50.47:855][  0]LogConfig: Setting CVar [[r.DefaultFeature.AutoExposure.Method:0]]
[2024.06.08-13.50.47:855][  0]LogConfig: Setting CVar [[r.DefaultFeature.AutoExposure.Bias:1.000000]]
[2024.06.08-13.50.47:855][  0]LogConfig: Setting CVar [[r.DefaultFeature.AutoExposure.ExtendDefaultLuminanceRange:0]]
[2024.06.08-13.50.47:855][  0]LogConfig: Setting CVar [[r.UsePreExposure:1]]
[2024.06.08-13.50.47:855][  0]LogConfig: Setting CVar [[r.EyeAdaptation.EditorOnly:0]]
[2024.06.08-13.50.47:855][  0]LogConfig: Setting CVar [[r.DefaultFeature.MotionBlur:0]]
[2024.06.08-13.50.47:855][  0]LogConfig: Setting CVar [[r.DefaultFeature.LensFlare:0]]
[2024.06.08-13.50.47:855][  0]LogConfig: Setting CVar [[r.TemporalAA.Upsampling:0]]
[2024.06.08-13.50.47:855][  0]LogConfig: Setting CVar [[r.SSGI.Enable:0]]
[2024.06.08-13.50.47:855][  0]LogConfig: Setting CVar [[r.DefaultFeature.AntiAliasing:0]]
[2024.06.08-13.50.47:855][  0]LogConfig: Setting CVar [[r.DefaultFeature.LightUnits:1]]
[2024.06.08-13.50.47:855][  0]LogConfig: Setting CVar [[r.DefaultBackBufferPixelFormat:4]]
[2024.06.08-13.50.47:855][  0]LogConfig: Setting CVar [[r.Shadow.UnbuiltPreviewInGame:1]]
[2024.06.08-13.50.47:855][  0]LogConfig: Setting CVar [[r.StencilForLODDither:0]]
[2024.06.08-13.50.47:855][  0]LogConfig: Setting CVar [[r.EarlyZPass:3]]
[2024.06.08-13.50.47:855][  0]LogConfig: Setting CVar [[r.EarlyZPassOnlyMaterialMasking:0]]
[2024.06.08-13.50.47:855][  0]LogConfig: Setting CVar [[r.DBuffer:1]]
[2024.06.08-13.50.47:855][  0]LogConfig: Setting CVar [[r.ClearSceneMethod:1]]
[2024.06.08-13.50.47:855][  0]LogConfig: Setting CVar [[r.BasePassOutputsVelocity:0]]
[2024.06.08-13.50.47:855][  0]LogConfig: Setting CVar [[r.VertexDeformationOutputsVelocity:0]]
[2024.06.08-13.50.47:855][  0]LogConfig: Setting CVar [[r.SelectiveBasePassOutputs:0]]
[2024.06.08-13.50.47:855][  0]LogConfig: Setting CVar [[fx.GPUSimulationTextureSizeX:1024]]
[2024.06.08-13.50.47:856][  0]LogConfig: Setting CVar [[fx.GPUSimulationTextureSizeY:1024]]
[2024.06.08-13.50.47:856][  0]LogConfig: Setting CVar [[r.AllowGlobalClipPlane:0]]
[2024.06.08-13.50.47:856][  0]LogConfig: Setting CVar [[r.GBufferFormat:1]]
[2024.06.08-13.50.47:856][  0]LogConfig: Setting CVar [[r.MorphTarget.Mode:1]]
[2024.06.08-13.50.47:856][  0]LogConfig: Setting CVar [[vr.InstancedStereo:0]]
[2024.06.08-13.50.47:856][  0]LogConfig: Setting CVar [[r.MobileHDR:1]]
[2024.06.08-13.50.47:856][  0]LogConfig: Setting CVar [[vr.MobileMultiView:0]]
[2024.06.08-13.50.47:856][  0]LogConfig: Setting CVar [[r.Mobile.UseHWsRGBEncoding:0]]
[2024.06.08-13.50.47:856][  0]LogConfig: Setting CVar [[vr.RoundRobinOcclusion:0]]
[2024.06.08-13.50.47:856][  0]LogConfig: Setting CVar [[vr.ODSCapture:0]]
[2024.06.08-13.50.47:856][  0]LogConfig: Setting CVar [[r.MeshStreaming:0]]
[2024.06.08-13.50.47:856][  0]LogConfig: Setting CVar [[r.WireframeCullThreshold:5.000000]]
[2024.06.08-13.50.47:856][  0]LogConfig: Setting CVar [[r.RayTracing:0]]
[2024.06.08-13.50.47:856][  0]LogConfig: Setting CVar [[r.RayTracing.UseTextureLod:0]]
[2024.06.08-13.50.47:856][  0]LogConfig: Setting CVar [[r.SupportStationarySkylight:1]]
[2024.06.08-13.50.47:856][  0]LogConfig: Setting CVar [[r.SupportLowQualityLightmaps:1]]
[2024.06.08-13.50.47:856][  0]LogConfig: Setting CVar [[r.SupportPointLightWholeSceneShadows:1]]
[2024.06.08-13.50.47:856][  0]LogConfig: Setting CVar [[r.SupportAtmosphericFog:1]]
[2024.06.08-13.50.47:856][  0]LogConfig: Setting CVar [[r.SupportSkyAtmosphere:1]]
[2024.06.08-13.50.47:856][  0]LogConfig: Setting CVar [[r.SupportSkyAtmosphereAffectsHeightFog:0]]
[2024.06.08-13.50.47:856][  0]LogConfig: Setting CVar [[r.SkinCache.CompileShaders:0]]
[2024.06.08-13.50.47:856][  0]LogConfig: Setting CVar [[r.SkinCache.DefaultBehavior:1]]
[2024.06.08-13.50.47:856][  0]LogConfig: Setting CVar [[r.SkinCache.SceneMemoryLimitInMB:128.000000]]
[2024.06.08-13.50.47:856][  0]LogConfig: Setting CVar [[r.Mobile.EnableStaticAndCSMShadowReceivers:1]]
[2024.06.08-13.50.47:856][  0]LogConfig: Setting CVar [[r.Mobile.EnableMovableLightCSMShaderCulling:1]]
[2024.06.08-13.50.47:856][  0]LogConfig: Setting CVar [[r.Mobile.AllowDistanceFieldShadows:1]]
[2024.06.08-13.50.47:856][  0]LogConfig: Setting CVar [[r.Mobile.AllowMovableDirectionalLights:1]]
[2024.06.08-13.50.47:856][  0]LogConfig: Setting CVar [[r.MobileNumDynamicPointLights:4]]
[2024.06.08-13.50.47:856][  0]LogConfig: Setting CVar [[r.MobileDynamicPointLightsUseStaticBranch:1]]
[2024.06.08-13.50.47:856][  0]LogConfig: Setting CVar [[r.Mobile.EnableMovableSpotlights:0]]
[2024.06.08-13.50.47:856][  0]LogConfig: Setting CVar [[r.Mobile.EnableMovableSpotlightsShadow:0]]
[2024.06.08-13.50.47:856][  0]LogConfig: Setting CVar [[r.GPUSkin.Support16BitBoneIndex:0]]
[2024.06.08-13.50.47:856][  0]LogConfig: Setting CVar [[r.GPUSkin.Limit2BoneInfluences:0]]
[2024.06.08-13.50.47:856][  0]LogConfig: Setting CVar [[r.SupportDepthOnlyIndexBuffers:1]]
[2024.06.08-13.50.47:856][  0]LogConfig: Setting CVar [[r.SupportReversedIndexBuffers:1]]
[2024.06.08-13.50.47:856][  0]LogConfig: Setting CVar [[r.LightPropagationVolume:0]]
[2024.06.08-13.50.47:856][  0]LogConfig: Setting CVar [[r.Mobile.AmbientOcclusion:0]]
[2024.06.08-13.50.47:856][  0]LogConfig: Setting CVar [[r.GPUSkin.UnlimitedBoneInfluences:0]]
[2024.06.08-13.50.47:856][  0]LogConfig: Setting CVar [[r.GPUSkin.UnlimitedBoneInfluencesThreshold:8]]
[2024.06.08-13.50.47:856][  0]LogConfig: Setting CVar [[r.Mobile.PlanarReflectionMode:0]]
[2024.06.08-13.50.47:856][  0]LogConfig: Setting CVar [[r.Mobile.SupportsGen4TAA:0]]
[2024.06.08-13.50.47:856][  0]LogConfig: Applying CVar settings from Section [/Script/Engine.RendererOverrideSettings] File [D:/1game/game/UE/TheGame/Saved/Config/Windows/Engine.ini]
[2024.06.08-13.50.47:856][  0]LogConfig: Applying CVar settings from Section [/Script/Engine.StreamingSettings] File [D:/1game/game/UE/TheGame/Saved/Config/Windows/Engine.ini]
[2024.06.08-13.50.47:856][  0]LogConfig: Setting CVar [[s.MinBulkDataSizeForAsyncLoading:131072]]
[2024.06.08-13.50.47:856][  0]LogConfig: Setting CVar [[s.AsyncLoadingThreadEnabled:0]]
[2024.06.08-13.50.47:856][  0]LogConfig: Setting CVar [[s.EventDrivenLoaderEnabled:1]]
[2024.06.08-13.50.47:856][  0]LogConfig: Setting CVar [[s.WarnIfTimeLimitExceeded:0]]
[2024.06.08-13.50.47:856][  0]LogConfig: Setting CVar [[s.TimeLimitExceededMultiplier:1.5]]
[2024.06.08-13.50.47:856][  0]LogConfig: Setting CVar [[s.TimeLimitExceededMinTime:0.005]]
[2024.06.08-13.50.47:856][  0]LogConfig: Setting CVar [[s.UseBackgroundLevelStreaming:1]]
[2024.06.08-13.50.47:856][  0]LogConfig: Setting CVar [[s.PriorityAsyncLoadingExtraTime:15.0]]
[2024.06.08-13.50.47:856][  0]LogConfig: Setting CVar [[s.LevelStreamingActorsUpdateTimeLimit:5.0]]
[2024.06.08-13.50.47:856][  0]LogConfig: Setting CVar [[s.PriorityLevelStreamingActorsUpdateExtraTime:5.0]]
[2024.06.08-13.50.47:856][  0]LogConfig: Setting CVar [[s.LevelStreamingComponentsRegistrationGranularity:10]]
[2024.06.08-13.50.47:856][  0]LogConfig: Setting CVar [[s.UnregisterComponentsTimeLimit:1.0]]
[2024.06.08-13.50.47:856][  0]LogConfig: Setting CVar [[s.LevelStreamingComponentsUnregistrationGranularity:5]]
[2024.06.08-13.50.47:856][  0]LogConfig: Setting CVar [[s.FlushStreamingOnExit:1]]
[2024.06.08-13.50.47:856][  0]LogConfig: Applying CVar settings from Section [/Script/Engine.GarbageCollectionSettings] File [D:/1game/game/UE/TheGame/Saved/Config/Windows/Engine.ini]
[2024.06.08-13.50.47:856][  0]LogConfig: Setting CVar [[gc.MaxObjectsNotConsideredByGC:1]]
[2024.06.08-13.50.47:856][  0]LogConfig: Setting CVar [[gc.SizeOfPermanentObjectPool:0]]
[2024.06.08-13.50.47:856][  0]LogConfig: Setting CVar [[gc.FlushStreamingOnGC:0]]
[2024.06.08-13.50.47:856][  0]LogConfig: Setting CVar [[gc.NumRetriesBeforeForcingGC:10]]
[2024.06.08-13.50.47:856][  0]LogConfig: Setting CVar [[gc.AllowParallelGC:1]]
[2024.06.08-13.50.47:856][  0]LogConfig: Setting CVar [[gc.TimeBetweenPurgingPendingKillObjects:61.1]]
[2024.06.08-13.50.47:856][  0]LogConfig: Setting CVar [[gc.MaxObjectsInEditor:25165824]]
[2024.06.08-13.50.47:856][  0]LogConfig: Setting CVar [[gc.IncrementalBeginDestroyEnabled:1]]
[2024.06.08-13.50.47:856][  0]LogConfig: Setting CVar [[gc.CreateGCClusters:1]]
[2024.06.08-13.50.47:856][  0]LogConfig: Setting CVar [[gc.MinGCClusterSize:5]]
[2024.06.08-13.50.47:856][  0]LogConfig: Setting CVar [[gc.ActorClusteringEnabled:0]]
[2024.06.08-13.50.47:856][  0]LogConfig: Setting CVar [[gc.BlueprintClusteringEnabled:0]]
[2024.06.08-13.50.47:856][  0]LogConfig: Setting CVar [[gc.UseDisregardForGCOnDedicatedServers:0]]
[2024.06.08-13.50.47:856][  0]LogConfig: Setting CVar [[gc.MultithreadedDestructionEnabled:1]]
[2024.06.08-13.50.47:856][  0]LogConfig: Applying CVar settings from Section [/Script/Engine.NetworkSettings] File [D:/1game/game/UE/TheGame/Saved/Config/Windows/Engine.ini]
[2024.06.08-13.50.47:856][  0]LogConfig: Applying CVar settings from Section [/Script/UnrealEd.CookerSettings] File [D:/1game/game/UE/TheGame/Saved/Config/Windows/Engine.ini]
[2024.06.08-13.50.47:861][  0]LogConfig: Applying CVar settings from Section [ViewDistanceQuality@3] File [D:/1game/game/UE/TheGame/Saved/Config/Windows/Scalability.ini]
[2024.06.08-13.50.47:861][  0]LogConfig: Setting CVar [[r.SkeletalMeshLODBias:0]]
[2024.06.08-13.50.47:861][  0]LogConfig: Setting CVar [[r.ViewDistanceScale:1.0]]
[2024.06.08-13.50.47:861][  0]LogConfig: Applying CVar settings from Section [AntiAliasingQuality@3] File [D:/1game/game/UE/TheGame/Saved/Config/Windows/Scalability.ini]
[2024.06.08-13.50.47:861][  0]LogConfig: Setting CVar [[r.PostProcessAAQuality:4]]
[2024.06.08-13.50.47:861][  0]LogConfig: Applying CVar settings from Section [ShadowQuality@3] File [D:/1game/game/UE/TheGame/Saved/Config/Windows/Scalability.ini]
[2024.06.08-13.50.47:861][  0]LogConfig: Setting CVar [[r.LightFunctionQuality:1]]
[2024.06.08-13.50.47:861][  0]LogConfig: Setting CVar [[r.ShadowQuality:5]]
[2024.06.08-13.50.47:861][  0]LogConfig: Setting CVar [[r.Shadow.CSM.MaxCascades:10]]
[2024.06.08-13.50.47:861][  0]LogConfig: Setting CVar [[r.Shadow.MaxResolution:2048]]
[2024.06.08-13.50.47:861][  0]LogConfig: Setting CVar [[r.Shadow.MaxCSMResolution:2048]]
[2024.06.08-13.50.47:861][  0]LogConfig: Setting CVar [[r.Shadow.RadiusThreshold:0.01]]
[2024.06.08-13.50.47:861][  0]LogConfig: Setting CVar [[r.Shadow.DistanceScale:1.0]]
[2024.06.08-13.50.47:861][  0]LogConfig: Setting CVar [[r.Shadow.CSM.TransitionScale:1.0]]
[2024.06.08-13.50.47:861][  0]LogConfig: Setting CVar [[r.Shadow.PreShadowResolutionFactor:1.0]]
[2024.06.08-13.50.47:861][  0]LogConfig: Setting CVar [[r.DistanceFieldShadowing:1]]
[2024.06.08-13.50.47:861][  0]LogConfig: Setting CVar [[r.DistanceFieldAO:1]]
[2024.06.08-13.50.47:861][  0]LogConfig: Setting CVar [[r.AOQuality:2]]
[2024.06.08-13.50.47:861][  0]LogConfig: Setting CVar [[r.VolumetricFog:1]]
[2024.06.08-13.50.47:861][  0]LogConfig: Setting CVar [[r.VolumetricFog.GridPixelSize:8]]
[2024.06.08-13.50.47:861][  0]LogConfig: Setting CVar [[r.VolumetricFog.GridSizeZ:128]]
[2024.06.08-13.50.47:861][  0]LogConfig: Setting CVar [[r.VolumetricFog.HistoryMissSupersampleCount:4]]
[2024.06.08-13.50.47:861][  0]LogConfig: Setting CVar [[r.LightMaxDrawDistanceScale:1]]
[2024.06.08-13.50.47:861][  0]LogConfig: Setting CVar [[r.CapsuleShadows:1]]
[2024.06.08-13.50.47:861][  0]LogConfig: Applying CVar settings from Section [PostProcessQuality@3] File [D:/1game/game/UE/TheGame/Saved/Config/Windows/Scalability.ini]
[2024.06.08-13.50.47:861][  0]LogConfig: Setting CVar [[r.MotionBlurQuality:4]]
[2024.06.08-13.50.47:861][  0]LogConfig: Setting CVar [[r.AmbientOcclusionMipLevelFactor:0.4]]
[2024.06.08-13.50.47:861][  0]LogConfig: Setting CVar [[r.AmbientOcclusionMaxQuality:100]]
[2024.06.08-13.50.47:861][  0]LogConfig: Setting CVar [[r.AmbientOcclusionLevels:-1]]
[2024.06.08-13.50.47:861][  0]LogConfig: Setting CVar [[r.AmbientOcclusionRadiusScale:1.0]]
[2024.06.08-13.50.47:861][  0]LogConfig: Setting CVar [[r.DepthOfFieldQuality:2]]
[2024.06.08-13.50.47:861][  0]LogConfig: Setting CVar [[r.RenderTargetPoolMin:400]]
[2024.06.08-13.50.47:861][  0]LogConfig: Setting CVar [[r.LensFlareQuality:2]]
[2024.06.08-13.50.47:861][  0]LogConfig: Setting CVar [[r.SceneColorFringeQuality:1]]
[2024.06.08-13.50.47:861][  0]LogConfig: Setting CVar [[r.EyeAdaptationQuality:2]]
[2024.06.08-13.50.47:861][  0]LogConfig: Setting CVar [[r.BloomQuality:5]]
[2024.06.08-13.50.47:861][  0]LogConfig: Setting CVar [[r.FastBlurThreshold:100]]
[2024.06.08-13.50.47:861][  0]LogConfig: Setting CVar [[r.Upscale.Quality:3]]
[2024.06.08-13.50.47:861][  0]LogConfig: Setting CVar [[r.Tonemapper.GrainQuantization:1]]
[2024.06.08-13.50.47:861][  0]LogConfig: Setting CVar [[r.LightShaftQuality:1]]
[2024.06.08-13.50.47:861][  0]LogConfig: Setting CVar [[r.Filter.SizeScale:1]]
[2024.06.08-13.50.47:861][  0]LogConfig: Setting CVar [[r.Tonemapper.Quality:5]]
[2024.06.08-13.50.47:861][  0]LogConfig: Setting CVar [[r.DOF.Gather.AccumulatorQuality:1        ; higher gathering accumulator quality]]
[2024.06.08-13.50.47:861][  0]LogConfig: Setting CVar [[r.DOF.Gather.PostfilterMethod:1          ; Median3x3 postfilering method]]
[2024.06.08-13.50.47:861][  0]LogConfig: Setting CVar [[r.DOF.Gather.EnableBokehSettings:0       ; no bokeh simulation when gathering]]
[2024.06.08-13.50.47:861][  0]LogConfig: Setting CVar [[r.DOF.Gather.RingCount:4                 ; medium number of samples when gathering]]
[2024.06.08-13.50.47:861][  0]LogConfig: Setting CVar [[r.DOF.Scatter.ForegroundCompositing:1    ; additive foreground scattering]]
[2024.06.08-13.50.47:861][  0]LogConfig: Setting CVar [[r.DOF.Scatter.BackgroundCompositing:2    ; additive background scattering]]
[2024.06.08-13.50.47:861][  0]LogConfig: Setting CVar [[r.DOF.Scatter.EnableBokehSettings:1      ; bokeh simulation when scattering]]
[2024.06.08-13.50.47:861][  0]LogConfig: Setting CVar [[r.DOF.Scatter.MaxSpriteRatio:0.1         ; only a maximum of 10% of scattered bokeh]]
[2024.06.08-13.50.47:861][  0]LogConfig: Setting CVar [[r.DOF.Recombine.Quality:1                ; cheap slight out of focus]]
[2024.06.08-13.50.47:861][  0]LogConfig: Setting CVar [[r.DOF.Recombine.EnableBokehSettings:0    ; no bokeh simulation on slight out of focus]]
[2024.06.08-13.50.47:861][  0]LogConfig: Setting CVar [[r.DOF.TemporalAAQuality:1                ; more stable temporal accumulation]]
[2024.06.08-13.50.47:861][  0]LogConfig: Setting CVar [[r.DOF.Kernel.MaxForegroundRadius:0.025]]
[2024.06.08-13.50.47:861][  0]LogConfig: Setting CVar [[r.DOF.Kernel.MaxBackgroundRadius:0.025]]
[2024.06.08-13.50.47:861][  0]LogConfig: Applying CVar settings from Section [TextureQuality@3] File [D:/1game/game/UE/TheGame/Saved/Config/Windows/Scalability.ini]
[2024.06.08-13.50.47:861][  0]LogConfig: Setting CVar [[r.Streaming.MipBias:0]]
[2024.06.08-13.50.47:861][  0]LogConfig: Setting CVar [[r.Streaming.AmortizeCPUToGPUCopy:0]]
[2024.06.08-13.50.47:861][  0]LogConfig: Setting CVar [[r.Streaming.MaxNumTexturesToStreamPerFrame:0]]
[2024.06.08-13.50.47:861][  0]LogConfig: Setting CVar [[r.Streaming.Boost:1]]
[2024.06.08-13.50.47:861][  0]LogConfig: Setting CVar [[r.MaxAnisotropy:8]]
[2024.06.08-13.50.47:861][  0]LogConfig: Setting CVar [[r.VT.MaxAnisotropy:8]]
[2024.06.08-13.50.47:861][  0]LogConfig: Setting CVar [[r.Streaming.LimitPoolSizeToVRAM:0]]
[2024.06.08-13.50.47:861][  0]LogConfig: Setting CVar [[r.Streaming.PoolSize:1000]]
[2024.06.08-13.50.47:861][  0]LogConfig: Setting CVar [[r.Streaming.MaxEffectiveScreenSize:0]]
[2024.06.08-13.50.47:861][  0]LogConfig: Applying CVar settings from Section [EffectsQuality@3] File [D:/1game/game/UE/TheGame/Saved/Config/Windows/Scalability.ini]
[2024.06.08-13.50.47:861][  0]LogConfig: Setting CVar [[r.TranslucencyLightingVolumeDim:64]]
[2024.06.08-13.50.47:861][  0]LogConfig: Setting CVar [[r.RefractionQuality:2]]
[2024.06.08-13.50.47:861][  0]LogConfig: Setting CVar [[r.SSR.Quality:3]]
[2024.06.08-13.50.47:861][  0]LogConfig: Setting CVar [[r.SSR.HalfResSceneColor:0]]
[2024.06.08-13.50.47:861][  0]LogConfig: Setting CVar [[r.SceneColorFormat:4]]
[2024.06.08-13.50.47:861][  0]LogConfig: Setting CVar [[r.DetailMode:2]]
[2024.06.08-13.50.47:861][  0]LogConfig: Setting CVar [[r.TranslucencyVolumeBlur:1]]
[2024.06.08-13.50.47:862][  0]LogConfig: Setting CVar [[r.MaterialQualityLevel:1 ; High quality]]
[2024.06.08-13.50.47:862][  0]LogConfig: Setting CVar [[r.AnisotropicMaterials:1]]
[2024.06.08-13.50.47:862][  0]LogConfig: Setting CVar [[r.SSS.Scale:1]]
[2024.06.08-13.50.47:862][  0]LogConfig: Setting CVar [[r.SSS.SampleSet:2]]
[2024.06.08-13.50.47:862][  0]LogConfig: Setting CVar [[r.SSS.Quality:1]]
[2024.06.08-13.50.47:862][  0]LogConfig: Setting CVar [[r.SSS.HalfRes:0]]
[2024.06.08-13.50.47:862][  0]LogConfig: Setting CVar [[r.SSGI.Quality:3]]
[2024.06.08-13.50.47:862][  0]LogConfig: Setting CVar [[r.EmitterSpawnRateScale:1.0]]
[2024.06.08-13.50.47:862][  0]LogConfig: Setting CVar [[r.ParticleLightQuality:2]]
[2024.06.08-13.50.47:862][  0]LogConfig: Setting CVar [[r.SkyAtmosphere.AerialPerspectiveLUT.FastApplyOnOpaque:1 ; Always have FastSkyLUT 1 in this case to avoid wrong sky]]
[2024.06.08-13.50.47:862][  0]LogConfig: Setting CVar [[r.SkyAtmosphere.AerialPerspectiveLUT.SampleCountMaxPerSlice:4]]
[2024.06.08-13.50.47:862][  0]LogConfig: Setting CVar [[r.SkyAtmosphere.AerialPerspectiveLUT.DepthResolution:16.0]]
[2024.06.08-13.50.47:862][  0]LogConfig: Setting CVar [[r.SkyAtmosphere.FastSkyLUT:1]]
[2024.06.08-13.50.47:862][  0]LogConfig: Setting CVar [[r.SkyAtmosphere.FastSkyLUT.SampleCountMin:4.0]]
[2024.06.08-13.50.47:862][  0]LogConfig: Setting CVar [[r.SkyAtmosphere.FastSkyLUT.SampleCountMax:128.0]]
[2024.06.08-13.50.47:862][  0]LogConfig: Setting CVar [[r.SkyAtmosphere.SampleCountMin:4.0]]
[2024.06.08-13.50.47:862][  0]LogConfig: Setting CVar [[r.SkyAtmosphere.SampleCountMax:128.0]]
[2024.06.08-13.50.47:862][  0]LogConfig: Setting CVar [[r.SkyAtmosphere.TransmittanceLUT.UseSmallFormat:0]]
[2024.06.08-13.50.47:862][  0]LogConfig: Setting CVar [[r.SkyAtmosphere.TransmittanceLUT.SampleCount:10.0]]
[2024.06.08-13.50.47:862][  0]LogConfig: Setting CVar [[r.SkyAtmosphere.MultiScatteringLUT.SampleCount:15.0]]
[2024.06.08-13.50.47:862][  0]LogConfig: Setting CVar [[r.SkyLight.RealTimeReflectionCapture:1]]
[2024.06.08-13.50.47:862][  0]LogConfig: Applying CVar settings from Section [FoliageQuality@3] File [D:/1game/game/UE/TheGame/Saved/Config/Windows/Scalability.ini]
[2024.06.08-13.50.47:862][  0]LogConfig: Setting CVar [[foliage.DensityScale:1.0]]
[2024.06.08-13.50.47:862][  0]LogConfig: Setting CVar [[grass.DensityScale:1.0]]
[2024.06.08-13.50.47:862][  0]LogConfig: Applying CVar settings from Section [ShadingQuality@3] File [D:/1game/game/UE/TheGame/Saved/Config/Windows/Scalability.ini]
[2024.06.08-13.50.47:862][  0]LogConfig: Setting CVar [[r.HairStrands.SkyLighting.IntegrationType:2]]
[2024.06.08-13.50.47:862][  0]LogConfig: Setting CVar [[r.HairStrands.SkyAO.SampleCount:4]]
[2024.06.08-13.50.47:862][  0]LogConfig: Setting CVar [[r.HairStrands.Visibility.MSAA.SamplePerPixel:4]]
[2024.06.08-13.50.47:862][  0]LogInit: Selected Device Profile: [Windows]
[2024.06.08-13.50.47:862][  0]LogInit: Applying CVar settings loaded from the selected device profile: [Windows]
[2024.06.08-13.50.47:862][  0]LogHAL: Display: Platform has ~ 16 GB [16952647680 / 17179869184 / 16], which maps to Larger [LargestMinGB=32, LargerMinGB=12, DefaultMinGB=8, SmallerMinGB=6, SmallestMinGB=0)
[2024.06.08-13.50.47:862][  0]LogInit: Going up to parent DeviceProfile []
[2024.06.08-13.50.47:862][  0]LogConfig: Applying CVar settings from Section [ViewDistanceQuality@3] File [D:/1game/game/UE/TheGame/Saved/Config/Windows/Scalability.ini]
[2024.06.08-13.50.47:862][  0]LogConfig: Setting CVar [[r.SkeletalMeshLODBias:0]]
[2024.06.08-13.50.47:862][  0]LogConfig: Setting CVar [[r.ViewDistanceScale:1.0]]
[2024.06.08-13.50.47:862][  0]LogConfig: Applying CVar settings from Section [AntiAliasingQuality@3] File [D:/1game/game/UE/TheGame/Saved/Config/Windows/Scalability.ini]
[2024.06.08-13.50.47:862][  0]LogConfig: Setting CVar [[r.PostProcessAAQuality:4]]
[2024.06.08-13.50.47:862][  0]LogConfig: Applying CVar settings from Section [ShadowQuality@3] File [D:/1game/game/UE/TheGame/Saved/Config/Windows/Scalability.ini]
[2024.06.08-13.50.47:862][  0]LogConfig: Setting CVar [[r.LightFunctionQuality:1]]
[2024.06.08-13.50.47:863][  0]LogConfig: Setting CVar [[r.ShadowQuality:5]]
[2024.06.08-13.50.47:863][  0]LogConfig: Setting CVar [[r.Shadow.CSM.MaxCascades:10]]
[2024.06.08-13.50.47:863][  0]LogConfig: Setting CVar [[r.Shadow.MaxResolution:2048]]
[2024.06.08-13.50.47:863][  0]LogConfig: Setting CVar [[r.Shadow.MaxCSMResolution:2048]]
[2024.06.08-13.50.47:863][  0]LogConfig: Setting CVar [[r.Shadow.RadiusThreshold:0.01]]
[2024.06.08-13.50.47:863][  0]LogConfig: Setting CVar [[r.Shadow.DistanceScale:1.0]]
[2024.06.08-13.50.47:863][  0]LogConfig: Setting CVar [[r.Shadow.CSM.TransitionScale:1.0]]
[2024.06.08-13.50.47:863][  0]LogConfig: Setting CVar [[r.Shadow.PreShadowResolutionFactor:1.0]]
[2024.06.08-13.50.47:863][  0]LogConfig: Setting CVar [[r.DistanceFieldShadowing:1]]
[2024.06.08-13.50.47:863][  0]LogConfig: Setting CVar [[r.DistanceFieldAO:1]]
[2024.06.08-13.50.47:863][  0]LogConfig: Setting CVar [[r.AOQuality:2]]
[2024.06.08-13.50.47:863][  0]LogConfig: Setting CVar [[r.VolumetricFog:1]]
[2024.06.08-13.50.47:863][  0]LogConfig: Setting CVar [[r.VolumetricFog.GridPixelSize:8]]
[2024.06.08-13.50.47:863][  0]LogConfig: Setting CVar [[r.VolumetricFog.GridSizeZ:128]]
[2024.06.08-13.50.47:863][  0]LogConfig: Setting CVar [[r.VolumetricFog.HistoryMissSupersampleCount:4]]
[2024.06.08-13.50.47:863][  0]LogConfig: Setting CVar [[r.LightMaxDrawDistanceScale:1]]
[2024.06.08-13.50.47:863][  0]LogConfig: Setting CVar [[r.CapsuleShadows:1]]
[2024.06.08-13.50.47:863][  0]LogConfig: Applying CVar settings from Section [PostProcessQuality@3] File [D:/1game/game/UE/TheGame/Saved/Config/Windows/Scalability.ini]
[2024.06.08-13.50.47:863][  0]LogConfig: Setting CVar [[r.MotionBlurQuality:4]]
[2024.06.08-13.50.47:863][  0]LogConfig: Setting CVar [[r.AmbientOcclusionMipLevelFactor:0.4]]
[2024.06.08-13.50.47:863][  0]LogConfig: Setting CVar [[r.AmbientOcclusionMaxQuality:100]]
[2024.06.08-13.50.47:863][  0]LogConfig: Setting CVar [[r.AmbientOcclusionLevels:-1]]
[2024.06.08-13.50.47:863][  0]LogConfig: Setting CVar [[r.AmbientOcclusionRadiusScale:1.0]]
[2024.06.08-13.50.47:863][  0]LogConfig: Setting CVar [[r.DepthOfFieldQuality:2]]
[2024.06.08-13.50.47:863][  0]LogConfig: Setting CVar [[r.RenderTargetPoolMin:400]]
[2024.06.08-13.50.47:863][  0]LogConfig: Setting CVar [[r.LensFlareQuality:2]]
[2024.06.08-13.50.47:863][  0]LogConfig: Setting CVar [[r.SceneColorFringeQuality:1]]
[2024.06.08-13.50.47:863][  0]LogConfig: Setting CVar [[r.EyeAdaptationQuality:2]]
[2024.06.08-13.50.47:863][  0]LogConfig: Setting CVar [[r.BloomQuality:5]]
[2024.06.08-13.50.47:863][  0]LogConfig: Setting CVar [[r.FastBlurThreshold:100]]
[2024.06.08-13.50.47:863][  0]LogConfig: Setting CVar [[r.Upscale.Quality:3]]
[2024.06.08-13.50.47:863][  0]LogConfig: Setting CVar [[r.Tonemapper.GrainQuantization:1]]
[2024.06.08-13.50.47:863][  0]LogConfig: Setting CVar [[r.LightShaftQuality:1]]
[2024.06.08-13.50.47:863][  0]LogConfig: Setting CVar [[r.Filter.SizeScale:1]]
[2024.06.08-13.50.47:863][  0]LogConfig: Setting CVar [[r.Tonemapper.Quality:5]]
[2024.06.08-13.50.47:863][  0]LogConfig: Setting CVar [[r.DOF.Gather.AccumulatorQuality:1        ; higher gathering accumulator quality]]
[2024.06.08-13.50.47:863][  0]LogConfig: Setting CVar [[r.DOF.Gather.PostfilterMethod:1          ; Median3x3 postfilering method]]
[2024.06.08-13.50.47:863][  0]LogConfig: Setting CVar [[r.DOF.Gather.EnableBokehSettings:0       ; no bokeh simulation when gathering]]
[2024.06.08-13.50.47:863][  0]LogConfig: Setting CVar [[r.DOF.Gather.RingCount:4                 ; medium number of samples when gathering]]
[2024.06.08-13.50.47:863][  0]LogConfig: Setting CVar [[r.DOF.Scatter.ForegroundCompositing:1    ; additive foreground scattering]]
[2024.06.08-13.50.47:863][  0]LogConfig: Setting CVar [[r.DOF.Scatter.BackgroundCompositing:2    ; additive background scattering]]
[2024.06.08-13.50.47:863][  0]LogConfig: Setting CVar [[r.DOF.Scatter.EnableBokehSettings:1      ; bokeh simulation when scattering]]
[2024.06.08-13.50.47:863][  0]LogConfig: Setting CVar [[r.DOF.Scatter.MaxSpriteRatio:0.1         ; only a maximum of 10% of scattered bokeh]]
[2024.06.08-13.50.47:863][  0]LogConfig: Setting CVar [[r.DOF.Recombine.Quality:1                ; cheap slight out of focus]]
[2024.06.08-13.50.47:863][  0]LogConfig: Setting CVar [[r.DOF.Recombine.EnableBokehSettings:0    ; no bokeh simulation on slight out of focus]]
[2024.06.08-13.50.47:863][  0]LogConfig: Setting CVar [[r.DOF.TemporalAAQuality:1                ; more stable temporal accumulation]]
[2024.06.08-13.50.47:863][  0]LogConfig: Setting CVar [[r.DOF.Kernel.MaxForegroundRadius:0.025]]
[2024.06.08-13.50.47:863][  0]LogConfig: Setting CVar [[r.DOF.Kernel.MaxBackgroundRadius:0.025]]
[2024.06.08-13.50.47:863][  0]LogConfig: Applying CVar settings from Section [TextureQuality@3] File [D:/1game/game/UE/TheGame/Saved/Config/Windows/Scalability.ini]
[2024.06.08-13.50.47:863][  0]LogConfig: Setting CVar [[r.Streaming.MipBias:0]]
[2024.06.08-13.50.47:863][  0]LogConfig: Setting CVar [[r.Streaming.AmortizeCPUToGPUCopy:0]]
[2024.06.08-13.50.47:863][  0]LogConfig: Setting CVar [[r.Streaming.MaxNumTexturesToStreamPerFrame:0]]
[2024.06.08-13.50.47:863][  0]LogConfig: Setting CVar [[r.Streaming.Boost:1]]
[2024.06.08-13.50.47:863][  0]LogConfig: Setting CVar [[r.MaxAnisotropy:8]]
[2024.06.08-13.50.47:863][  0]LogConfig: Setting CVar [[r.VT.MaxAnisotropy:8]]
[2024.06.08-13.50.47:863][  0]LogConfig: Setting CVar [[r.Streaming.LimitPoolSizeToVRAM:0]]
[2024.06.08-13.50.47:863][  0]LogConfig: Setting CVar [[r.Streaming.PoolSize:1000]]
[2024.06.08-13.50.47:863][  0]LogConfig: Setting CVar [[r.Streaming.MaxEffectiveScreenSize:0]]
[2024.06.08-13.50.47:863][  0]LogConfig: Applying CVar settings from Section [EffectsQuality@3] File [D:/1game/game/UE/TheGame/Saved/Config/Windows/Scalability.ini]
[2024.06.08-13.50.47:863][  0]LogConfig: Setting CVar [[r.TranslucencyLightingVolumeDim:64]]
[2024.06.08-13.50.47:863][  0]LogConfig: Setting CVar [[r.RefractionQuality:2]]
[2024.06.08-13.50.47:863][  0]LogConfig: Setting CVar [[r.SSR.Quality:3]]
[2024.06.08-13.50.47:863][  0]LogConfig: Setting CVar [[r.SSR.HalfResSceneColor:0]]
[2024.06.08-13.50.47:863][  0]LogConfig: Setting CVar [[r.SceneColorFormat:4]]
[2024.06.08-13.50.47:863][  0]LogConfig: Setting CVar [[r.DetailMode:2]]
[2024.06.08-13.50.47:863][  0]LogConfig: Setting CVar [[r.TranslucencyVolumeBlur:1]]
[2024.06.08-13.50.47:863][  0]LogConfig: Setting CVar [[r.MaterialQualityLevel:1 ; High quality]]
[2024.06.08-13.50.47:863][  0]LogConfig: Setting CVar [[r.AnisotropicMaterials:1]]
[2024.06.08-13.50.47:863][  0]LogConfig: Setting CVar [[r.SSS.Scale:1]]
[2024.06.08-13.50.47:863][  0]LogConfig: Setting CVar [[r.SSS.SampleSet:2]]
[2024.06.08-13.50.47:863][  0]LogConfig: Setting CVar [[r.SSS.Quality:1]]
[2024.06.08-13.50.47:863][  0]LogConfig: Setting CVar [[r.SSS.HalfRes:0]]
[2024.06.08-13.50.47:863][  0]LogConfig: Setting CVar [[r.SSGI.Quality:3]]
[2024.06.08-13.50.47:863][  0]LogConfig: Setting CVar [[r.EmitterSpawnRateScale:1.0]]
[2024.06.08-13.50.47:863][  0]LogConfig: Setting CVar [[r.ParticleLightQuality:2]]
[2024.06.08-13.50.47:863][  0]LogConfig: Setting CVar [[r.SkyAtmosphere.AerialPerspectiveLUT.FastApplyOnOpaque:1 ; Always have FastSkyLUT 1 in this case to avoid wrong sky]]
[2024.06.08-13.50.47:863][  0]LogConfig: Setting CVar [[r.SkyAtmosphere.AerialPerspectiveLUT.SampleCountMaxPerSlice:4]]
[2024.06.08-13.50.47:863][  0]LogConfig: Setting CVar [[r.SkyAtmosphere.AerialPerspectiveLUT.DepthResolution:16.0]]
[2024.06.08-13.50.47:863][  0]LogConfig: Setting CVar [[r.SkyAtmosphere.FastSkyLUT:1]]
[2024.06.08-13.50.47:863][  0]LogConfig: Setting CVar [[r.SkyAtmosphere.FastSkyLUT.SampleCountMin:4.0]]
[2024.06.08-13.50.47:863][  0]LogConfig: Setting CVar [[r.SkyAtmosphere.FastSkyLUT.SampleCountMax:128.0]]
[2024.06.08-13.50.47:863][  0]LogConfig: Setting CVar [[r.SkyAtmosphere.SampleCountMin:4.0]]
[2024.06.08-13.50.47:863][  0]LogConfig: Setting CVar [[r.SkyAtmosphere.SampleCountMax:128.0]]
[2024.06.08-13.50.47:863][  0]LogConfig: Setting CVar [[r.SkyAtmosphere.TransmittanceLUT.UseSmallFormat:0]]
[2024.06.08-13.50.47:863][  0]LogConfig: Setting CVar [[r.SkyAtmosphere.TransmittanceLUT.SampleCount:10.0]]
[2024.06.08-13.50.47:863][  0]LogConfig: Setting CVar [[r.SkyAtmosphere.MultiScatteringLUT.SampleCount:15.0]]
[2024.06.08-13.50.47:863][  0]LogConfig: Setting CVar [[r.SkyLight.RealTimeReflectionCapture:1]]
[2024.06.08-13.50.47:863][  0]LogConfig: Applying CVar settings from Section [FoliageQuality@3] File [D:/1game/game/UE/TheGame/Saved/Config/Windows/Scalability.ini]
[2024.06.08-13.50.47:863][  0]LogConfig: Setting CVar [[foliage.DensityScale:1.0]]
[2024.06.08-13.50.47:863][  0]LogConfig: Setting CVar [[grass.DensityScale:1.0]]
[2024.06.08-13.50.47:863][  0]LogConfig: Applying CVar settings from Section [ShadingQuality@3] File [D:/1game/game/UE/TheGame/Saved/Config/Windows/Scalability.ini]
[2024.06.08-13.50.47:863][  0]LogConfig: Setting CVar [[r.HairStrands.SkyLighting.IntegrationType:2]]
[2024.06.08-13.50.47:863][  0]LogConfig: Setting CVar [[r.HairStrands.SkyAO.SampleCount:4]]
[2024.06.08-13.50.47:863][  0]LogConfig: Setting CVar [[r.HairStrands.Visibility.MSAA.SamplePerPixel:4]]
[2024.06.08-13.50.47:863][  0]LogConfig: Applying CVar settings from Section [Startup] File [../../../Engine/Config/ConsoleVariables.ini]
[2024.06.08-13.50.47:864][  0]LogConfig: Setting CVar [[net.UseAdaptiveNetUpdateFrequency:0]]
[2024.06.08-13.50.47:864][  0]LogConfig: Setting CVar [[p.chaos.AllowCreatePhysxBodies:1]]
[2024.06.08-13.50.47:864][  0]LogConfig: Setting CVar [[fx.SkipVectorVMBackendOptimizations:1]]
[2024.06.08-13.50.47:864][  0]LogConfig: Applying CVar settings from Section [ConsoleVariables] File [D:/1game/game/UE/TheGame/Saved/Config/Windows/Engine.ini]
[2024.06.08-13.50.47:864][  0]LogConfig: Applying CVar settings from Section [ConsoleVariables] File [D:/1game/game/UE/TheGame/Saved/Config/Windows/Editor.ini]
[2024.06.08-13.50.47:864][  0]LogInit: Computer: REALMI_KIRILL
[2024.06.08-13.50.47:864][  0]LogInit: User: kiril
[2024.06.08-13.50.47:864][  0]LogInit: CPU Page size=4096, Cores=4
[2024.06.08-13.50.47:864][  0]LogInit: High frequency timer resolution =10.000000 MHz
[2024.06.08-13.50.47:864][  0]LogMemory: Memory total: Physical=15.8GB (16GB approx)
[2024.06.08-13.50.47:864][  0]LogMemory: Platform Memory Stats for Windows
[2024.06.08-13.50.47:864][  0]LogMemory: Process Physical Memory: 143.05 MB used, 143.05 MB peak
[2024.06.08-13.50.47:864][  0]LogMemory: Process Virtual Memory: 114.46 MB used, 114.46 MB peak
[2024.06.08-13.50.47:864][  0]LogMemory: Physical Memory: 12067.07 MB used,  4100.24 MB free, 16167.30 MB total
[2024.06.08-13.50.47:864][  0]LogMemory: Virtual Memory: 134210112.00 MB used,  7615.00 MB free, 134217728.00 MB total
[2024.06.08-13.50.47:869][  0]LogWindows: WindowsPlatformFeatures enabled
[2024.06.08-13.50.47:891][  0]LogInit: Physics initialised using underlying interface: PhysX
[2024.06.08-13.50.47:891][  0]LogInit: Overriding language with editor language configuration option (en).
[2024.06.08-13.50.47:891][  0]LogInit: Using OS detected locale (ru-RU).
[2024.06.08-13.50.48:143][  0]LogInit: Setting process to per monitor DPI aware
[2024.06.08-13.50.48:151][  0]LogWindowsTextInputMethodSystem: Display: IME system deactivated.
[2024.06.08-13.50.48:165][  0]LogSlate: New Slate User Created.  User Index 0, Is Virtual User: 0
[2024.06.08-13.50.48:165][  0]LogSlate: Slate User Registered.  User Index 0, Is Virtual User: 0
[2024.06.08-13.50.48:293][  0]LogD3D11RHI: Loaded GFSDK_Aftermath_Lib.x64.dll
[2024.06.08-13.50.48:296][  0]LogHMD: Failed to initialize OpenVR with code 110
[2024.06.08-13.50.48:296][  0]LogD3D11RHI: D3D11 min allowed feature level: 11_0
[2024.06.08-13.50.48:296][  0]LogD3D11RHI: D3D11 max allowed feature level: 11_0
[2024.06.08-13.50.48:296][  0]LogD3D11RHI: D3D11 adapters:
[2024.06.08-13.50.49:347][  0]LogD3D11RHI:    0. 'Intel(R) Iris(R) Xe Graphics' (Feature Level 11_0)
[2024.06.08-13.50.49:347][  0]LogD3D11RHI:       128/0/8083 MB DedicatedVideo/DedicatedSystem/SharedSystem, Outputs:1, VendorId:0x8086
[2024.06.08-13.50.49:349][  0]LogD3D11RHI:    1. 'Microsoft Basic Render Driver' (Feature Level 11_0)
[2024.06.08-13.50.49:349][  0]LogD3D11RHI:       0/0/8083 MB DedicatedVideo/DedicatedSystem/SharedSystem, Outputs:0, VendorId:0x1414
[2024.06.08-13.50.49:349][  0]LogD3D11RHI: Chosen D3D11 Adapter:
[2024.06.08-13.50.49:349][  0]LogD3D11RHI:     Description : Intel(R) Iris(R) Xe Graphics
[2024.06.08-13.50.49:349][  0]LogD3D11RHI:     VendorId    : 8086
[2024.06.08-13.50.49:349][  0]LogD3D11RHI:     DeviceId    : 9a49
[2024.06.08-13.50.49:349][  0]LogD3D11RHI:     SubSysId    : 2266088c
[2024.06.08-13.50.49:349][  0]LogD3D11RHI:     Revision    : 0003
[2024.06.08-13.50.49:349][  0]LogD3D11RHI:     DedicatedVideoMemory : 134217728 bytes
[2024.06.08-13.50.49:349][  0]LogD3D11RHI:     DedicatedSystemMemory : 0 bytes
[2024.06.08-13.50.49:349][  0]LogD3D11RHI:     SharedSystemMemory : 8476323840 bytes
[2024.06.08-13.50.49:349][  0]LogD3D11RHI:     AdapterLuid : 0 59654
[2024.06.08-13.50.49:356][  0]LogD3D11RHI: Creating new Direct3DDevice
[2024.06.08-13.50.49:356][  0]LogD3D11RHI:     GPU DeviceId: 0x9a49 (for the marketing name, search the web for "GPU Device Id")
[2024.06.08-13.50.49:356][  0]LogWindows: EnumDisplayDevices:
[2024.06.08-13.50.49:356][  0]LogWindows:    0. 'Intel(R) Iris(R) Xe Graphics' (P:1 D:1)
[2024.06.08-13.50.49:356][  0]LogWindows:    1. 'Intel(R) Iris(R) Xe Graphics' (P:0 D:0)
[2024.06.08-13.50.49:356][  0]LogWindows:    2. 'Intel(R) Iris(R) Xe Graphics' (P:0 D:0)
[2024.06.08-13.50.49:357][  0]LogWindows:    3. 'Intel(R) Iris(R) Xe Graphics' (P:0 D:0)
[2024.06.08-13.50.49:357][  0]LogWindows: DebugString: FoundDriverCount:4 
[2024.06.08-13.50.49:357][  0]LogD3D11RHI:     Adapter Name: Intel(R) Iris(R) Xe Graphics
[2024.06.08-13.50.49:357][  0]LogD3D11RHI:   Driver Version: 30.0.101.1340 (internal:30.0.101.1340, unified:30.0.101.1340)
[2024.06.08-13.50.49:357][  0]LogD3D11RHI:      Driver Date: 2-3-2022
[2024.06.08-13.50.49:357][  0]LogRHI: Texture pool is 1523 MB (70% of 2176 MB)
[2024.06.08-13.50.49:364][  0]LogD3D11RHI: Creating D3DDevice using adapter:
[2024.06.08-13.50.49:364][  0]LogD3D11RHI:     Description : Intel(R) Iris(R) Xe Graphics
[2024.06.08-13.50.49:364][  0]LogD3D11RHI:     VendorId    : 8086
[2024.06.08-13.50.49:364][  0]LogD3D11RHI:     DeviceId    : 9a49
[2024.06.08-13.50.49:364][  0]LogD3D11RHI:     SubSysId    : 2266088c
[2024.06.08-13.50.49:364][  0]LogD3D11RHI:     Revision    : 0003
[2024.06.08-13.50.49:364][  0]LogD3D11RHI:     DedicatedVideoMemory : 134217728 bytes
[2024.06.08-13.50.49:364][  0]LogD3D11RHI:     DedicatedSystemMemory : 0 bytes
[2024.06.08-13.50.49:364][  0]LogD3D11RHI:     SharedSystemMemory : 8476323840 bytes
[2024.06.08-13.50.49:364][  0]LogD3D11RHI:     AdapterLuid : 0 59654
[2024.06.08-13.50.50:154][  0]LogD3D11RHI: RHI does not have support for 64 bit atomics
[2024.06.08-13.50.50:179][  0]LogD3D11RHI: Intel Extensions support version Full=16777216, Major=1, Minor=0, Revision=0
[2024.06.08-13.50.50:179][  0]LogD3D11RHI: Intel Extensions support version Full=16777217, Major=1, Minor=0, Revision=1
[2024.06.08-13.50.50:179][  0]LogD3D11RHI: Intel Extensions Framework enabled
[2024.06.08-13.50.50:180][  0]LogD3D11RHI: [IntelMetricsDiscovery] Started
[2024.06.08-13.50.50:180][  0]LogD3D11RHI: Async texture creation enabled
[2024.06.08-13.50.50:180][  0]LogD3D11RHI: Array index from any shader is supported
[2024.06.08-13.50.50:196][  0]LogD3D11RHI: GPU Timing Frequency: 19.200000 (Debug: 2 0)
[2024.06.08-13.50.50:663][  0]LogTargetPlatformManager: Display: Loaded TargetPlatform 'AllDesktop'
[2024.06.08-13.50.50:687][  0]LogTargetPlatformManager: Display: Loaded TargetPlatform 'Android'
[2024.06.08-13.50.50:687][  0]LogTargetPlatformManager: Display: Loaded TargetPlatform 'Android_ASTC'
[2024.06.08-13.50.50:687][  0]LogTargetPlatformManager: Display: Loaded TargetPlatform 'Android_DXT'
[2024.06.08-13.50.50:687][  0]LogTargetPlatformManager: Display: Loaded TargetPlatform 'Android_ETC2'
[2024.06.08-13.50.50:687][  0]LogTargetPlatformManager: Display: Loaded TargetPlatform 'AndroidClient'
[2024.06.08-13.50.50:687][  0]LogTargetPlatformManager: Display: Loaded TargetPlatform 'Android_ASTCClient'
[2024.06.08-13.50.50:687][  0]LogTargetPlatformManager: Display: Loaded TargetPlatform 'Android_DXTClient'
[2024.06.08-13.50.50:687][  0]LogTargetPlatformManager: Display: Loaded TargetPlatform 'Android_ETC2Client'
[2024.06.08-13.50.50:687][  0]LogTargetPlatformManager: Display: Loaded TargetPlatform 'Android_Multi'
[2024.06.08-13.50.50:687][  0]LogTargetPlatformManager: Display: Loaded TargetPlatform 'Android_MultiClient'
[2024.06.08-13.50.50:709][  0]LogTargetPlatformManager: Display: Loaded TargetPlatform 'IOSClient'
[2024.06.08-13.50.50:709][  0]LogTargetPlatformManager: Display: Loaded TargetPlatform 'IOS'
[2024.06.08-13.50.50:719][  0]LogTargetPlatformManager: Display: Loaded TargetPlatform 'Linux'
[2024.06.08-13.50.50:726][  0]LogTargetPlatformManager: Display: Loaded TargetPlatform 'LinuxNoEditor'
[2024.06.08-13.50.50:731][  0]LogTargetPlatformManager: Display: Loaded TargetPlatform 'LinuxClient'
[2024.06.08-13.50.50:737][  0]LogTargetPlatformManager: Display: Loaded TargetPlatform 'LinuxServer'
[2024.06.08-13.50.50:749][  0]LogTargetPlatformManager: Display: Loaded TargetPlatform 'LinuxAArch64NoEditor'
[2024.06.08-13.50.50:754][  0]LogTargetPlatformManager: Display: Loaded TargetPlatform 'LinuxAArch64Client'
[2024.06.08-13.50.50:761][  0]LogTargetPlatformManager: Display: Loaded TargetPlatform 'LinuxAArch64Server'
[2024.06.08-13.50.50:793][  0]LogTargetPlatformManager: Display: Loaded TargetPlatform 'Lumin'
[2024.06.08-13.50.50:793][  0]LogTargetPlatformManager: Display: Loaded TargetPlatform 'LuminClient'
[2024.06.08-13.50.50:806][  0]LogTargetPlatformManager: Display: Loaded TargetPlatform 'MacNoEditor'
[2024.06.08-13.50.50:813][  0]LogTargetPlatformManager: Display: Loaded TargetPlatform 'Mac'
[2024.06.08-13.50.50:817][  0]LogTargetPlatformManager: Display: Loaded TargetPlatform 'MacClient'
[2024.06.08-13.50.50:823][  0]LogTargetPlatformManager: Display: Loaded TargetPlatform 'MacServer'
[2024.06.08-13.50.50:836][  0]LogTargetPlatformManager: Display: Loaded TargetPlatform 'TVOSClient'
[2024.06.08-13.50.50:836][  0]LogTargetPlatformManager: Display: Loaded TargetPlatform 'TVOS'
[2024.06.08-13.50.50:847][  0]LogTargetPlatformManager: Display: Loaded TargetPlatform 'WindowsNoEditor'
[2024.06.08-13.50.50:854][  0]LogTargetPlatformManager: Display: Loaded TargetPlatform 'Windows'
[2024.06.08-13.50.50:859][  0]LogTargetPlatformManager: Display: Loaded TargetPlatform 'WindowsClient'
[2024.06.08-13.50.50:865][  0]LogTargetPlatformManager: Display: Loaded TargetPlatform 'WindowsServer'
[2024.06.08-13.50.50:865][  0]LogTargetPlatformManager: Display: Building Assets For Windows
[2024.06.08-13.50.50:874][  0]LogAudioDebug: Display: Lib vorbis DLL was dynamically loaded.
[2024.06.08-13.50.50:907][  0]LogTextureFormatOodle: Display: Oodle Texture 2.9.0 init RDO Off
[2024.06.08-13.50.50:942][  0]LogRendererCore: Ray tracing is disabled. Reason: r.RayTracing=0.
[2024.06.08-13.50.50:942][  0]LogShaderCompilers: Guid format shader working directory is 9 characters bigger than the processId version (../../../../../1game/game/UE/TheGame/Intermediate/Shaders/WorkingDirectory/14864/).
[2024.06.08-13.50.50:942][  0]LogShaderCompilers: Cleaned the shader compiler working directory 'C:/Users/kiril/AppData/Local/Temp/UnrealShaderWorkingDir/8B802A7A40C6B696ED2895857E020582/'.
[2024.06.08-13.50.50:942][  0]LogXGEController: Cannot use XGE Controller as Incredibuild is not installed on this machine.
[2024.06.08-13.50.50:942][  0]LogShaderCompilers: Cannot use XGE Shader Compiler as Incredibuild is not installed on this machine.
[2024.06.08-13.50.50:942][  0]LogShaderCompilers: Display: Using Local Shader Compiler.
[2024.06.08-13.50.51:956][  0]LogDerivedDataCache: Display: Max Cache Size: 512 MB
[2024.06.08-13.50.52:029][  0]LogDerivedDataCache: Loaded boot cache 0.07s 94MB C:/Users/kiril/AppData/Local/UnrealEngine/4.27/DerivedDataCache/Boot.ddc.
[2024.06.08-13.50.52:029][  0]LogDerivedDataCache: Display: Loaded Boot cache: C:/Users/kiril/AppData/Local/UnrealEngine/4.27/DerivedDataCache/Boot.ddc
[2024.06.08-13.50.52:029][  0]LogDerivedDataCache: FDerivedDataBackendGraph:  Pak pak cache file ../../../../../1game/game/UE/TheGame/DerivedDataCache/DDC.ddp not found, will not use a pak cache.
[2024.06.08-13.50.52:029][  0]LogDerivedDataCache: Unable to find inner node Pak for hierarchical cache Hierarchy.
[2024.06.08-13.50.52:029][  0]LogDerivedDataCache: FDerivedDataBackendGraph:  CompressedPak pak cache file ../../../../../1game/game/UE/TheGame/DerivedDataCache/Compressed.ddp not found, will not use a pak cache.
[2024.06.08-13.50.52:029][  0]LogDerivedDataCache: Unable to find inner node CompressedPak for hierarchical cache Hierarchy.
[2024.06.08-13.50.52:051][  0]LogDerivedDataCache: Display: Pak cache opened for reading ../../../Engine/DerivedDataCache/Compressed.ddp.
[2024.06.08-13.50.52:051][  0]LogDerivedDataCache: FDerivedDataBackendGraph:  EnterprisePak pak cache file ../../../Enterprise/DerivedDataCache/Compressed.ddp not found, will not use a pak cache.
[2024.06.08-13.50.52:051][  0]LogDerivedDataCache: Unable to find inner node EnterprisePak for hierarchical cache Hierarchy.
[2024.06.08-13.50.52:058][  0]LogDerivedDataCache: Speed tests for C:/Users/kiril/AppData/Local/UnrealEngine/Common/DerivedDataCache took 0.01 seconds
[2024.06.08-13.50.52:058][  0]LogDerivedDataCache: Display: Performance to C:/Users/kiril/AppData/Local/UnrealEngine/Common/DerivedDataCache: Latency=0.02ms. RandomReadSpeed=1443.84MBs, RandomWriteSpeed=182.35MBs. Assigned SpeedClass 'Local'
[2024.06.08-13.50.52:059][  0]LogDerivedDataCache: Using Local data cache path C:/Users/kiril/AppData/Local/UnrealEngine/Common/DerivedDataCache: Writable
[2024.06.08-13.50.52:059][  0]LogDerivedDataCache: Shared data cache path not found in *engine.ini, will not use an Shared cache.
[2024.06.08-13.50.52:059][  0]LogDerivedDataCache: Unable to find inner node Shared for hierarchical cache Hierarchy.
[2024.06.08-13.50.52:128][  0]LogSlate: Using FreeType 2.10.0
[2024.06.08-13.50.52:128][  0]LogSlate: SlateFontServices - WITH_FREETYPE: 1, WITH_HARFBUZZ: 1
[2024.06.08-13.50.52:160][  0]LogAssetRegistry: FAssetRegistry took 0.0041 seconds to start up
[2024.06.08-13.50.52:448][  0]LogInit: Selected Device Profile: [Windows]
[2024.06.08-13.50.52:448][  0]LogInit: Active device profile: [000002E35ABBBD00][000002E350DF3B80 49] Windows
[2024.06.08-13.50.52:448][  0]LogInit: Profiles: [000002E35ABBBD00][000002E350DF3B80 49] Windows, [000002E35AB70400][000002E35525E180 49] WindowsNoEditor, [000002E35ABB8400][000002E350D3E300 49] WindowsServer, [000002E35AB71D00][000002E355240480 49] WindowsClient, [000002E35ABBB400][000002E355244600 49] IOS, [000002E35AB70E00][000002E350DF6740 49] iPadAir, [000002E35ABB8D00][000002E35A03E880 49] iPadAir2, [000002E35AB28400][000002E354C98AC0 49] IPadPro, [000002E35AB28500][000002E35A042B00 49] iPadAir3, [000002E35ABBB500][000002E354CA0C80 49] iPadAir4, [000002E35AB2B900][000002E354CA4E00 49] iPadMini2, [000002E35ABB9200][000002E350D4EF80 49] iPadMini3, [000002E35AB29400][000002E350D53100 49] iPadMini4, [000002E35ABBA700][000002E350D57280 49] iPadMini5, [000002E35AB1BC00][000002E350D5F540 49] iPhone6, [000002E35AB1BD00][000002E350D5B580 49] iPodTouch6, [000002E35AB2B300][000002E359D55840 49] iPhone7, [000002E35AB2B200][000002E359D51880 49] iPodTouch7, [000002E35AB18900][000002E359D59A00 49] iPhone5S, [000002E35AB2A800][000002E359D5DB80 49] iPhone6Plus, [000002E35AB1B000][000002E359D60180 49] iPhone6S, [000002E35AB2BC00][000002E359D64300 49] iPhone6SPlus, [000002E35AB19100][000002E359D68480 49] iPhone7Plus, [000002E35AB2A400][000002E359D6C600 49] iPhoneSE, [000002E35AB1A800][000002E359D70780 49] iPhone8, [000002E35AB29900][000002E359D74900 49] iPhone8Plus, [000002E35AB19900][000002E354C9CA40 49] iPhoneX, [000002E35AB2BB00][000002E35A538B80 49] iPhoneXS, [000002E35AB1A000][000002E35A53CCC0 49] iPhoneXSMax, [000002E35AB2AE00][000002E35A544E40 49] iPhoneXR, [000002E35AB19E00][000002E35A548FC0 49] iPhone11, [000002E35AB29300][000002E35A54D140 49] iPhone11Pro, [000002E35AB1BF00][000002E35A5512C0 49] iPhone11ProMax, [000002E35AB28600][000002E35A555440 49] iPhoneSE2, [000002E35AB18500][000002E35A5595C0 49] iPhone12Mini, [000002E35AB28200][000002E35A55D740 49] iPhone12, [000002E35AB19000][000002E359F4D8C0 49] iPhone12Pro, [000002E35AB2AD00][000002E359F51A40 49] iPhone12ProMax, [000002E35AB18800][000002E359F55BC0 49] iPadPro105, [000002E35AB2AF00][000002E359F581C0 49] iPadPro129, [000002E35AB19400][000002E359F5C340 49] iPadPro97, [000002E35AB29100][000002E359F604C0 49] iPadPro2_129, [000002E35AB1A600][000002E359F64640 49] iPad5, [000002E35AB28300][000002E359F687C0 49] iPad6, [000002E35AB1AD00][000002E359F6C940 49] iPad7, [000002E35AB29F00][000002E359F70AC0 49] iPad8, [000002E35AB19200][000002E35A540C00 49] iPadPro11, [000002E35AB28B00][000002E359F74D40 49] iPadPro2_11, [000002E35AB1B800][000002E359F78E80 49] iPadPro3_129, [000002E35AB2AC00][000002E359F7CFC0 49] iPadPro4_129, [000002E35AB1AC00][000002E359F85140 49] AppleTV, [000002E35AB2A300][000002E359F892C0 49] AppleTV4K, [000002E35AB19300][000002E359F8D440 49] TVOS, [000002E35AB2A700][000002E359F915C0 49] Mac, [000002E35AB18100][000002E359F95740 49] MacClient, [000002E35AB2B000][000002E354C438C0 49] MacNoEditor, [000002E35AB1B300][000002E354C47A40 49] MacServer, [000002E35AB2A600][000002E354C4BBC0 49] Linux, [000002E35AB18300][000002E354C4E1C0 49] LinuxAArch64, [000002E35AB29200][000002E354C52340 49] LinuxNoEditor, [000002E35AB1A700][000002E354C564C0 49] LinuxAArch64NoEditor, [000002E35AB2BE00][000002E354C5A640 49] LinuxClient, [000002E35AB1A500][000002E354C5E7C0 49] LinuxAArch64Client, [000002E35AB2AB00][000002E354C62940 49] LinuxServer, [000002E35AB1B400][000002E354C66AC0 49] LinuxAArch64Server, [000002E35AB28700][000002E354C6AC40 49] Android, [000002E35AB71E00][000002E359F80D80 49] Android_Low, [000002E35ABF0100][000002E354C6EEC0 49] Android_Mid, [000002E35AB72F00][000002E354C73000 49] Android_High, [000002E35ABF0700][000002E354C77140 49] Android_Default, [000002E35AB72000][000002E354C7F2C0 49] Android_Adreno4xx, [000002E35ABF1C00][000002E359F99440 49] Android_Adreno5xx_Low, [000002E35AB72900][000002E359F9D5C0 49] Android_Adreno5xx, [000002E35ABF2300][000002E359FA1740 49] Android_Adreno6xx, [000002E35AB70600][000002E359FA58C0 49] Android_Adreno6xx_Vulkan, [000002E35ABF1000][000002E359FA9A40 49] Android_Mali_T6xx, [000002E35AB73800][000002E359FADBC0 49] Android_Mali_T7xx, [000002E35ABF1400][000002E359FB01C0 49] Android_Mali_T8xx, [000002E35AB73B00][000002E359FB4340 49] Android_Mali_G71, [000002E35ABF0F00][000002E359FB84C0 49] Android_Mali_G72, [000002E35AB71700][000002E359FBC640 49] Android_Mali_G72_Vulkan, [000002E35ABF1800][000002E359FC07C0 49] Android_Mali_G76, [000002E35AB70900][000002E359FC4940 49] Android_Mali_G76_Vulkan, [000002E35ABF2700][000002E359FC8AC0 49] Android_Mali_G77, [000002E35AB72500][000002E359FCCC40 49] Android_Mali_G77_Vulkan, [000002E35ABF2D00][000002E359FD0DC0 49] Android_Mali_G78, [000002E35AB71000][000002E359FD4F40 49] Android_Mali_G78_Vulkan, [000002E35ABF1300][000002E354C7B080 49] Android_Mali_G710, [000002E35AB73F00][000002E359FD91C0 49] Android_Mali_G710_Vulkan, [000002E35ABF1F00][000002E359FDD300 49] Android_Vulkan_SM5, [000002E35AB70F00][000002E359FE5480 49] Android_PowerVR_G6xxx, [000002E35ABF2C00][000002E359FE9600 49] Android_PowerVR_GT7xxx, [000002E35AB72B00][000002E359FED780 49] Android_PowerVR_GE8xxx, [000002E35ABF2B00][000002E359FF1900 49] Android_PowerVR_GM9xxx, [000002E35AB28A00][000002E359FF5A80 49] Android_PowerVR_GM9xxx_Vulkan, [000002E35ABF0D00][000002E359FF9C00 49] Android_TegraK1, [000002E35AB2B800][000002E359FFC200 49] Android_Unknown_Vulkan, [000002E35ABF0400][000002E35A000380 49] Lumin, [000002E35AB2A500][000002E35A004500 49] Lumin_Desktop, [000002E35ABF0A00][000002E35A008680 49] HoloLens, 
[2024.06.08-13.50.52:581][  0]LogMeshReduction: Using QuadricMeshReduction for automatic static mesh reduction
[2024.06.08-13.50.52:581][  0]LogMeshReduction: Using SimplygonMeshReduction for automatic skeletal mesh reduction
[2024.06.08-13.50.52:583][  0]LogMeshReduction: Using ProxyLODMeshReduction for automatic mesh merging
[2024.06.08-13.50.52:583][  0]LogMeshReduction: No distributed automatic mesh merging module available
[2024.06.08-13.50.52:583][  0]LogMeshMerging: No distributed automatic mesh merging module available
[2024.06.08-13.50.52:597][  0]LogNetVersion: TheGame 1.0.0, NetCL: 17155196, EngineNetVer: 17, GameNetVer: 0 (Checksum: 785439437)
[2024.06.08-13.50.53:014][  0]LogTexture: Default maximum texture size for cubemaps generated from long-lat sources has been changed from 512 to unlimited. In order to preserve old behaiour for '/Engine/MapTemplates/Sky/DaylightAmbientCubemap.DaylightAmbientCubemap', its maximum texture size has been explicitly set to 512.
[2024.06.08-13.50.53:082][  0]LogHMD: PokeAHoleMaterial loaded successfully
[2024.06.08-13.50.53:093][  0]LogUObjectArray: 17178 objects as part of root set at end of initial load.
[2024.06.08-13.50.53:093][  0]LogUObjectAllocator: 4302048 out of 0 bytes used by permanent object pool.
[2024.06.08-13.50.53:093][  0]LogUObjectArray: CloseDisregardForGC: 0/0 objects in disregard for GC pool
[2024.06.08-13.50.53:298][  0]LogNiagaraDebuggerClient: Niagara Debugger Client Initialized | Session: A2146B754D10D5FE66162E827F07900B | Instance: AB0EE3DC4961163336A3D3BF3C97C763 (REALMI_KIRILL-14864).
[2024.06.08-13.50.53:473][  0]LogPython: Using Python 3.7.7
[2024.06.08-13.50.54:204][  0]LogUdpMessaging: Initializing bridge on interface 0.0.0.0:0 to multicast group 230.0.0.1:6666.
[2024.06.08-13.50.54:208][  0]LogTcpMessaging: Initializing TcpMessaging bridge
[2024.06.08-13.50.54:371][  0]SourceControl: Source control is disabled
[2024.06.08-13.50.54:371][  0]SourceControl: Source control is disabled
[2024.06.08-13.50.54:379][  0]SourceControl: Source control is disabled
[2024.06.08-13.50.54:408][  0]SourceControl: Source control is disabled
[2024.06.08-13.50.54:442][  0]SourceControl: Source control is disabled
[2024.06.08-13.50.54:582][  0]LogUProjectInfo: Found projects:
[2024.06.08-13.50.54:619][  0]LogOpenImageDenoise: OIDN starting up
[2024.06.08-13.50.54:703][  0]LogAudioCaptureCore: Display: No Audio Capture implementations found. Audio input will be silent.
[2024.06.08-13.50.54:703][  0]LogAudioCaptureCore: Display: No Audio Capture implementations found. Audio input will be silent.
[2024.06.08-13.50.54:834][  0]LogAndroidPermission: UAndroidPermissionCallbackProxy::GetInstance
[2024.06.08-13.50.54:844][  0]LogCollectionManager: Loaded 0 collections in 0.000674 seconds
[2024.06.08-13.50.54:872][  0]LogFileCache: Scanning file cache for directory 'D:/1game/game/UE/TheGame/Saved/Collections/' took 0.00s
[2024.06.08-13.50.54:872][  0]LogFileCache: Scanning file cache for directory 'D:/1game/game/UE/TheGame/Content/Developers/kiril/Collections/' took 0.00s
[2024.06.08-13.50.54:872][  0]LogFileCache: Scanning file cache for directory 'D:/1game/game/UE/TheGame/Content/Collections/' took 0.00s
[2024.06.08-13.50.54:872][  0]LogOcInput: OculusInput pre-init called
[2024.06.08-13.50.55:165][  0]LogEngine: Initializing Engine...
[2024.06.08-13.50.55:169][  0]LogHMD: Failed to enumerate extensions. Please check that you have a valid OpenXR runtime installed.
[2024.06.08-13.50.55:170][  0]LogHMD: Failed to initialize OpenVR with code 110
[2024.06.08-13.50.55:170][  0]LogMagicLeap: Warning: VR disabled because ZI is not enabled.  To enable, in the editor, Edit -> Project Settings -> Plugins -> Magic Leap Plugin -> Enable Zero Iteration
[2024.06.08-13.50.55:171][  0]LogStats: UGameplayTagsManager::InitializeManager -  0.000 s
[2024.06.08-13.50.55:350][  0]LogInit: Initializing FReadOnlyCVARCache
[2024.06.08-13.50.55:361][  0]LogAIModule: Creating AISystem for world Untitled
[2024.06.08-13.50.55:362][  0]LogAudio: Display: Initializing Audio Device Manager...
[2024.06.08-13.50.55:367][  0]LogAudio: Display: Loading Default Audio Settings Objects...
[2024.06.08-13.50.55:368][  0]LogAudio: Display: No default SoundConcurrencyObject specified (or failed to load).
[2024.06.08-13.50.55:369][  0]LogAudio: Display: Audio Device Manager Initialized
[2024.06.08-13.50.55:369][  0]LogAudio: Display: Creating Audio Device:                 Id: 1, Scope: Shared, Realtime: True
[2024.06.08-13.50.55:369][  0]LogAudioMixer: Display: Audio Mixer Platform Settings:
[2024.06.08-13.50.55:369][  0]LogAudioMixer: Display: 	Sample Rate:						  48000
[2024.06.08-13.50.55:369][  0]LogAudioMixer: Display: 	Callback Buffer Frame Size Requested: 1024
[2024.06.08-13.50.55:369][  0]LogAudioMixer: Display: 	Callback Buffer Frame Size To Use:	  1024
[2024.06.08-13.50.55:369][  0]LogAudioMixer: Display: 	Number of buffers to queue:			  2
[2024.06.08-13.50.55:369][  0]LogAudioMixer: Display: 	Max Channels (voices):				  32
[2024.06.08-13.50.55:369][  0]LogAudioMixer: Display: 	Number of Async Source Workers:		  0
[2024.06.08-13.50.55:369][  0]LogAudio: Display: AudioDevice MaxSources: 32
[2024.06.08-13.50.55:369][  0]LogAudio: Display: Audio Spatialization Plugin: None (built-in).
[2024.06.08-13.50.55:370][  0]LogAudio: Display: Audio Reverb Plugin: None (built-in).
[2024.06.08-13.50.55:370][  0]LogAudio: Display: Audio Occlusion Plugin: None (built-in).
[2024.06.08-13.50.55:370][  0]LogAudioMixer: Display: Initializing audio mixer.
[2024.06.08-13.50.55:380][  0]LogAudioMixer: Display: 0: FrontLeft
[2024.06.08-13.50.55:380][  0]LogAudioMixer: Display: 1: FrontRight
[2024.06.08-13.50.55:401][  0]LogAudioMixer: Display: Using Audio Device Наушники (Realtek(R) Audio)
[2024.06.08-13.50.55:405][  0]LogAudioMixer: Display: Initializing Sound Submixes...
[2024.06.08-13.50.55:406][  0]LogAudioMixer: Display: Creating Master Submix 'MasterSubmixDefault'
[2024.06.08-13.50.55:406][  0]LogAudioMixer: Display: Creating Master Submix 'MasterReverbSubmixDefault'
[2024.06.08-13.50.55:407][  0]LogAudioMixer: Display: Creating Master Submix 'MasterEQSubmixDefault'
[2024.06.08-13.50.55:407][  0]LogAudioMixer: FMixerPlatformXAudio2::StartAudioStream() called
[2024.06.08-13.50.55:407][  0]LogAudioMixer: Display: Output buffers initialized: Frames=1024, Channels=2, Samples=2048
[2024.06.08-13.50.55:409][  0]LogAudioMixer: Display: Starting AudioMixerPlatformInterface::RunInternal()
[2024.06.08-13.50.55:409][  0]LogAudioMixer: Display: FMixerPlatformXAudio2::SubmitBuffer() called for the first time
[2024.06.08-13.50.55:409][  0]LogInit: FAudioDevice initialized.
[2024.06.08-13.50.55:409][  0]LogAudio: Display: Audio Device (ID: 1) registered with world 'Untitled'.
[2024.06.08-13.50.55:409][  0]LogNetVersion: Set ProjectVersion to 1.0.0.0. Version Checksum will be recalculated on next use.
[2024.06.08-13.50.55:472][  0]LogDerivedDataCache: Saved boot cache 0.06s 94MB C:/Users/kiril/AppData/Local/UnrealEngine/4.27/DerivedDataCache/Boot.ddc.
[2024.06.08-13.50.55:472][  0]LogInit: Texture streaming: Enabled
[2024.06.08-13.50.55:490][  0]LogAnalytics: Display: [UEEditor.Rocket.Release] APIServer = https://datarouter.ol.epicgames.com/. AppVersion = 4.27.2-18319896+++UE4+Release-4.27
[2024.06.08-13.50.55:494][  0]LogEngineSessionManager: EngineSessionManager initialized
[2024.06.08-13.50.55:494][  0]LogEditorSessionSummary: Verbose: Initializing EditorSessionSummaryWriter for editor session tracking
[2024.06.08-13.50.55:495][  0]LogEditorSessionSummary: EditorSessionSummaryWriter initialized
[2024.06.08-13.50.55:524][  0]LogInit: Transaction tracking system initialized
[2024.06.08-13.50.55:550][  0]BlueprintLog: New page: Editor Load
